Using pre-set license
Built from '2020.2/release' branch; Version is '2020.2.2f1 (068178b99f32) revision 426360'; Using compiler version '192528614'; Build Type 'Release'
OS: 'Windows 10 Home Single Language; OS build 18363.1316; Version 1909; 64bit' Language: 'tr' Physical Memory: 16025 MB
BatchMode: 1, IsHumanControllingUs: 0, StartBugReporterOnCrash: 0, Is64bit: 1, IsPro: 0

 COMMAND LINE ARGUMENTS:
C:\Program Files\Unity\Hub\Editor\2020.2.2f1\Editor\Unity.exe
-adb2
-batchMode
-noUpm
-name
AssetImportWorker0
-projectPath
D:/masaüstü/unity/projes/New Unity Project
-logFile
Logs/AssetImportWorker0.log
-srvPort
55659
Successfully changed project path to: D:/masaüstü/unity/projes/New Unity Project
D:/masaüstü/unity/projes/New Unity Project
Using Asset Import Pipeline V2.
Refreshing native plugins compatible for Editor in 34.95 ms, found 0 plugins.
Preloading 0 native plugins for Editor in 0.00 ms.
Initialize engine version: 2020.2.2f1 (068178b99f32)
[Subsystems] Discovering subsystems at path C:/Program Files/Unity/Hub/Editor/2020.2.2f1/Editor/Data/Resources/UnitySubsystems
[Subsystems] Discovering subsystems at path D:/masaüstü/unity/projes/New Unity Project/Assets
GfxDevice: creating device client; threaded=0
Direct3D:
    Version:  Direct3D 11.0 [level 11.1]
    Renderer: NVIDIA GeForce GTX 1050 (ID=0x1c8d)
    Vendor:   
    VRAM:     4019 MB
    Driver:   25.21.14.1634
Initialize mono
Mono path[0] = 'C:/Program Files/Unity/Hub/Editor/2020.2.2f1/Editor/Data/Managed'
Mono path[1] = 'C:/Program Files/Unity/Hub/Editor/2020.2.2f1/Editor/Data/MonoBleedingEdge/lib/mono/unityjit'
Mono config path = 'C:/Program Files/Unity/Hub/Editor/2020.2.2f1/Editor/Data/MonoBleedingEdge/etc'
Using monoOptions --debugger-agent=transport=dt_socket,embedding=1,server=y,suspend=n,address=127.0.0.1:56896
Begin MonoManager ReloadAssembly
Registering precompiled unity dll's ...
Register platform support module: C:/Program Files/Unity/Hub/Editor/2020.2.2f1/Editor/Data/PlaybackEngines/WebGLSupport/UnityEditor.WebGL.Extensions.dll
Register platform support module: C:/Program Files/Unity/Hub/Editor/2020.2.2f1/Editor/Data/PlaybackEngines/MacStandaloneSupport/UnityEditor.OSXStandalone.Extensions.dll
Register platform support module: C:/Program Files/Unity/Hub/Editor/2020.2.2f1/Editor/Data/PlaybackEngines/WindowsStandaloneSupport/UnityEditor.WindowsStandalone.Extensions.dll
Register platform support module: C:/Program Files/Unity/Hub/Editor/2020.2.2f1/Editor/Data/PlaybackEngines/LinuxStandaloneSupport/UnityEditor.LinuxStandalone.Extensions.dll
Register platform support module: C:/Program Files/Unity/Hub/Editor/2020.2.2f1/Editor/Data/PlaybackEngines/LuminSupport/UnityEditor.Lumin.Extensions.dll
Registered in 0.290041 seconds.
Native extension for Lumin target not found
Native extension for LinuxStandalone target not found
Native extension for WindowsStandalone target not found
Native extension for OSXStandalone target not found
Native extension for WebGL target not found
Refreshing native plugins compatible for Editor in 24.13 ms, found 0 plugins.
Preloading 0 native plugins for Editor in 0.00 ms.
Invoked RoslynAnalysisRunner static constructor.
RoslynAnalysisRunner will not be running.
RoslynAnalysisRunner has terminated.
Mono: successfully reloaded assembly
- Completed reload, in  4.714 seconds
Platform modules already initialized, skipping
Registering precompiled user dll's ...
Registered in 0.045155 seconds.
Begin MonoManager ReloadAssembly
Native extension for Lumin target not found
Native extension for LinuxStandalone target not found
Native extension for WindowsStandalone target not found
Native extension for OSXStandalone target not found
Native extension for WebGL target not found
Refreshing native plugins compatible for Editor in 0.21 ms, found 0 plugins.
Preloading 0 native plugins for Editor in 0.00 ms.
Invoked RoslynAnalysisRunner static constructor.
RoslynAnalysisRunner will not be running.
RoslynAnalysisRunner has terminated.
Mono: successfully reloaded assembly
- Completed reload, in  1.701 seconds
Platform modules already initialized, skipping
========================================================================
Worker process is ready to serve import requests
Launched and connected shader compiler UnityShaderCompiler.exe after 0.08 seconds
Refreshing native plugins compatible for Editor in 0.20 ms, found 0 plugins.
Preloading 0 native plugins for Editor in 0.00 ms.
Unloading 1099 Unused Serialized files (Serialized files now loaded: 0)
System memory in use before: 56.5 MB.
System memory in use after: 56.5 MB.

Unloading 10 unused Assets to reduce memory usage. Loaded Objects now: 1540.
Total: 1.665800 ms (FindLiveObjects: 0.146300 ms CreateObjectMapping: 0.037500 ms MarkObjects: 1.399800 ms  DeleteObjects: 0.081200 ms)

========================================================================
Received Import Request.
  path: Packages/com.unity.ide.rider/Rider
  artifactKey: Guid(9129183a42052cd43b9c284d6dbd541e) Importer(815301076,1909f56bfc062723c751e8b465ee728b)
Start importing Packages/com.unity.ide.rider/Rider using Guid(9129183a42052cd43b9c284d6dbd541e) Importer(815301076,1909f56bfc062723c751e8b465ee728b)  -> (artifact id: '20332ca8e2d00a3e927ca5ed06b50eb7') in 0.008504 seconds
  Import took 0.010522 seconds .

========================================================================
Received Import Request.
  Time since last request: 0.000279 seconds.
  path: Packages/com.unity.ide.rider/Rider/Editor/com.unity.ide.rider.asmdef
  artifactKey: Guid(d528c8c98d269ca44a06cd9624a03945) Importer(815301076,1909f56bfc062723c751e8b465ee728b)
Start importing Packages/com.unity.ide.rider/Rider/Editor/com.unity.ide.rider.asmdef using Guid(d528c8c98d269ca44a06cd9624a03945) Importer(815301076,1909f56bfc062723c751e8b465ee728b)  -> (artifact id: 'fe7f165ddee7179da2c0f529120fa473') in 0.039189 seconds
  Import took 0.042155 seconds .

========================================================================
Received Import Request.
  Time since last request: 0.000189 seconds.
  path: Packages/com.unity.ide.rider/Rider/Editor/PostProcessors
  artifactKey: Guid(aa290bd9a165a0543a4bf85ac73914bc) Importer(815301076,1909f56bfc062723c751e8b465ee728b)
Start importing Packages/com.unity.ide.rider/Rider/Editor/PostProcessors using Guid(aa290bd9a165a0543a4bf85ac73914bc) Importer(815301076,1909f56bfc062723c751e8b465ee728b)  -> (artifact id: '1873c9ace7611b98c8b3c7bf69fc5a15') in 0.008410 seconds
  Import took 0.010759 seconds .

========================================================================
Received Import Request.
  Time since last request: 0.000198 seconds.
  path: Packages/com.unity.ide.rider/package.json
  artifactKey: Guid(66c95bb3c74257f41bae2622511dc02d) Importer(815301076,1909f56bfc062723c751e8b465ee728b)
Start importing Packages/com.unity.ide.rider/package.json using Guid(66c95bb3c74257f41bae2622511dc02d) Importer(815301076,1909f56bfc062723c751e8b465ee728b)  -> (artifact id: '78ca40f4615ab8d7a307f38dca958894') in 0.085101 seconds
  Import took 0.087569 seconds .

========================================================================
Received Import Request.
  Time since last request: 0.000201 seconds.
  path: Packages/com.unity.ide.rider/Rider/Editor
  artifactKey: Guid(1b393f6b29a9ee84c803af1ab4944b71) Importer(815301076,1909f56bfc062723c751e8b465ee728b)
Start importing Packages/com.unity.ide.rider/Rider/Editor using Guid(1b393f6b29a9ee84c803af1ab4944b71) Importer(815301076,1909f56bfc062723c751e8b465ee728b)  -> (artifact id: 'f4d94d668c6d4c05559e9ca97ff9944f') in 0.006919 seconds
  Import took 0.008961 seconds .

========================================================================
Received Import Request.
  Time since last request: 10.443710 seconds.
  path: Assets/Scenes/SampleScene.unity
  artifactKey: Guid(9fc0d4010bbf28b4594072e72b8655ab) Importer(815301076,1909f56bfc062723c751e8b465ee728b)
Start importing Assets/Scenes/SampleScene.unity using Guid(9fc0d4010bbf28b4594072e72b8655ab) Importer(815301076,1909f56bfc062723c751e8b465ee728b)  -> (artifact id: '9831e44e2a700a6e1119228b2d38e767') in 0.007611 seconds
  Import took 0.010253 seconds .

========================================================================
Received Import Request.
  Time since last request: 0.006563 seconds.
  path: Assets/Scenes/SampleScene.unity
  artifactKey: Guid(9fc0d4010bbf28b4594072e72b8655ab) Importer(815301076,1909f56bfc062723c751e8b465ee728b)
Start importing Assets/Scenes/SampleScene.unity using Guid(9fc0d4010bbf28b4594072e72b8655ab) Importer(815301076,1909f56bfc062723c751e8b465ee728b)  -> (artifact id: '9831e44e2a700a6e1119228b2d38e767') in 0.003351 seconds
  Import took 0.005943 seconds .

========================================================================
Received Prepare
Registering precompiled user dll's ...
Registered in 0.000586 seconds.
Begin MonoManager ReloadAssembly
Native extension for Lumin target not found
Native extension for LinuxStandalone target not found
Native extension for WindowsStandalone target not found
Native extension for OSXStandalone target not found
Native extension for WebGL target not found
Refreshing native plugins compatible for Editor in 0.22 ms, found 0 plugins.
Preloading 0 native plugins for Editor in 0.00 ms.
Invoked RoslynAnalysisRunner static constructor.
RoslynAnalysisRunner will not be running.
RoslynAnalysisRunner has terminated.
Mono: successfully reloaded assembly
- Completed reload, in  0.825 seconds
Platform modules already initialized, skipping
Refreshing native plugins compatible for Editor in 0.22 ms, found 0 plugins.
Preloading 0 native plugins for Editor in 0.00 ms.
Unloading 1099 Unused Serialized files (Serialized files now loaded: 0)
System memory in use before: 56.7 MB.
System memory in use after: 56.7 MB.

Unloading 5 unused Assets to reduce memory usage. Loaded Objects now: 1547.
Total: 1.532300 ms (FindLiveObjects: 0.137600 ms CreateObjectMapping: 0.036500 ms MarkObjects: 1.307200 ms  DeleteObjects: 0.050200 ms)

========================================================================
Received Import Request.
  Time since last request: 582.782385 seconds.
  path: Assets/LowPolyGround
  artifactKey: Guid(20cbfdcd9ecca704ea10d8c1e0f9e50d) Importer(815301076,1909f56bfc062723c751e8b465ee728b)
Start importing Assets/LowPolyGround using Guid(20cbfdcd9ecca704ea10d8c1e0f9e50d) Importer(815301076,1909f56bfc062723c751e8b465ee728b)  -> (artifact id: '41c96efa7ef43dd9c2175196b2c22e35') in 0.008609 seconds
  Import took 0.011388 seconds .

========================================================================
Received Import Request.
  Time since last request: 0.000405 seconds.
  path: Assets/LowPolyGround
  artifactKey: Guid(20cbfdcd9ecca704ea10d8c1e0f9e50d) Importer(815301076,1909f56bfc062723c751e8b465ee728b)
Start importing Assets/LowPolyGround using Guid(20cbfdcd9ecca704ea10d8c1e0f9e50d) Importer(815301076,1909f56bfc062723c751e8b465ee728b)  -> (artifact id: '41c96efa7ef43dd9c2175196b2c22e35') in 0.002932 seconds
  Import took 0.005915 seconds .

========================================================================
Received Import Request.
  Time since last request: 2.469442 seconds.
  path: Assets/LowPolyGround/Processing Profile.asset
  artifactKey: Guid(006600d7cce6fbd409e2bdfefc4db332) Importer(815301076,1909f56bfc062723c751e8b465ee728b)
Start importing Assets/LowPolyGround/Processing Profile.asset using Guid(006600d7cce6fbd409e2bdfefc4db332) Importer(815301076,1909f56bfc062723c751e8b465ee728b)  -> (artifact id: 'bc13ded709e16f0eb65a0b1c3454a39b') in 0.013097 seconds
  Import took 0.016104 seconds .

========================================================================
Received Import Request.
  Time since last request: 0.000230 seconds.
  path: Assets/LowPolyGround/Readme.asset
  artifactKey: Guid(df266b30e777bd5449f855d6724a9526) Importer(815301076,1909f56bfc062723c751e8b465ee728b)
Start importing Assets/LowPolyGround/Readme.asset using Guid(df266b30e777bd5449f855d6724a9526) Importer(815301076,1909f56bfc062723c751e8b465ee728b)  -> (artifact id: '4830f0dbff19b5baa335bfb6b83153e2') in 0.022427 seconds
  Import took 0.024677 seconds .

========================================================================
Received Import Request.
  Time since last request: 5.838621 seconds.
  path: Assets/LowPolyGround/Materials
  artifactKey: Guid(f13bb42717d2eb84c81f4384e27a83a4) Importer(815301076,1909f56bfc062723c751e8b465ee728b)
Start importing Assets/LowPolyGround/Materials using Guid(f13bb42717d2eb84c81f4384e27a83a4) Importer(815301076,1909f56bfc062723c751e8b465ee728b)  -> (artifact id: 'f5da1dd20b00a5218514591d34e612c1') in 0.008362 seconds
  Import took 0.010426 seconds .

========================================================================
Received Import Request.
  Time since last request: 0.168314 seconds.
  path: Assets/LowPolyGround/Materials/Mat 1.mat
  artifactKey: Guid(74df37be19bbabb4b8b874b0867290f9) Importer(815301076,1909f56bfc062723c751e8b465ee728b)
Start importing Assets/LowPolyGround/Materials/Mat 1.mat using Guid(74df37be19bbabb4b8b874b0867290f9) Importer(815301076,1909f56bfc062723c751e8b465ee728b)  -> (artifact id: '9d270d2801cff7d3eef701299b4161ac') in 0.363951 seconds
  Import took 0.365981 seconds .

========================================================================
Received Import Request.
  Time since last request: 0.000172 seconds.
  path: Assets/LowPolyGround/Materials/Mat.2.mat
  artifactKey: Guid(d9dc84e5aec6a3748b5783bc1145efac) Importer(815301076,1909f56bfc062723c751e8b465ee728b)
Start importing Assets/LowPolyGround/Materials/Mat.2.mat using Guid(d9dc84e5aec6a3748b5783bc1145efac) Importer(815301076,1909f56bfc062723c751e8b465ee728b)  -> (artifact id: '714ee7be89803420d11048f85de248b2') in 0.126828 seconds
  Import took 0.128747 seconds .

========================================================================
Received Import Request.
  Time since last request: 0.000172 seconds.
  path: Assets/LowPolyGround/Materials/Mat.5.mat
  artifactKey: Guid(9009d0e49a4cc1348a9031c8eb03db76) Importer(815301076,1909f56bfc062723c751e8b465ee728b)
Start importing Assets/LowPolyGround/Materials/Mat.5.mat using Guid(9009d0e49a4cc1348a9031c8eb03db76) Importer(815301076,1909f56bfc062723c751e8b465ee728b)  -> (artifact id: '5629c4a2b9fa5b23777bafce3d93d2a9') in 0.016793 seconds
  Import took 0.018702 seconds .

========================================================================
Received Import Request.
  Time since last request: 0.000203 seconds.
  path: Assets/LowPolyGround/Materials/Mat.4.mat
  artifactKey: Guid(9a782005beb55de479ec8056ec181518) Importer(815301076,1909f56bfc062723c751e8b465ee728b)
Start importing Assets/LowPolyGround/Materials/Mat.4.mat using Guid(9a782005beb55de479ec8056ec181518) Importer(815301076,1909f56bfc062723c751e8b465ee728b)  -> (artifact id: '636c7ba9aa488b58522e9513b4693aa4') in 0.023325 seconds
  Import took 0.025891 seconds .

========================================================================
Received Import Request.
  Time since last request: 0.000416 seconds.
  path: Assets/LowPolyGround/Materials/Mat.7.mat
  artifactKey: Guid(d229313dff16f7042b4ee6c3eec6940e) Importer(815301076,1909f56bfc062723c751e8b465ee728b)
Start importing Assets/LowPolyGround/Materials/Mat.7.mat using Guid(d229313dff16f7042b4ee6c3eec6940e) Importer(815301076,1909f56bfc062723c751e8b465ee728b)  -> (artifact id: '4cd36a3855a434120f47530f4a6a534a') in 0.026650 seconds
  Import took 0.029063 seconds .

========================================================================
Received Import Request.
  Time since last request: 0.000216 seconds.
  path: Assets/LowPolyGround/Materials/Mat.8.mat
  artifactKey: Guid(64a3a537b8526be4b952f713c8965ab8) Importer(815301076,1909f56bfc062723c751e8b465ee728b)
Start importing Assets/LowPolyGround/Materials/Mat.8.mat using Guid(64a3a537b8526be4b952f713c8965ab8) Importer(815301076,1909f56bfc062723c751e8b465ee728b)  -> (artifact id: '24a2da2db6479d86904242794ed0da7d') in 0.020684 seconds
  Import took 0.022847 seconds .

========================================================================
Received Import Request.
  Time since last request: 0.000202 seconds.
  path: Assets/LowPolyGround/Materials/Mat.3.mat
  artifactKey: Guid(29032a46543f1e74aa0d84e8897d7f3c) Importer(815301076,1909f56bfc062723c751e8b465ee728b)
Start importing Assets/LowPolyGround/Materials/Mat.3.mat using Guid(29032a46543f1e74aa0d84e8897d7f3c) Importer(815301076,1909f56bfc062723c751e8b465ee728b)  -> (artifact id: '96e8d95ceeaf44e73b6bba36861290fa') in 0.022656 seconds
  Import took 0.025297 seconds .

========================================================================
Received Import Request.
  Time since last request: 0.000224 seconds.
  path: Assets/LowPolyGround/Materials/MatRed.mat
  artifactKey: Guid(fa39ccdbc0b7e8f489682cfaa00d6d7b) Importer(815301076,1909f56bfc062723c751e8b465ee728b)
Start importing Assets/LowPolyGround/Materials/MatRed.mat using Guid(fa39ccdbc0b7e8f489682cfaa00d6d7b) Importer(815301076,1909f56bfc062723c751e8b465ee728b)  -> (artifact id: '2b3f263daba539cdc7ffb5584584ae84') in 0.021131 seconds
  Import took 0.023366 seconds .

========================================================================
Received Import Request.
  Time since last request: 0.000226 seconds.
  path: Assets/LowPolyGround/Materials/Mat 2.mat
  artifactKey: Guid(fb7e94576da8ba142984a4e31c84841e) Importer(815301076,1909f56bfc062723c751e8b465ee728b)
Start importing Assets/LowPolyGround/Materials/Mat 2.mat using Guid(fb7e94576da8ba142984a4e31c84841e) Importer(815301076,1909f56bfc062723c751e8b465ee728b)  -> (artifact id: '0d719622e1cf508f4e1fec3404fbc9e2') in 0.025231 seconds
  Import took 0.027960 seconds .

========================================================================
Received Import Request.
  Time since last request: 0.000323 seconds.
  path: Assets/LowPolyGround/Materials/Mat.1.mat
  artifactKey: Guid(b8797072a2afe924188adc3c2f424d98) Importer(815301076,1909f56bfc062723c751e8b465ee728b)
Start importing Assets/LowPolyGround/Materials/Mat.1.mat using Guid(b8797072a2afe924188adc3c2f424d98) Importer(815301076,1909f56bfc062723c751e8b465ee728b)  -> (artifact id: '17e47d6293f4417154df59f45f07eb63') in 0.025073 seconds
  Import took 0.027308 seconds .

========================================================================
Received Import Request.
  Time since last request: 0.000202 seconds.
  path: Assets/LowPolyGround/Materials/MatBrown.mat
  artifactKey: Guid(e9f271991d18f7f4ca3428592f9669c6) Importer(815301076,1909f56bfc062723c751e8b465ee728b)
Start importing Assets/LowPolyGround/Materials/MatBrown.mat using Guid(e9f271991d18f7f4ca3428592f9669c6) Importer(815301076,1909f56bfc062723c751e8b465ee728b)  -> (artifact id: 'f9586cbefbee50bd24d1ab6fa6bbc588') in 0.022269 seconds
  Import took 0.025011 seconds .

========================================================================
Received Import Request.
  Time since last request: 0.000275 seconds.
  path: Assets/LowPolyGround/Materials/Mat.6.mat
  artifactKey: Guid(80c3dd68b45f29c4bad721decb30770c) Importer(815301076,1909f56bfc062723c751e8b465ee728b)
Start importing Assets/LowPolyGround/Materials/Mat.6.mat using Guid(80c3dd68b45f29c4bad721decb30770c) Importer(815301076,1909f56bfc062723c751e8b465ee728b)  -> (artifact id: 'e16d42f71036f40dc861c3d4f1252cdd') in 0.022269 seconds
  Import took 0.024472 seconds .

========================================================================
Received Import Request.
  Time since last request: 0.000224 seconds.
  path: Assets/LowPolyGround/Materials/Mat 3.mat
  artifactKey: Guid(d2b5f71c53d9db24bbe54dfbf6a412a6) Importer(815301076,1909f56bfc062723c751e8b465ee728b)
Start importing Assets/LowPolyGround/Materials/Mat 3.mat using Guid(d2b5f71c53d9db24bbe54dfbf6a412a6) Importer(815301076,1909f56bfc062723c751e8b465ee728b)  -> (artifact id: '8b3a807b9ba0cf914ea9b70408c63fee') in 0.021346 seconds
  Import took 0.025008 seconds .

========================================================================
Received Import Request.
  Time since last request: 0.000224 seconds.
  path: Assets/LowPolyGround/Materials/Mat.mat
  artifactKey: Guid(45b5b1bdf66aba34289ec73cfce3b120) Importer(815301076,1909f56bfc062723c751e8b465ee728b)
Start importing Assets/LowPolyGround/Materials/Mat.mat using Guid(45b5b1bdf66aba34289ec73cfce3b120) Importer(815301076,1909f56bfc062723c751e8b465ee728b)  -> (artifact id: '3a908627cb79c3800a82eb8157022343') in 0.022954 seconds
  Import took 0.025645 seconds .

========================================================================
Received Import Request.
  Time since last request: 10.026633 seconds.
  path: Assets/LowPolyGround/Mesh
  artifactKey: Guid(5857d40801a1e9f4f8e8b4c65bfbada7) Importer(815301076,1909f56bfc062723c751e8b465ee728b)
Start importing Assets/LowPolyGround/Mesh using Guid(5857d40801a1e9f4f8e8b4c65bfbada7) Importer(815301076,1909f56bfc062723c751e8b465ee728b)  -> (artifact id: '040f1e7d62b07a47702c964418872381') in 0.007220 seconds
  Import took 0.009360 seconds .

========================================================================
Received Import Request.
  Time since last request: 0.158216 seconds.
  path: Assets/LowPolyGround/Mesh/MeshLowPolyGround.fbx
  artifactKey: Guid(62a1903fd3708d7499742985e02168a7) Importer(815301076,1909f56bfc062723c751e8b465ee728b)
Start importing Assets/LowPolyGround/Mesh/MeshLowPolyGround.fbx using Guid(62a1903fd3708d7499742985e02168a7) Importer(815301076,1909f56bfc062723c751e8b465ee728b)  -> (artifact id: 'a108837e62f22261d9b8f1ba301e5319') in 0.200793 seconds
  Import took 0.203223 seconds .

========================================================================
Received Import Request.
  Time since last request: 0.000172 seconds.
  path: Assets/LowPolyGround/Mesh/Sky.fbx
  artifactKey: Guid(1f629797ecea8a549ae9278fa531e264) Importer(815301076,1909f56bfc062723c751e8b465ee728b)
Start importing Assets/LowPolyGround/Mesh/Sky.fbx using Guid(1f629797ecea8a549ae9278fa531e264) Importer(815301076,1909f56bfc062723c751e8b465ee728b)  -> (artifact id: '0a0a33e0647debcf8a125124ca1d40dc') in 0.041210 seconds
  Import took 0.043143 seconds .

========================================================================
Received Import Request.
  Time since last request: 1.507787 seconds.
  path: Assets/LowPolyGround/Mesh/Materials
  artifactKey: Guid(ecbfc3dc65d52c843ae5124c23c40ae4) Importer(815301076,1909f56bfc062723c751e8b465ee728b)
Start importing Assets/LowPolyGround/Mesh/Materials using Guid(ecbfc3dc65d52c843ae5124c23c40ae4) Importer(815301076,1909f56bfc062723c751e8b465ee728b)  -> (artifact id: '8cb74856becf6423a98c545f0323e6f3') in 0.002952 seconds
  Import took 0.005901 seconds .

========================================================================
Received Import Request.
  Time since last request: 0.236514 seconds.
  path: Assets/LowPolyGround/Mesh/Materials/No Name.mat
  artifactKey: Guid(b9b4b83b675087643a6b31506cd1e6b7) Importer(815301076,1909f56bfc062723c751e8b465ee728b)
Start importing Assets/LowPolyGround/Mesh/Materials/No Name.mat using Guid(b9b4b83b675087643a6b31506cd1e6b7) Importer(815301076,1909f56bfc062723c751e8b465ee728b)  -> (artifact id: '6da0aba888c97ce95593717974be198a') in 0.019580 seconds
  Import took 0.022043 seconds .

========================================================================
Received Import Request.
  Time since last request: 0.000187 seconds.
  path: Assets/LowPolyGround/Mesh/Materials/Sky.mat
  artifactKey: Guid(45dd6132fa54c294181559319bd14e49) Importer(815301076,1909f56bfc062723c751e8b465ee728b)
Start importing Assets/LowPolyGround/Mesh/Materials/Sky.mat using Guid(45dd6132fa54c294181559319bd14e49) Importer(815301076,1909f56bfc062723c751e8b465ee728b)  -> (artifact id: 'aad6d8293f5db1d4d8183fe1bb41a13c') in 0.007076 seconds
  Import took 0.008994 seconds .

========================================================================
Received Import Request.
  Time since last request: 9296.732235 seconds.
  path: Assets
  artifactKey: Guid(00000000000000001000000000000000) Importer(815301076,1909f56bfc062723c751e8b465ee728b)
Start importing Assets using Guid(00000000000000001000000000000000) Importer(815301076,1909f56bfc062723c751e8b465ee728b)  -> (artifact id: '4a6e520b92ccfc61bcfa21a7bcab8468') in 0.010112 seconds
  Import took 0.016488 seconds .

========================================================================
Received Import Request.
  Time since last request: 7.825935 seconds.
  path: Assets/material
  artifactKey: Guid(3d3d5275afbd2b84a9d9f920d9374512) Importer(815301076,1909f56bfc062723c751e8b465ee728b)
Start importing Assets/material using Guid(3d3d5275afbd2b84a9d9f920d9374512) Importer(815301076,1909f56bfc062723c751e8b465ee728b)  -> (artifact id: '4007f66cf724c4a03b8e70f3d89141b7') in 0.008091 seconds
  Import took 0.010253 seconds .

========================================================================
Received Import Request.
  Time since last request: 43.569972 seconds.
  path: Assets/material/New Material.mat
  artifactKey: Guid(cd3c23c97d85cfe44ad0c2a6ea97d2bd) Importer(815301076,1909f56bfc062723c751e8b465ee728b)
Start importing Assets/material/New Material.mat using Guid(cd3c23c97d85cfe44ad0c2a6ea97d2bd) Importer(815301076,1909f56bfc062723c751e8b465ee728b)  -> (artifact id: '7bd0c429383c20a4c6b5dc843eb1e65b') in 0.050253 seconds
  Import took 0.052569 seconds .

========================================================================
Received Prepare
Registering precompiled user dll's ...
Registered in 0.000575 seconds.
Begin MonoManager ReloadAssembly
Native extension for Lumin target not found
Native extension for LinuxStandalone target not found
Native extension for WindowsStandalone target not found
Native extension for OSXStandalone target not found
Native extension for WebGL target not found
Refreshing native plugins compatible for Editor in 0.23 ms, found 0 plugins.
Preloading 0 native plugins for Editor in 0.00 ms.
Invoked RoslynAnalysisRunner static constructor.
RoslynAnalysisRunner will not be running.
RoslynAnalysisRunner has terminated.
Mono: successfully reloaded assembly
- Completed reload, in  0.924 seconds
Platform modules already initialized, skipping
Refreshing native plugins compatible for Editor in 0.22 ms, found 0 plugins.
Preloading 0 native plugins for Editor in 0.00 ms.
Unloading 1100 Unused Serialized files (Serialized files now loaded: 0)
System memory in use before: 60.4 MB.
System memory in use after: 60.5 MB.

Unloading 5 unused Assets to reduce memory usage. Loaded Objects now: 1593.
Total: 2.137700 ms (FindLiveObjects: 0.263400 ms CreateObjectMapping: 0.061900 ms MarkObjects: 1.754500 ms  DeleteObjects: 0.053900 ms)

========================================================================
Received Import Request.
  Time since last request: 127.590613 seconds.
  path: Assets/sepet_script.cs
  artifactKey: Guid(b4c1ed1b532ba0f4db3669e2c8550ff7) Importer(815301076,1909f56bfc062723c751e8b465ee728b)
Start importing Assets/sepet_script.cs using Guid(b4c1ed1b532ba0f4db3669e2c8550ff7) Importer(815301076,1909f56bfc062723c751e8b465ee728b)  -> (artifact id: '87e2e86dc4efd70a1a30f1e827c76578') in 0.019045 seconds
  Import took 0.022287 seconds .

========================================================================
Received Import Request.
  Time since last request: 0.000306 seconds.
  path: Assets/sepet_script.cs
  artifactKey: Guid(b4c1ed1b532ba0f4db3669e2c8550ff7) Importer(815301076,1909f56bfc062723c751e8b465ee728b)
Start importing Assets/sepet_script.cs using Guid(b4c1ed1b532ba0f4db3669e2c8550ff7) Importer(815301076,1909f56bfc062723c751e8b465ee728b)  -> (artifact id: '87e2e86dc4efd70a1a30f1e827c76578') in 0.004843 seconds
  Import took 0.007316 seconds .

========================================================================
Received Prepare
Registering precompiled user dll's ...
Registered in 0.000528 seconds.
Begin MonoManager ReloadAssembly
Native extension for Lumin target not found
Native extension for LinuxStandalone target not found
Native extension for WindowsStandalone target not found
Native extension for OSXStandalone target not found
Native extension for WebGL target not found
Refreshing native plugins compatible for Editor in 0.20 ms, found 0 plugins.
Preloading 0 native plugins for Editor in 0.00 ms.
Invoked RoslynAnalysisRunner static constructor.
RoslynAnalysisRunner will not be running.
RoslynAnalysisRunner has terminated.
Mono: successfully reloaded assembly
- Completed reload, in  0.817 seconds
Platform modules already initialized, skipping
Refreshing native plugins compatible for Editor in 0.20 ms, found 0 plugins.
Preloading 0 native plugins for Editor in 0.00 ms.
Unloading 1074 Unused Serialized files (Serialized files now loaded: 0)
System memory in use before: 60.0 MB.
System memory in use after: 60.1 MB.

Unloading 4 unused Assets to reduce memory usage. Loaded Objects now: 1595.
Total: 1.677600 ms (FindLiveObjects: 0.209100 ms CreateObjectMapping: 0.057600 ms MarkObjects: 1.360500 ms  DeleteObjects: 0.049100 ms)

========================================================================
Received Prepare
Registering precompiled user dll's ...
Registered in 0.000580 seconds.
Begin MonoManager ReloadAssembly
Native extension for Lumin target not found
Native extension for LinuxStandalone target not found
Native extension for WindowsStandalone target not found
Native extension for OSXStandalone target not found
Native extension for WebGL target not found
Refreshing native plugins compatible for Editor in 0.21 ms, found 0 plugins.
Preloading 0 native plugins for Editor in 0.00 ms.
Invoked RoslynAnalysisRunner static constructor.
RoslynAnalysisRunner will not be running.
RoslynAnalysisRunner has terminated.
Mono: successfully reloaded assembly
- Completed reload, in  0.865 seconds
Platform modules already initialized, skipping
Refreshing native plugins compatible for Editor in 0.22 ms, found 0 plugins.
Preloading 0 native plugins for Editor in 0.00 ms.
Unloading 1074 Unused Serialized files (Serialized files now loaded: 0)
System memory in use before: 60.2 MB.
System memory in use after: 60.3 MB.

Unloading 4 unused Assets to reduce memory usage. Loaded Objects now: 1597.
Total: 1.912800 ms (FindLiveObjects: 0.229100 ms CreateObjectMapping: 0.076500 ms MarkObjects: 1.548100 ms  DeleteObjects: 0.057700 ms)

========================================================================
Received Prepare
Registering precompiled user dll's ...
Registered in 0.000777 seconds.
Begin MonoManager ReloadAssembly
Native extension for Lumin target not found
Native extension for LinuxStandalone target not found
Native extension for WindowsStandalone target not found
Native extension for OSXStandalone target not found
Native extension for WebGL target not found
Refreshing native plugins compatible for Editor in 0.23 ms, found 0 plugins.
Preloading 0 native plugins for Editor in 0.00 ms.
Invoked RoslynAnalysisRunner static constructor.
RoslynAnalysisRunner will not be running.
RoslynAnalysisRunner has terminated.
Mono: successfully reloaded assembly
- Completed reload, in  0.805 seconds
Platform modules already initialized, skipping
Refreshing native plugins compatible for Editor in 0.20 ms, found 0 plugins.
Preloading 0 native plugins for Editor in 0.00 ms.
Unloading 1074 Unused Serialized files (Serialized files now loaded: 0)
System memory in use before: 60.3 MB.
System memory in use after: 60.4 MB.

Unloading 4 unused Assets to reduce memory usage. Loaded Objects now: 1599.
Total: 1.596700 ms (FindLiveObjects: 0.155500 ms CreateObjectMapping: 0.037800 ms MarkObjects: 1.355400 ms  DeleteObjects: 0.046900 ms)

========================================================================
Received Prepare
Registering precompiled user dll's ...
Registered in 0.001030 seconds.
Begin MonoManager ReloadAssembly
Native extension for Lumin target not found
Native extension for LinuxStandalone target not found
Native extension for WindowsStandalone target not found
Native extension for OSXStandalone target not found
Native extension for WebGL target not found
Refreshing native plugins compatible for Editor in 0.29 ms, found 0 plugins.
Preloading 0 native plugins for Editor in 0.00 ms.
Invoked RoslynAnalysisRunner static constructor.
RoslynAnalysisRunner will not be running.
RoslynAnalysisRunner has terminated.
Mono: successfully reloaded assembly
- Completed reload, in  1.308 seconds
Platform modules already initialized, skipping
Refreshing native plugins compatible for Editor in 0.22 ms, found 0 plugins.
Preloading 0 native plugins for Editor in 0.00 ms.
Unloading 1074 Unused Serialized files (Serialized files now loaded: 0)
System memory in use before: 60.4 MB.
System memory in use after: 60.5 MB.

Unloading 4 unused Assets to reduce memory usage. Loaded Objects now: 1601.
Total: 2.253000 ms (FindLiveObjects: 0.310800 ms CreateObjectMapping: 0.073100 ms MarkObjects: 1.793200 ms  DeleteObjects: 0.070900 ms)

========================================================================
Received Prepare
Registering precompiled user dll's ...
Registered in 0.000543 seconds.
Begin MonoManager ReloadAssembly
Native extension for Lumin target not found
Native extension for LinuxStandalone target not found
Native extension for WindowsStandalone target not found
Native extension for OSXStandalone target not found
Native extension for WebGL target not found
Refreshing native plugins compatible for Editor in 0.20 ms, found 0 plugins.
Preloading 0 native plugins for Editor in 0.00 ms.
Invoked RoslynAnalysisRunner static constructor.
RoslynAnalysisRunner will not be running.
RoslynAnalysisRunner has terminated.
Mono: successfully reloaded assembly
- Completed reload, in  0.885 seconds
Platform modules already initialized, skipping
Refreshing native plugins compatible for Editor in 0.19 ms, found 0 plugins.
Preloading 0 native plugins for Editor in 0.00 ms.
Unloading 1074 Unused Serialized files (Serialized files now loaded: 0)
System memory in use before: 60.5 MB.
System memory in use after: 60.6 MB.

Unloading 4 unused Assets to reduce memory usage. Loaded Objects now: 1603.
Total: 2.230500 ms (FindLiveObjects: 0.173100 ms CreateObjectMapping: 0.039900 ms MarkObjects: 1.953700 ms  DeleteObjects: 0.061500 ms)

========================================================================
Received Prepare
Registering precompiled user dll's ...
Registered in 0.000575 seconds.
Begin MonoManager ReloadAssembly
Native extension for Lumin target not found
Native extension for LinuxStandalone target not found
Native extension for WindowsStandalone target not found
Native extension for OSXStandalone target not found
Native extension for WebGL target not found
Refreshing native plugins compatible for Editor in 0.21 ms, found 0 plugins.
Preloading 0 native plugins for Editor in 0.00 ms.
Invoked RoslynAnalysisRunner static constructor.
RoslynAnalysisRunner will not be running.
RoslynAnalysisRunner has terminated.
Mono: successfully reloaded assembly
- Completed reload, in  0.864 seconds
Platform modules already initialized, skipping
Refreshing native plugins compatible for Editor in 0.20 ms, found 0 plugins.
Preloading 0 native plugins for Editor in 0.00 ms.
Unloading 1074 Unused Serialized files (Serialized files now loaded: 0)
System memory in use before: 60.6 MB.
System memory in use after: 60.7 MB.

Unloading 4 unused Assets to reduce memory usage. Loaded Objects now: 1605.
Total: 1.981700 ms (FindLiveObjects: 0.242600 ms CreateObjectMapping: 0.062900 ms MarkObjects: 1.614200 ms  DeleteObjects: 0.060600 ms)

========================================================================
Received Prepare
Registering precompiled user dll's ...
Registered in 0.000546 seconds.
Begin MonoManager ReloadAssembly
Native extension for Lumin target not found
Native extension for LinuxStandalone target not found
Native extension for WindowsStandalone target not found
Native extension for OSXStandalone target not found
Native extension for WebGL target not found
Refreshing native plugins compatible for Editor in 0.23 ms, found 0 plugins.
Preloading 0 native plugins for Editor in 0.00 ms.
Invoked RoslynAnalysisRunner static constructor.
RoslynAnalysisRunner will not be running.
RoslynAnalysisRunner has terminated.
Mono: successfully reloaded assembly
- Completed reload, in  0.908 seconds
Platform modules already initialized, skipping
Refreshing native plugins compatible for Editor in 0.20 ms, found 0 plugins.
Preloading 0 native plugins for Editor in 0.00 ms.
Unloading 1074 Unused Serialized files (Serialized files now loaded: 0)
System memory in use before: 60.7 MB.
System memory in use after: 60.8 MB.

Unloading 4 unused Assets to reduce memory usage. Loaded Objects now: 1607.
Total: 1.929100 ms (FindLiveObjects: 0.177100 ms CreateObjectMapping: 0.045600 ms MarkObjects: 1.635600 ms  DeleteObjects: 0.069200 ms)

========================================================================
Received Import Request.
  Time since last request: 2913.838157 seconds.
  path: ProjectSettings/TagManager.asset
  artifactKey: Guid(00000000000000003000000000000000) Importer(815301076,1909f56bfc062723c751e8b465ee728b)
Start importing ProjectSettings/TagManager.asset using Guid(00000000000000003000000000000000) Importer(815301076,1909f56bfc062723c751e8b465ee728b)  -> (artifact id: '1efec719c81060231ab49e0da4b313b9') in 0.019570 seconds
  Import took 0.023780 seconds .

========================================================================
Received Import Request.
  Time since last request: 0.001244 seconds.
  path: ProjectSettings/TagManager.asset
  artifactKey: Guid(00000000000000003000000000000000) Importer(815301076,1909f56bfc062723c751e8b465ee728b)
Start importing ProjectSettings/TagManager.asset using Guid(00000000000000003000000000000000) Importer(815301076,1909f56bfc062723c751e8b465ee728b)  -> (artifact id: '1efec719c81060231ab49e0da4b313b9') in 0.004804 seconds
  Import took 0.008876 seconds .

========================================================================
Received Prepare
Registering precompiled user dll's ...
Registered in 0.000572 seconds.
Begin MonoManager ReloadAssembly
Native extension for Lumin target not found
Native extension for LinuxStandalone target not found
Native extension for WindowsStandalone target not found
Native extension for OSXStandalone target not found
Native extension for WebGL target not found
Refreshing native plugins compatible for Editor in 0.20 ms, found 0 plugins.
Preloading 0 native plugins for Editor in 0.00 ms.
Invoked RoslynAnalysisRunner static constructor.
RoslynAnalysisRunner will not be running.
RoslynAnalysisRunner has terminated.
Mono: successfully reloaded assembly
- Completed reload, in  0.891 seconds
Platform modules already initialized, skipping
Refreshing native plugins compatible for Editor in 0.20 ms, found 0 plugins.
Preloading 0 native plugins for Editor in 0.00 ms.
Unloading 1074 Unused Serialized files (Serialized files now loaded: 0)
System memory in use before: 60.7 MB.
System memory in use after: 60.8 MB.

Unloading 6 unused Assets to reduce memory usage. Loaded Objects now: 1609.
Total: 1.543400 ms (FindLiveObjects: 0.143800 ms CreateObjectMapping: 0.036000 ms MarkObjects: 1.310500 ms  DeleteObjects: 0.052400 ms)

========================================================================
Received Prepare
Registering precompiled user dll's ...
Registered in 0.000696 seconds.
Begin MonoManager ReloadAssembly
Native extension for Lumin target not found
Native extension for LinuxStandalone target not found
Native extension for WindowsStandalone target not found
Native extension for OSXStandalone target not found
Native extension for WebGL target not found
Refreshing native plugins compatible for Editor in 0.31 ms, found 0 plugins.
Preloading 0 native plugins for Editor in 0.00 ms.
Invoked RoslynAnalysisRunner static constructor.
RoslynAnalysisRunner will not be running.
RoslynAnalysisRunner has terminated.
Mono: successfully reloaded assembly
- Completed reload, in  1.232 seconds
Platform modules already initialized, skipping
Refreshing native plugins compatible for Editor in 0.69 ms, found 0 plugins.
Preloading 0 native plugins for Editor in 0.00 ms.
Unloading 1074 Unused Serialized files (Serialized files now loaded: 0)
System memory in use before: 60.9 MB.
System memory in use after: 61.0 MB.

Unloading 4 unused Assets to reduce memory usage. Loaded Objects now: 1611.
Total: 3.414900 ms (FindLiveObjects: 1.062000 ms CreateObjectMapping: 0.180500 ms MarkObjects: 2.113300 ms  DeleteObjects: 0.056700 ms)

========================================================================
Received Import Request.
  Time since last request: 584.457584 seconds.
  path: Assets/sepet_script.cs
  artifactKey: Guid(b4c1ed1b532ba0f4db3669e2c8550ff7) Importer(815301076,1909f56bfc062723c751e8b465ee728b)
Start importing Assets/sepet_script.cs using Guid(b4c1ed1b532ba0f4db3669e2c8550ff7) Importer(815301076,1909f56bfc062723c751e8b465ee728b)  -> (artifact id: 'b67af696f74162e473885701cf24eb60') in 0.010956 seconds
  Import took 0.013948 seconds .

========================================================================
Received Import Request.
  Time since last request: 0.030500 seconds.
  path: Assets/sepet_script.cs
  artifactKey: Guid(b4c1ed1b532ba0f4db3669e2c8550ff7) Importer(815301076,1909f56bfc062723c751e8b465ee728b)
Start importing Assets/sepet_script.cs using Guid(b4c1ed1b532ba0f4db3669e2c8550ff7) Importer(815301076,1909f56bfc062723c751e8b465ee728b)  -> (artifact id: 'b67af696f74162e473885701cf24eb60') in 0.002908 seconds
  Import took 0.005231 seconds .

========================================================================
Received Prepare
Registering precompiled user dll's ...
Registered in 0.000519 seconds.
Begin MonoManager ReloadAssembly
Native extension for Lumin target not found
Native extension for LinuxStandalone target not found
Native extension for WindowsStandalone target not found
Native extension for OSXStandalone target not found
Native extension for WebGL target not found
Refreshing native plugins compatible for Editor in 0.21 ms, found 0 plugins.
Preloading 0 native plugins for Editor in 0.00 ms.
Invoked RoslynAnalysisRunner static constructor.
RoslynAnalysisRunner will not be running.
RoslynAnalysisRunner has terminated.
Mono: successfully reloaded assembly
- Completed reload, in  0.783 seconds
Platform modules already initialized, skipping
Refreshing native plugins compatible for Editor in 0.21 ms, found 0 plugins.
Preloading 0 native plugins for Editor in 0.00 ms.
Unloading 1074 Unused Serialized files (Serialized files now loaded: 0)
System memory in use before: 61.0 MB.
System memory in use after: 61.1 MB.

Unloading 4 unused Assets to reduce memory usage. Loaded Objects now: 1613.
Total: 2.117200 ms (FindLiveObjects: 0.295800 ms CreateObjectMapping: 0.074700 ms MarkObjects: 1.690500 ms  DeleteObjects: 0.053300 ms)

========================================================================
Received Prepare
Registering precompiled user dll's ...
Registered in 0.000732 seconds.
Begin MonoManager ReloadAssembly
Native extension for Lumin target not found
Native extension for LinuxStandalone target not found
Native extension for WindowsStandalone target not found
Native extension for OSXStandalone target not found
Native extension for WebGL target not found
Refreshing native plugins compatible for Editor in 0.20 ms, found 0 plugins.
Preloading 0 native plugins for Editor in 0.00 ms.
Invoked RoslynAnalysisRunner static constructor.
RoslynAnalysisRunner will not be running.
RoslynAnalysisRunner has terminated.
Mono: successfully reloaded assembly
- Completed reload, in  0.877 seconds
Platform modules already initialized, skipping
Refreshing native plugins compatible for Editor in 0.21 ms, found 0 plugins.
Preloading 0 native plugins for Editor in 0.00 ms.
Unloading 1074 Unused Serialized files (Serialized files now loaded: 0)
System memory in use before: 61.1 MB.
System memory in use after: 61.2 MB.

Unloading 4 unused Assets to reduce memory usage. Loaded Objects now: 1615.
Total: 1.552300 ms (FindLiveObjects: 0.160200 ms CreateObjectMapping: 0.042800 ms MarkObjects: 1.298200 ms  DeleteObjects: 0.050200 ms)

========================================================================
Received Prepare
Registering precompiled user dll's ...
Registered in 0.000574 seconds.
Begin MonoManager ReloadAssembly
Native extension for Lumin target not found
Native extension for LinuxStandalone target not found
Native extension for WindowsStandalone target not found
Native extension for OSXStandalone target not found
Native extension for WebGL target not found
Refreshing native plugins compatible for Editor in 0.24 ms, found 0 plugins.
Preloading 0 native plugins for Editor in 0.00 ms.
Invoked RoslynAnalysisRunner static constructor.
RoslynAnalysisRunner will not be running.
RoslynAnalysisRunner has terminated.
Mono: successfully reloaded assembly
- Completed reload, in  0.879 seconds
Platform modules already initialized, skipping
Refreshing native plugins compatible for Editor in 0.21 ms, found 0 plugins.
Preloading 0 native plugins for Editor in 0.00 ms.
Unloading 1074 Unused Serialized files (Serialized files now loaded: 0)
System memory in use before: 61.2 MB.
System memory in use after: 61.3 MB.

Unloading 4 unused Assets to reduce memory usage. Loaded Objects now: 1617.
Total: 2.157800 ms (FindLiveObjects: 0.178200 ms CreateObjectMapping: 0.038200 ms MarkObjects: 1.879700 ms  DeleteObjects: 0.060300 ms)

========================================================================
Received Prepare
Registering precompiled user dll's ...
Registered in 0.000552 seconds.
Begin MonoManager ReloadAssembly
Native extension for Lumin target not found
Native extension for LinuxStandalone target not found
Native extension for WindowsStandalone target not found
Native extension for OSXStandalone target not found
Native extension for WebGL target not found
Refreshing native plugins compatible for Editor in 0.20 ms, found 0 plugins.
Preloading 0 native plugins for Editor in 0.00 ms.
Invoked RoslynAnalysisRunner static constructor.
RoslynAnalysisRunner will not be running.
RoslynAnalysisRunner has terminated.
Mono: successfully reloaded assembly
- Completed reload, in  0.770 seconds
Platform modules already initialized, skipping
Refreshing native plugins compatible for Editor in 0.20 ms, found 0 plugins.
Preloading 0 native plugins for Editor in 0.00 ms.
Unloading 1074 Unused Serialized files (Serialized files now loaded: 0)
System memory in use before: 61.3 MB.
System memory in use after: 61.4 MB.

Unloading 4 unused Assets to reduce memory usage. Loaded Objects now: 1619.
Total: 1.771400 ms (FindLiveObjects: 0.199600 ms CreateObjectMapping: 0.056400 ms MarkObjects: 1.467900 ms  DeleteObjects: 0.046400 ms)

========================================================================
Received Prepare
Registering precompiled user dll's ...
Registered in 0.000770 seconds.
Begin MonoManager ReloadAssembly
Native extension for Lumin target not found
Native extension for LinuxStandalone target not found
Native extension for WindowsStandalone target not found
Native extension for OSXStandalone target not found
Native extension for WebGL target not found
Refreshing native plugins compatible for Editor in 0.39 ms, found 0 plugins.
Preloading 0 native plugins for Editor in 0.00 ms.
Invoked RoslynAnalysisRunner static constructor.
RoslynAnalysisRunner will not be running.
RoslynAnalysisRunner has terminated.
Mono: successfully reloaded assembly
- Completed reload, in  0.880 seconds
Platform modules already initialized, skipping
Refreshing native plugins compatible for Editor in 0.20 ms, found 0 plugins.
Preloading 0 native plugins for Editor in 0.00 ms.
Unloading 1074 Unused Serialized files (Serialized files now loaded: 0)
System memory in use before: 61.4 MB.
System memory in use after: 61.5 MB.

Unloading 4 unused Assets to reduce memory usage. Loaded Objects now: 1621.
Total: 1.669900 ms (FindLiveObjects: 0.163800 ms CreateObjectMapping: 0.043900 ms MarkObjects: 1.410500 ms  DeleteObjects: 0.050200 ms)

========================================================================
Received Prepare
Registering precompiled user dll's ...
Registered in 0.000553 seconds.
Begin MonoManager ReloadAssembly
Native extension for Lumin target not found
Native extension for LinuxStandalone target not found
Native extension for WindowsStandalone target not found
Native extension for OSXStandalone target not found
Native extension for WebGL target not found
Refreshing native plugins compatible for Editor in 0.21 ms, found 0 plugins.
Preloading 0 native plugins for Editor in 0.00 ms.
Invoked RoslynAnalysisRunner static constructor.
RoslynAnalysisRunner will not be running.
RoslynAnalysisRunner has terminated.
Mono: successfully reloaded assembly
- Completed reload, in  0.886 seconds
Platform modules already initialized, skipping
Refreshing native plugins compatible for Editor in 0.20 ms, found 0 plugins.
Preloading 0 native plugins for Editor in 0.00 ms.
Unloading 1074 Unused Serialized files (Serialized files now loaded: 0)
System memory in use before: 61.5 MB.
System memory in use after: 61.6 MB.

Unloading 4 unused Assets to reduce memory usage. Loaded Objects now: 1623.
Total: 1.669100 ms (FindLiveObjects: 0.172700 ms CreateObjectMapping: 0.040100 ms MarkObjects: 1.396900 ms  DeleteObjects: 0.057900 ms)

========================================================================
Received Prepare
Registering precompiled user dll's ...
Registered in 0.000606 seconds.
Begin MonoManager ReloadAssembly
Native extension for Lumin target not found
Native extension for LinuxStandalone target not found
Native extension for WindowsStandalone target not found
Native extension for OSXStandalone target not found
Native extension for WebGL target not found
Refreshing native plugins compatible for Editor in 0.20 ms, found 0 plugins.
Preloading 0 native plugins for Editor in 0.00 ms.
Invoked RoslynAnalysisRunner static constructor.
RoslynAnalysisRunner will not be running.
RoslynAnalysisRunner has terminated.
Mono: successfully reloaded assembly
- Completed reload, in  0.796 seconds
Platform modules already initialized, skipping
Refreshing native plugins compatible for Editor in 0.27 ms, found 0 plugins.
Preloading 0 native plugins for Editor in 0.00 ms.
Unloading 1074 Unused Serialized files (Serialized files now loaded: 0)
System memory in use before: 61.6 MB.
System memory in use after: 61.7 MB.

Unloading 4 unused Assets to reduce memory usage. Loaded Objects now: 1625.
Total: 3.185000 ms (FindLiveObjects: 0.450100 ms CreateObjectMapping: 0.123900 ms MarkObjects: 2.518400 ms  DeleteObjects: 0.090500 ms)

========================================================================
Received Prepare
Registering precompiled user dll's ...
Registered in 0.000950 seconds.
Begin MonoManager ReloadAssembly
Native extension for Lumin target not found
Native extension for LinuxStandalone target not found
Native extension for WindowsStandalone target not found
Native extension for OSXStandalone target not found
Native extension for WebGL target not found
Refreshing native plugins compatible for Editor in 0.20 ms, found 0 plugins.
Preloading 0 native plugins for Editor in 0.00 ms.
Invoked RoslynAnalysisRunner static constructor.
RoslynAnalysisRunner will not be running.
RoslynAnalysisRunner has terminated.
Mono: successfully reloaded assembly
- Completed reload, in  0.800 seconds
Platform modules already initialized, skipping
Refreshing native plugins compatible for Editor in 0.24 ms, found 0 plugins.
Preloading 0 native plugins for Editor in 0.00 ms.
Unloading 1074 Unused Serialized files (Serialized files now loaded: 0)
System memory in use before: 61.7 MB.
System memory in use after: 61.8 MB.

Unloading 4 unused Assets to reduce memory usage. Loaded Objects now: 1627.
Total: 1.711400 ms (FindLiveObjects: 0.151400 ms CreateObjectMapping: 0.039300 ms MarkObjects: 1.467500 ms  DeleteObjects: 0.051900 ms)

========================================================================
Received Prepare
Registering precompiled user dll's ...
Registered in 0.000532 seconds.
Begin MonoManager ReloadAssembly
Native extension for Lumin target not found
Native extension for LinuxStandalone target not found
Native extension for WindowsStandalone target not found
Native extension for OSXStandalone target not found
Native extension for WebGL target not found
Refreshing native plugins compatible for Editor in 0.21 ms, found 0 plugins.
Preloading 0 native plugins for Editor in 0.00 ms.
Invoked RoslynAnalysisRunner static constructor.
RoslynAnalysisRunner will not be running.
RoslynAnalysisRunner has terminated.
Mono: successfully reloaded assembly
- Completed reload, in  0.788 seconds
Platform modules already initialized, skipping
Refreshing native plugins compatible for Editor in 0.26 ms, found 0 plugins.
Preloading 0 native plugins for Editor in 0.00 ms.
Unloading 1074 Unused Serialized files (Serialized files now loaded: 0)
System memory in use before: 61.8 MB.
System memory in use after: 61.9 MB.

Unloading 4 unused Assets to reduce memory usage. Loaded Objects now: 1629.
Total: 1.675500 ms (FindLiveObjects: 0.152100 ms CreateObjectMapping: 0.038600 ms MarkObjects: 1.437900 ms  DeleteObjects: 0.045800 ms)

========================================================================
Received Prepare
Registering precompiled user dll's ...
Registered in 0.000553 seconds.
Begin MonoManager ReloadAssembly
Native extension for Lumin target not found
Native extension for LinuxStandalone target not found
Native extension for WindowsStandalone target not found
Native extension for OSXStandalone target not found
Native extension for WebGL target not found
Refreshing native plugins compatible for Editor in 0.21 ms, found 0 plugins.
Preloading 0 native plugins for Editor in 0.00 ms.
Invoked RoslynAnalysisRunner static constructor.
RoslynAnalysisRunner will not be running.
RoslynAnalysisRunner has terminated.
Mono: successfully reloaded assembly
- Completed reload, in  0.798 seconds
Platform modules already initialized, skipping
Refreshing native plugins compatible for Editor in 0.20 ms, found 0 plugins.
Preloading 0 native plugins for Editor in 0.00 ms.
Unloading 1074 Unused Serialized files (Serialized files now loaded: 0)
System memory in use before: 60.9 MB.
System memory in use after: 61.0 MB.

Unloading 4 unused Assets to reduce memory usage. Loaded Objects now: 1631.
Total: 1.659800 ms (FindLiveObjects: 0.166700 ms CreateObjectMapping: 0.045800 ms MarkObjects: 1.400900 ms  DeleteObjects: 0.045200 ms)

========================================================================
Received Prepare
Registering precompiled user dll's ...
Registered in 0.000764 seconds.
Begin MonoManager ReloadAssembly
Native extension for Lumin target not found
Native extension for LinuxStandalone target not found
Native extension for WindowsStandalone target not found
Native extension for OSXStandalone target not found
Native extension for WebGL target not found
Refreshing native plugins compatible for Editor in 0.20 ms, found 0 plugins.
Preloading 0 native plugins for Editor in 0.00 ms.
Invoked RoslynAnalysisRunner static constructor.
RoslynAnalysisRunner will not be running.
RoslynAnalysisRunner has terminated.
Mono: successfully reloaded assembly
- Completed reload, in  0.791 seconds
Platform modules already initialized, skipping
Refreshing native plugins compatible for Editor in 0.19 ms, found 0 plugins.
Preloading 0 native plugins for Editor in 0.00 ms.
Unloading 1074 Unused Serialized files (Serialized files now loaded: 0)
System memory in use before: 61.0 MB.
System memory in use after: 61.1 MB.

Unloading 4 unused Assets to reduce memory usage. Loaded Objects now: 1633.
Total: 1.548400 ms (FindLiveObjects: 0.146100 ms CreateObjectMapping: 0.037700 ms MarkObjects: 1.316600 ms  DeleteObjects: 0.047200 ms)

========================================================================
Received Prepare
Registering precompiled user dll's ...
Registered in 0.000673 seconds.
Begin MonoManager ReloadAssembly
Native extension for Lumin target not found
Native extension for LinuxStandalone target not found
Native extension for WindowsStandalone target not found
Native extension for OSXStandalone target not found
Native extension for WebGL target not found
Refreshing native plugins compatible for Editor in 0.21 ms, found 0 plugins.
Preloading 0 native plugins for Editor in 0.00 ms.
Invoked RoslynAnalysisRunner static constructor.
RoslynAnalysisRunner will not be running.
RoslynAnalysisRunner has terminated.
Mono: successfully reloaded assembly
- Completed reload, in  0.762 seconds
Platform modules already initialized, skipping
Refreshing native plugins compatible for Editor in 0.27 ms, found 0 plugins.
Preloading 0 native plugins for Editor in 0.00 ms.
Unloading 1074 Unused Serialized files (Serialized files now loaded: 0)
System memory in use before: 61.2 MB.
System memory in use after: 61.2 MB.

Unloading 4 unused Assets to reduce memory usage. Loaded Objects now: 1635.
Total: 2.193200 ms (FindLiveObjects: 0.428400 ms CreateObjectMapping: 0.049100 ms MarkObjects: 1.610500 ms  DeleteObjects: 0.103300 ms)

========================================================================
Received Prepare
Registering precompiled user dll's ...
Registered in 0.000549 seconds.
Begin MonoManager ReloadAssembly
Native extension for Lumin target not found
Native extension for LinuxStandalone target not found
Native extension for WindowsStandalone target not found
Native extension for OSXStandalone target not found
Native extension for WebGL target not found
Refreshing native plugins compatible for Editor in 0.20 ms, found 0 plugins.
Preloading 0 native plugins for Editor in 0.00 ms.
Invoked RoslynAnalysisRunner static constructor.
RoslynAnalysisRunner will not be running.
RoslynAnalysisRunner has terminated.
Mono: successfully reloaded assembly
- Completed reload, in  0.831 seconds
Platform modules already initialized, skipping
Refreshing native plugins compatible for Editor in 0.20 ms, found 0 plugins.
Preloading 0 native plugins for Editor in 0.00 ms.
Unloading 1074 Unused Serialized files (Serialized files now loaded: 0)
System memory in use before: 61.3 MB.
System memory in use after: 61.3 MB.

Unloading 4 unused Assets to reduce memory usage. Loaded Objects now: 1637.
Total: 1.645200 ms (FindLiveObjects: 0.147100 ms CreateObjectMapping: 0.038200 ms MarkObjects: 1.410200 ms  DeleteObjects: 0.048300 ms)

========================================================================
Received Prepare
Registering precompiled user dll's ...
Registered in 0.000749 seconds.
Begin MonoManager ReloadAssembly
Native extension for Lumin target not found
Native extension for LinuxStandalone target not found
Native extension for WindowsStandalone target not found
Native extension for OSXStandalone target not found
Native extension for WebGL target not found
Refreshing native plugins compatible for Editor in 0.20 ms, found 0 plugins.
Preloading 0 native plugins for Editor in 0.00 ms.
Invoked RoslynAnalysisRunner static constructor.
RoslynAnalysisRunner will not be running.
RoslynAnalysisRunner has terminated.
Mono: successfully reloaded assembly
- Completed reload, in  0.777 seconds
Platform modules already initialized, skipping
Refreshing native plugins compatible for Editor in 0.20 ms, found 0 plugins.
Preloading 0 native plugins for Editor in 0.00 ms.
Unloading 1074 Unused Serialized files (Serialized files now loaded: 0)
System memory in use before: 61.4 MB.
System memory in use after: 61.4 MB.

Unloading 4 unused Assets to reduce memory usage. Loaded Objects now: 1639.
Total: 1.641900 ms (FindLiveObjects: 0.172500 ms CreateObjectMapping: 0.047800 ms MarkObjects: 1.373600 ms  DeleteObjects: 0.046800 ms)

========================================================================
Received Prepare
Registering precompiled user dll's ...
Registered in 0.000564 seconds.
Begin MonoManager ReloadAssembly
Native extension for Lumin target not found
Native extension for LinuxStandalone target not found
Native extension for WindowsStandalone target not found
Native extension for OSXStandalone target not found
Native extension for WebGL target not found
Refreshing native plugins compatible for Editor in 0.20 ms, found 0 plugins.
Preloading 0 native plugins for Editor in 0.00 ms.
Invoked RoslynAnalysisRunner static constructor.
RoslynAnalysisRunner will not be running.
RoslynAnalysisRunner has terminated.
Mono: successfully reloaded assembly
- Completed reload, in  0.761 seconds
Platform modules already initialized, skipping
Refreshing native plugins compatible for Editor in 0.21 ms, found 0 plugins.
Preloading 0 native plugins for Editor in 0.00 ms.
Unloading 1074 Unused Serialized files (Serialized files now loaded: 0)
System memory in use before: 61.5 MB.
System memory in use after: 61.5 MB.

Unloading 4 unused Assets to reduce memory usage. Loaded Objects now: 1641.
Total: 1.662500 ms (FindLiveObjects: 0.163700 ms CreateObjectMapping: 0.046600 ms MarkObjects: 1.406900 ms  DeleteObjects: 0.044500 ms)

========================================================================
Received Prepare
Registering precompiled user dll's ...
Registered in 0.000533 seconds.
Begin MonoManager ReloadAssembly
Native extension for Lumin target not found
Native extension for LinuxStandalone target not found
Native extension for WindowsStandalone target not found
Native extension for OSXStandalone target not found
Native extension for WebGL target not found
Refreshing native plugins compatible for Editor in 0.20 ms, found 0 plugins.
Preloading 0 native plugins for Editor in 0.00 ms.
Invoked RoslynAnalysisRunner static constructor.
RoslynAnalysisRunner will not be running.
RoslynAnalysisRunner has terminated.
Mono: successfully reloaded assembly
- Completed reload, in  0.878 seconds
Platform modules already initialized, skipping
Refreshing native plugins compatible for Editor in 0.32 ms, found 0 plugins.
Preloading 0 native plugins for Editor in 0.00 ms.
Unloading 1074 Unused Serialized files (Serialized files now loaded: 0)
System memory in use before: 61.6 MB.
System memory in use after: 61.6 MB.

Unloading 4 unused Assets to reduce memory usage. Loaded Objects now: 1643.
Total: 1.647300 ms (FindLiveObjects: 0.147600 ms CreateObjectMapping: 0.038900 ms MarkObjects: 1.414400 ms  DeleteObjects: 0.045100 ms)

========================================================================
Received Prepare
Registering precompiled user dll's ...
Registered in 0.001521 seconds.
Begin MonoManager ReloadAssembly
Native extension for Lumin target not found
Native extension for LinuxStandalone target not found
Native extension for WindowsStandalone target not found
Native extension for OSXStandalone target not found
Native extension for WebGL target not found
Refreshing native plugins compatible for Editor in 0.21 ms, found 0 plugins.
Preloading 0 native plugins for Editor in 0.00 ms.
Invoked RoslynAnalysisRunner static constructor.
RoslynAnalysisRunner will not be running.
RoslynAnalysisRunner has terminated.
Mono: successfully reloaded assembly
- Completed reload, in  0.773 seconds
Platform modules already initialized, skipping
Refreshing native plugins compatible for Editor in 0.26 ms, found 0 plugins.
Preloading 0 native plugins for Editor in 0.00 ms.
Unloading 1074 Unused Serialized files (Serialized files now loaded: 0)
System memory in use before: 61.7 MB.
System memory in use after: 61.8 MB.

Unloading 4 unused Assets to reduce memory usage. Loaded Objects now: 1645.
Total: 1.673900 ms (FindLiveObjects: 0.152100 ms CreateObjectMapping: 0.037000 ms MarkObjects: 1.416700 ms  DeleteObjects: 0.066800 ms)

========================================================================
Received Prepare
Registering precompiled user dll's ...
Registered in 0.001661 seconds.
Begin MonoManager ReloadAssembly
Native extension for Lumin target not found
Native extension for LinuxStandalone target not found
Native extension for WindowsStandalone target not found
Native extension for OSXStandalone target not found
Native extension for WebGL target not found
Refreshing native plugins compatible for Editor in 0.20 ms, found 0 plugins.
Preloading 0 native plugins for Editor in 0.00 ms.
Invoked RoslynAnalysisRunner static constructor.
RoslynAnalysisRunner will not be running.
RoslynAnalysisRunner has terminated.
Mono: successfully reloaded assembly
- Completed reload, in  0.780 seconds
Platform modules already initialized, skipping
Refreshing native plugins compatible for Editor in 0.34 ms, found 0 plugins.
Preloading 0 native plugins for Editor in 0.00 ms.
Unloading 1074 Unused Serialized files (Serialized files now loaded: 0)
System memory in use before: 61.8 MB.
System memory in use after: 61.9 MB.

Unloading 4 unused Assets to reduce memory usage. Loaded Objects now: 1647.
Total: 2.130200 ms (FindLiveObjects: 0.345500 ms CreateObjectMapping: 0.065900 ms MarkObjects: 1.667200 ms  DeleteObjects: 0.049600 ms)

========================================================================
Received Prepare
Registering precompiled user dll's ...
Registered in 0.000574 seconds.
Begin MonoManager ReloadAssembly
Native extension for Lumin target not found
Native extension for LinuxStandalone target not found
Native extension for WindowsStandalone target not found
Native extension for OSXStandalone target not found
Native extension for WebGL target not found
Refreshing native plugins compatible for Editor in 0.21 ms, found 0 plugins.
Preloading 0 native plugins for Editor in 0.00 ms.
Invoked RoslynAnalysisRunner static constructor.
RoslynAnalysisRunner will not be running.
RoslynAnalysisRunner has terminated.
Mono: successfully reloaded assembly
- Completed reload, in  0.894 seconds
Platform modules already initialized, skipping
Refreshing native plugins compatible for Editor in 0.21 ms, found 0 plugins.
Preloading 0 native plugins for Editor in 0.00 ms.
Unloading 1074 Unused Serialized files (Serialized files now loaded: 0)
System memory in use before: 61.8 MB.
System memory in use after: 61.9 MB.

Unloading 4 unused Assets to reduce memory usage. Loaded Objects now: 1649.
Total: 1.691500 ms (FindLiveObjects: 0.153500 ms CreateObjectMapping: 0.040300 ms MarkObjects: 1.448700 ms  DeleteObjects: 0.047900 ms)

========================================================================
Received Prepare
Registering precompiled user dll's ...
Registered in 0.000524 seconds.
Begin MonoManager ReloadAssembly
Native extension for Lumin target not found
Native extension for LinuxStandalone target not found
Native extension for WindowsStandalone target not found
Native extension for OSXStandalone target not found
Native extension for WebGL target not found
Refreshing native plugins compatible for Editor in 0.23 ms, found 0 plugins.
Preloading 0 native plugins for Editor in 0.00 ms.
Invoked RoslynAnalysisRunner static constructor.
RoslynAnalysisRunner will not be running.
RoslynAnalysisRunner has terminated.
Mono: successfully reloaded assembly
- Completed reload, in  0.831 seconds
Platform modules already initialized, skipping
Refreshing native plugins compatible for Editor in 0.20 ms, found 0 plugins.
Preloading 0 native plugins for Editor in 0.00 ms.
Unloading 1074 Unused Serialized files (Serialized files now loaded: 0)
System memory in use before: 61.0 MB.
System memory in use after: 61.1 MB.

Unloading 4 unused Assets to reduce memory usage. Loaded Objects now: 1651.
Total: 2.676900 ms (FindLiveObjects: 0.333100 ms CreateObjectMapping: 0.086900 ms MarkObjects: 2.195700 ms  DeleteObjects: 0.058500 ms)

========================================================================
Received Prepare
Registering precompiled user dll's ...
Registered in 0.000545 seconds.
Begin MonoManager ReloadAssembly
Native extension for Lumin target not found
Native extension for LinuxStandalone target not found
Native extension for WindowsStandalone target not found
Native extension for OSXStandalone target not found
Native extension for WebGL target not found
Refreshing native plugins compatible for Editor in 0.21 ms, found 0 plugins.
Preloading 0 native plugins for Editor in 0.00 ms.
Invoked RoslynAnalysisRunner static constructor.
RoslynAnalysisRunner will not be running.
RoslynAnalysisRunner has terminated.
Mono: successfully reloaded assembly
- Completed reload, in  0.982 seconds
Platform modules already initialized, skipping
Refreshing native plugins compatible for Editor in 0.22 ms, found 0 plugins.
Preloading 0 native plugins for Editor in 0.00 ms.
Unloading 1075 Unused Serialized files (Serialized files now loaded: 0)
System memory in use before: 61.1 MB.
System memory in use after: 61.2 MB.

Unloading 4 unused Assets to reduce memory usage. Loaded Objects now: 1654.
Total: 3.158200 ms (FindLiveObjects: 0.467200 ms CreateObjectMapping: 0.129800 ms MarkObjects: 2.480300 ms  DeleteObjects: 0.078600 ms)

========================================================================
Received Prepare
Registering precompiled user dll's ...
Registered in 0.000535 seconds.
Begin MonoManager ReloadAssembly
Native extension for Lumin target not found
Native extension for LinuxStandalone target not found
Native extension for WindowsStandalone target not found
Native extension for OSXStandalone target not found
Native extension for WebGL target not found
Refreshing native plugins compatible for Editor in 0.21 ms, found 0 plugins.
Preloading 0 native plugins for Editor in 0.00 ms.
Invoked RoslynAnalysisRunner static constructor.
RoslynAnalysisRunner will not be running.
RoslynAnalysisRunner has terminated.
Mono: successfully reloaded assembly
- Completed reload, in  0.860 seconds
Platform modules already initialized, skipping
Refreshing native plugins compatible for Editor in 0.21 ms, found 0 plugins.
Preloading 0 native plugins for Editor in 0.00 ms.
Unloading 1075 Unused Serialized files (Serialized files now loaded: 0)
System memory in use before: 61.2 MB.
System memory in use after: 61.3 MB.

Unloading 4 unused Assets to reduce memory usage. Loaded Objects now: 1656.
Total: 3.080600 ms (FindLiveObjects: 0.187800 ms CreateObjectMapping: 0.039100 ms MarkObjects: 2.742900 ms  DeleteObjects: 0.108900 ms)

========================================================================
Received Import Request.
  Time since last request: 1866.030871 seconds.
  path: Assets/zemin_script.cs
  artifactKey: Guid(97278e1961811dc489a29dfd897a9dac) Importer(815301076,1909f56bfc062723c751e8b465ee728b)
Start importing Assets/zemin_script.cs using Guid(97278e1961811dc489a29dfd897a9dac) Importer(815301076,1909f56bfc062723c751e8b465ee728b)  -> (artifact id: '2d4a3aea8d4bec8174366fbcfd2feafb') in 0.008032 seconds
  Import took 0.010139 seconds .

========================================================================
Received Import Request.
  Time since last request: 92.845963 seconds.
  path: Assets/material/New Material.mat
  artifactKey: Guid(cd3c23c97d85cfe44ad0c2a6ea97d2bd) Importer(815301076,1909f56bfc062723c751e8b465ee728b)
Start importing Assets/material/New Material.mat using Guid(cd3c23c97d85cfe44ad0c2a6ea97d2bd) Importer(815301076,1909f56bfc062723c751e8b465ee728b)  -> (artifact id: 'b32351dacc0396e2de5dfb3b642c2e3a') in 0.090168 seconds
  Import took 0.093035 seconds .

========================================================================
Received Prepare
Registering precompiled user dll's ...
Registered in 0.000573 seconds.
Begin MonoManager ReloadAssembly
Native extension for Lumin target not found
Native extension for LinuxStandalone target not found
Native extension for WindowsStandalone target not found
Native extension for OSXStandalone target not found
Native extension for WebGL target not found
Refreshing native plugins compatible for Editor in 0.20 ms, found 0 plugins.
Preloading 0 native plugins for Editor in 0.00 ms.
Invoked RoslynAnalysisRunner static constructor.
RoslynAnalysisRunner will not be running.
RoslynAnalysisRunner has terminated.
Mono: successfully reloaded assembly
- Completed reload, in  0.778 seconds
Platform modules already initialized, skipping
Refreshing native plugins compatible for Editor in 0.20 ms, found 0 plugins.
Preloading 0 native plugins for Editor in 0.00 ms.
Unloading 1075 Unused Serialized files (Serialized files now loaded: 0)
System memory in use before: 61.3 MB.
System memory in use after: 61.4 MB.

Unloading 4 unused Assets to reduce memory usage. Loaded Objects now: 1659.
Total: 1.673200 ms (FindLiveObjects: 0.147100 ms CreateObjectMapping: 0.037900 ms MarkObjects: 1.443500 ms  DeleteObjects: 0.043700 ms)

========================================================================
Received Import Request.
  Time since last request: 9.395052 seconds.
  path: Assets/material/New Material 1.mat
  artifactKey: Guid(5b60e5b71e0d64f4383c31fec30a787a) Importer(815301076,1909f56bfc062723c751e8b465ee728b)
Start importing Assets/material/New Material 1.mat using Guid(5b60e5b71e0d64f4383c31fec30a787a) Importer(815301076,1909f56bfc062723c751e8b465ee728b)  -> (artifact id: 'bcb1de2f918069f9e81b92a61d7b26f2') in 0.068726 seconds
  Import took 0.071106 seconds .

========================================================================
Received Prepare
Registering precompiled user dll's ...
Registered in 0.000759 seconds.
Begin MonoManager ReloadAssembly
Native extension for Lumin target not found
Native extension for LinuxStandalone target not found
Native extension for WindowsStandalone target not found
Native extension for OSXStandalone target not found
Native extension for WebGL target not found
Refreshing native plugins compatible for Editor in 0.22 ms, found 0 plugins.
Preloading 0 native plugins for Editor in 0.00 ms.
Invoked RoslynAnalysisRunner static constructor.
RoslynAnalysisRunner will not be running.
RoslynAnalysisRunner has terminated.
Mono: successfully reloaded assembly
- Completed reload, in  1.155 seconds
Platform modules already initialized, skipping
Refreshing native plugins compatible for Editor in 0.20 ms, found 0 plugins.
Preloading 0 native plugins for Editor in 0.00 ms.
Unloading 1075 Unused Serialized files (Serialized files now loaded: 0)
System memory in use before: 61.5 MB.
System memory in use after: 61.5 MB.

Unloading 4 unused Assets to reduce memory usage. Loaded Objects now: 1662.
Total: 2.722800 ms (FindLiveObjects: 0.242000 ms CreateObjectMapping: 0.053400 ms MarkObjects: 2.292400 ms  DeleteObjects: 0.131000 ms)

========================================================================
Received Import Request.
  Time since last request: 383.248461 seconds.
  path: Assets/material/New Material 1.mat
  artifactKey: Guid(5b60e5b71e0d64f4383c31fec30a787a) Importer(815301076,1909f56bfc062723c751e8b465ee728b)
Start importing Assets/material/New Material 1.mat using Guid(5b60e5b71e0d64f4383c31fec30a787a) Importer(815301076,1909f56bfc062723c751e8b465ee728b)  -> (artifact id: '9132ae7b554fdbb2e2b0fefdeffcfc65') in 0.081037 seconds
  Import took 0.084179 seconds .

AssetImportWorkerClient::OnTransportError - code=2 error=End of file
