Using pre-set license
Built from '2020.2/release' branch; Version is '2020.2.2f1 (068178b99f32) revision 426360'; Using compiler version '192528614'; Build Type 'Release'
OS: 'Windows 10 Home Single Language; OS build 18363.1379; Version 1909; 64bit' Language: 'tr' Physical Memory: 16025 MB
BatchMode: 1, IsHumanControllingUs: 0, StartBugReporterOnCrash: 0, Is64bit: 1, IsPro: 0

 COMMAND LINE ARGUMENTS:
C:\Program Files\Unity\Hub\Editor\2020.2.2f1\Editor\Unity.exe
-adb2
-batchMode
-noUpm
-name
AssetImportWorker0
-projectPath
D:/masaüstü/unity/projes/047_Terrain(Hatita_tasarimi) - Kopya
-logFile
Logs/AssetImportWorker0.log
-srvPort
63951
Successfully changed project path to: D:/masaüstü/unity/projes/047_Terrain(Hatita_tasarimi) - Kopya
D:/masaüstü/unity/projes/047_Terrain(Hatita_tasarimi) - Kopya
Using Asset Import Pipeline V2.
Refreshing native plugins compatible for Editor in 325.32 ms, found 0 plugins.
Preloading 0 native plugins for Editor in 0.00 ms.
Initialize engine version: 2020.2.2f1 (068178b99f32)
[Subsystems] Discovering subsystems at path C:/Program Files/Unity/Hub/Editor/2020.2.2f1/Editor/Data/Resources/UnitySubsystems
[Subsystems] Discovering subsystems at path D:/masaüstü/unity/projes/047_Terrain(Hatita_tasarimi) - Kopya/Assets
GfxDevice: creating device client; threaded=0
Direct3D:
    Version:  Direct3D 11.0 [level 11.1]
    Renderer: NVIDIA GeForce GTX 1050 (ID=0x1c8d)
    Vendor:   
    VRAM:     4019 MB
    Driver:   25.21.14.1634
Initialize mono
Mono path[0] = 'C:/Program Files/Unity/Hub/Editor/2020.2.2f1/Editor/Data/Managed'
Mono path[1] = 'C:/Program Files/Unity/Hub/Editor/2020.2.2f1/Editor/Data/MonoBleedingEdge/lib/mono/unityjit'
Mono config path = 'C:/Program Files/Unity/Hub/Editor/2020.2.2f1/Editor/Data/MonoBleedingEdge/etc'
Using monoOptions --debugger-agent=transport=dt_socket,embedding=1,server=y,suspend=n,address=127.0.0.1:56928
Begin MonoManager ReloadAssembly
Registering precompiled unity dll's ...
Register platform support module: C:/Program Files/Unity/Hub/Editor/2020.2.2f1/Editor/Data/PlaybackEngines/WebGLSupport/UnityEditor.WebGL.Extensions.dll
Register platform support module: C:/Program Files/Unity/Hub/Editor/2020.2.2f1/Editor/Data/PlaybackEngines/MacStandaloneSupport/UnityEditor.OSXStandalone.Extensions.dll
Register platform support module: C:/Program Files/Unity/Hub/Editor/2020.2.2f1/Editor/Data/PlaybackEngines/WindowsStandaloneSupport/UnityEditor.WindowsStandalone.Extensions.dll
Register platform support module: C:/Program Files/Unity/Hub/Editor/2020.2.2f1/Editor/Data/PlaybackEngines/LinuxStandaloneSupport/UnityEditor.LinuxStandalone.Extensions.dll
Register platform support module: C:/Program Files/Unity/Hub/Editor/2020.2.2f1/Editor/Data/PlaybackEngines/LuminSupport/UnityEditor.Lumin.Extensions.dll
Registered in 0.006362 seconds.
Native extension for Lumin target not found
Native extension for LinuxStandalone target not found
Native extension for WindowsStandalone target not found
Native extension for OSXStandalone target not found
Native extension for WebGL target not found
Refreshing native plugins compatible for Editor in 126.37 ms, found 0 plugins.
Preloading 0 native plugins for Editor in 0.00 ms.
Invoked RoslynAnalysisRunner static constructor.
RoslynAnalysisRunner will not be running.
RoslynAnalysisRunner has terminated.
Mono: successfully reloaded assembly
- Completed reload, in  5.718 seconds
Platform modules already initialized, skipping
Registering precompiled user dll's ...
Registered in 0.033200 seconds.
Begin MonoManager ReloadAssembly
Native extension for Lumin target not found
Native extension for LinuxStandalone target not found
Native extension for WindowsStandalone target not found
Native extension for OSXStandalone target not found
Native extension for WebGL target not found
Refreshing native plugins compatible for Editor in 0.38 ms, found 0 plugins.
Preloading 0 native plugins for Editor in 0.00 ms.
Invoked RoslynAnalysisRunner static constructor.
RoslynAnalysisRunner will not be running.
RoslynAnalysisRunner has terminated.
Mono: successfully reloaded assembly
- Completed reload, in  1.292 seconds
Platform modules already initialized, skipping
========================================================================
Worker process is ready to serve import requests
Launched and connected shader compiler UnityShaderCompiler.exe after 0.18 seconds
Refreshing native plugins compatible for Editor in 0.34 ms, found 0 plugins.
Preloading 0 native plugins for Editor in 0.00 ms.
Unloading 1203 Unused Serialized files (Serialized files now loaded: 0)
System memory in use before: 79.2 MB.
System memory in use after: 78.9 MB.

Unloading 11 unused Assets to reduce memory usage. Loaded Objects now: 1668.
Total: 3.408800 ms (FindLiveObjects: 0.456400 ms CreateObjectMapping: 0.227400 ms MarkObjects: 2.323800 ms  DeleteObjects: 0.399200 ms)

========================================================================
Received Import Request.
  path: Assets/NewLayer 1.terrainlayer
  artifactKey: Guid(a78f1981575cb464b9881835a68cf811) Importer(815301076,1909f56bfc062723c751e8b465ee728b)
Start importing Assets/NewLayer 1.terrainlayer using Guid(a78f1981575cb464b9881835a68cf811) Importer(815301076,1909f56bfc062723c751e8b465ee728b)  -> (artifact id: '336b8ec577af8065c2858167bdf9835e') in 0.296348 seconds
  Import took 0.318665 seconds .

========================================================================
Received Import Request.
  Time since last request: 0.000304 seconds.
  path: Assets/NewLayer.terrainlayer
  artifactKey: Guid(7ae1572450d6e9448a104573790399fa) Importer(815301076,1909f56bfc062723c751e8b465ee728b)
Start importing Assets/NewLayer.terrainlayer using Guid(7ae1572450d6e9448a104573790399fa) Importer(815301076,1909f56bfc062723c751e8b465ee728b)  -> (artifact id: '8b00dc82f9c825414a355720814d5d32') in 0.179941 seconds
  Import took 0.182181 seconds .

========================================================================
Received Import Request.
  Time since last request: 0.000189 seconds.
  path: Assets/New Terrain.asset
  artifactKey: Guid(4611d749e11e8324196ea43ab43d821f) Importer(815301076,1909f56bfc062723c751e8b465ee728b)
Start importing Assets/New Terrain.asset using Guid(4611d749e11e8324196ea43ab43d821f) Importer(815301076,1909f56bfc062723c751e8b465ee728b)  -> (artifact id: 'bdc7d326baac6d38f71632982110f642') in 0.428342 seconds
  Import took 0.431958 seconds .

========================================================================
Received Prepare
Registering precompiled user dll's ...
Registered in 0.001347 seconds.
Begin MonoManager ReloadAssembly
Native extension for Lumin target not found
Native extension for LinuxStandalone target not found
Native extension for WindowsStandalone target not found
Native extension for OSXStandalone target not found
Native extension for WebGL target not found
Refreshing native plugins compatible for Editor in 0.66 ms, found 0 plugins.
Preloading 0 native plugins for Editor in 0.00 ms.
[ScriptCompilation] NOT recompiling all scripts because this is an import worker process. Reason to compile was: Define symbols changed
Invoked RoslynAnalysisRunner static constructor.
RoslynAnalysisRunner will not be running.
RoslynAnalysisRunner has terminated.
Mono: successfully reloaded assembly
- Completed reload, in  1.864 seconds
Platform modules already initialized, skipping
Refreshing native plugins compatible for Editor in 0.35 ms, found 0 plugins.
Preloading 0 native plugins for Editor in 0.00 ms.
Unloading 1300 Unused Serialized files (Serialized files now loaded: 0)
System memory in use before: 88.7 MB.
System memory in use after: 86.7 MB.

Unloading 33 unused Assets to reduce memory usage. Loaded Objects now: 1769.
Total: 2.548400 ms (FindLiveObjects: 0.161300 ms CreateObjectMapping: 0.047100 ms MarkObjects: 1.401200 ms  DeleteObjects: 0.937700 ms)

========================================================================
Received Import Request.
  Time since last request: 145.176436 seconds.
  path: Assets/goruntu_ayarlari.asset
  artifactKey: Guid(bfb9ac2ee4957a74789a37502da36122) Importer(815301076,1909f56bfc062723c751e8b465ee728b)
Start importing Assets/goruntu_ayarlari.asset using Guid(bfb9ac2ee4957a74789a37502da36122) Importer(815301076,1909f56bfc062723c751e8b465ee728b)  -> (artifact id: 'bd51301e07b6a651bc18c8a3a51592a9') in 0.088150 seconds
  Import took 0.095025 seconds .

========================================================================
Received Import Request.
  Time since last request: 436.451514 seconds.
  path: ProjectSettings/TagManager.asset
  artifactKey: Guid(00000000000000003000000000000000) Importer(815301076,1909f56bfc062723c751e8b465ee728b)
Start importing ProjectSettings/TagManager.asset using Guid(00000000000000003000000000000000) Importer(815301076,1909f56bfc062723c751e8b465ee728b)  -> (artifact id: '1efec719c81060231ab49e0da4b313b9') in 0.038435 seconds
  Import took 0.041267 seconds .

========================================================================
Received Prepare
Registering precompiled user dll's ...
Registered in 0.013255 seconds.
Begin MonoManager ReloadAssembly
Native extension for Lumin target not found
Native extension for LinuxStandalone target not found
Native extension for WindowsStandalone target not found
Native extension for OSXStandalone target not found
Native extension for WebGL target not found
Refreshing native plugins compatible for Editor in 0.41 ms, found 0 plugins.
Preloading 0 native plugins for Editor in 0.00 ms.
Invoked RoslynAnalysisRunner static constructor.
RoslynAnalysisRunner will not be running.
RoslynAnalysisRunner has terminated.
Mono: successfully reloaded assembly
- Completed reload, in  1.984 seconds
Platform modules already initialized, skipping
Refreshing native plugins compatible for Editor in 0.31 ms, found 0 plugins.
Preloading 0 native plugins for Editor in 0.00 ms.
Unloading 1300 Unused Serialized files (Serialized files now loaded: 0)
System memory in use before: 89.7 MB.
System memory in use after: 87.8 MB.

Unloading 34 unused Assets to reduce memory usage. Loaded Objects now: 1771.
Total: 2.832900 ms (FindLiveObjects: 0.175300 ms CreateObjectMapping: 0.046700 ms MarkObjects: 1.585200 ms  DeleteObjects: 1.024300 ms)

========================================================================
Received Prepare
Registering precompiled user dll's ...
Registered in 0.002030 seconds.
Begin MonoManager ReloadAssembly
Native extension for Lumin target not found
Native extension for LinuxStandalone target not found
Native extension for WindowsStandalone target not found
Native extension for OSXStandalone target not found
Native extension for WebGL target not found
Refreshing native plugins compatible for Editor in 0.67 ms, found 0 plugins.
Preloading 0 native plugins for Editor in 0.00 ms.
Invoked RoslynAnalysisRunner static constructor.
RoslynAnalysisRunner will not be running.
RoslynAnalysisRunner has terminated.
Mono: successfully reloaded assembly
- Completed reload, in  2.447 seconds
Platform modules already initialized, skipping
Refreshing native plugins compatible for Editor in 0.37 ms, found 0 plugins.
Preloading 0 native plugins for Editor in 0.00 ms.
Unloading 1300 Unused Serialized files (Serialized files now loaded: 0)
System memory in use before: 89.7 MB.
System memory in use after: 87.8 MB.

Unloading 33 unused Assets to reduce memory usage. Loaded Objects now: 1773.
Total: 6.722000 ms (FindLiveObjects: 0.888400 ms CreateObjectMapping: 0.616200 ms MarkObjects: 3.763900 ms  DeleteObjects: 1.451900 ms)

========================================================================
Received Import Request.
  Time since last request: 4854.120441 seconds.
  path: Assets/goruntu_ayarlari.asset
  artifactKey: Guid(bfb9ac2ee4957a74789a37502da36122) Importer(815301076,1909f56bfc062723c751e8b465ee728b)
Start importing Assets/goruntu_ayarlari.asset using Guid(bfb9ac2ee4957a74789a37502da36122) Importer(815301076,1909f56bfc062723c751e8b465ee728b)  -> (artifact id: '3b5ba745eeac37a564dafb185ede9266') in 0.184998 seconds
  Import took 0.250018 seconds .

========================================================================
Received Import Request.
  Time since last request: 58.405354 seconds.
  path: Assets/goruntu_ayarlari.asset
  artifactKey: Guid(bfb9ac2ee4957a74789a37502da36122) Importer(815301076,1909f56bfc062723c751e8b465ee728b)
Start importing Assets/goruntu_ayarlari.asset using Guid(bfb9ac2ee4957a74789a37502da36122) Importer(815301076,1909f56bfc062723c751e8b465ee728b)  -> (artifact id: '68c67e92c9511052554ec1646a3c03e7') in 0.007946 seconds
  Import took 0.014009 seconds .

========================================================================
Received Prepare
Registering precompiled user dll's ...
Registered in 0.033319 seconds.
Begin MonoManager ReloadAssembly
Native extension for Lumin target not found
Native extension for LinuxStandalone target not found
Native extension for WindowsStandalone target not found
Native extension for OSXStandalone target not found
Native extension for WebGL target not found
Refreshing native plugins compatible for Editor in 0.33 ms, found 0 plugins.
Preloading 0 native plugins for Editor in 0.00 ms.
Invoked RoslynAnalysisRunner static constructor.
RoslynAnalysisRunner will not be running.
RoslynAnalysisRunner has terminated.
Mono: successfully reloaded assembly
- Completed reload, in  1.754 seconds
Platform modules already initialized, skipping
Refreshing native plugins compatible for Editor in 0.35 ms, found 0 plugins.
Preloading 0 native plugins for Editor in 0.00 ms.
Unloading 1300 Unused Serialized files (Serialized files now loaded: 0)
System memory in use before: 89.7 MB.
System memory in use after: 87.8 MB.

Unloading 33 unused Assets to reduce memory usage. Loaded Objects now: 1775.
Total: 8.115200 ms (FindLiveObjects: 0.840300 ms CreateObjectMapping: 0.213200 ms MarkObjects: 4.638900 ms  DeleteObjects: 2.419000 ms)

========================================================================
Received Import Request.
  Time since last request: 461.946519 seconds.
  path: Assets/goruntu_ayarlari.asset
  artifactKey: Guid(bfb9ac2ee4957a74789a37502da36122) Importer(815301076,1909f56bfc062723c751e8b465ee728b)
Start importing Assets/goruntu_ayarlari.asset using Guid(bfb9ac2ee4957a74789a37502da36122) Importer(815301076,1909f56bfc062723c751e8b465ee728b)  -> (artifact id: 'b69cd23eeabc40eccaddfd94a6207e08') in 0.064371 seconds
  Import took 0.117122 seconds .

AssetImportWorkerClient::OnTransportError - code=2 error=End of file
