Using pre-set license
Built from '2020.2/release' branch; Version is '2020.2.2f1 (068178b99f32) revision 426360'; Using compiler version '192528614'; Build Type 'Release'
OS: 'Windows 10 Home Single Language; OS build 18363.1316; Version 1909; 64bit' Language: 'tr' Physical Memory: 16025 MB
BatchMode: 1, IsHumanControllingUs: 0, StartBugReporterOnCrash: 0, Is64bit: 1, IsPro: 0

 COMMAND LINE ARGUMENTS:
C:\Program Files\Unity\Hub\Editor\2020.2.2f1\Editor\Unity.exe
-adb2
-batchMode
-noUpm
-name
AssetImportWorker0
-projectPath
D:/masaüstü/unity/projes/New Unity Project
-logFile
Logs/AssetImportWorker0.log
-srvPort
51935
Successfully changed project path to: D:/masaüstü/unity/projes/New Unity Project
D:/masaüstü/unity/projes/New Unity Project
Using Asset Import Pipeline V2.
Refreshing native plugins compatible for Editor in 24.27 ms, found 0 plugins.
Preloading 0 native plugins for Editor in 0.00 ms.
Initialize engine version: 2020.2.2f1 (068178b99f32)
[Subsystems] Discovering subsystems at path C:/Program Files/Unity/Hub/Editor/2020.2.2f1/Editor/Data/Resources/UnitySubsystems
[Subsystems] Discovering subsystems at path D:/masaüstü/unity/projes/New Unity Project/Assets
GfxDevice: creating device client; threaded=0
Direct3D:
    Version:  Direct3D 11.0 [level 11.1]
    Renderer: NVIDIA GeForce GTX 1050 (ID=0x1c8d)
    Vendor:   
    VRAM:     4019 MB
    Driver:   25.21.14.1634
Initialize mono
Mono path[0] = 'C:/Program Files/Unity/Hub/Editor/2020.2.2f1/Editor/Data/Managed'
Mono path[1] = 'C:/Program Files/Unity/Hub/Editor/2020.2.2f1/Editor/Data/MonoBleedingEdge/lib/mono/unityjit'
Mono config path = 'C:/Program Files/Unity/Hub/Editor/2020.2.2f1/Editor/Data/MonoBleedingEdge/etc'
Using monoOptions --debugger-agent=transport=dt_socket,embedding=1,server=y,suspend=n,address=127.0.0.1:56808
Begin MonoManager ReloadAssembly
Registering precompiled unity dll's ...
Register platform support module: C:/Program Files/Unity/Hub/Editor/2020.2.2f1/Editor/Data/PlaybackEngines/WebGLSupport/UnityEditor.WebGL.Extensions.dll
Register platform support module: C:/Program Files/Unity/Hub/Editor/2020.2.2f1/Editor/Data/PlaybackEngines/MacStandaloneSupport/UnityEditor.OSXStandalone.Extensions.dll
Register platform support module: C:/Program Files/Unity/Hub/Editor/2020.2.2f1/Editor/Data/PlaybackEngines/WindowsStandaloneSupport/UnityEditor.WindowsStandalone.Extensions.dll
Register platform support module: C:/Program Files/Unity/Hub/Editor/2020.2.2f1/Editor/Data/PlaybackEngines/LinuxStandaloneSupport/UnityEditor.LinuxStandalone.Extensions.dll
Register platform support module: C:/Program Files/Unity/Hub/Editor/2020.2.2f1/Editor/Data/PlaybackEngines/LuminSupport/UnityEditor.Lumin.Extensions.dll
Registered in 0.003913 seconds.
Native extension for Lumin target not found
Native extension for LinuxStandalone target not found
Native extension for WindowsStandalone target not found
Native extension for OSXStandalone target not found
Native extension for WebGL target not found
Refreshing native plugins compatible for Editor in 24.13 ms, found 0 plugins.
Preloading 0 native plugins for Editor in 0.00 ms.
Invoked RoslynAnalysisRunner static constructor.
RoslynAnalysisRunner will not be running.
RoslynAnalysisRunner has terminated.
Mono: successfully reloaded assembly
- Completed reload, in  1.992 seconds
Platform modules already initialized, skipping
Registering precompiled user dll's ...
Registered in 0.000576 seconds.
Begin MonoManager ReloadAssembly
Native extension for Lumin target not found
Native extension for LinuxStandalone target not found
Native extension for WindowsStandalone target not found
Native extension for OSXStandalone target not found
Native extension for WebGL target not found
Refreshing native plugins compatible for Editor in 0.21 ms, found 0 plugins.
Preloading 0 native plugins for Editor in 0.00 ms.
Invoked RoslynAnalysisRunner static constructor.
RoslynAnalysisRunner will not be running.
RoslynAnalysisRunner has terminated.
Mono: successfully reloaded assembly
- Completed reload, in  0.853 seconds
Platform modules already initialized, skipping
========================================================================
Worker process is ready to serve import requests
Launched and connected shader compiler UnityShaderCompiler.exe after 0.05 seconds
Refreshing native plugins compatible for Editor in 0.22 ms, found 0 plugins.
Preloading 0 native plugins for Editor in 0.00 ms.
Unloading 1099 Unused Serialized files (Serialized files now loaded: 0)
System memory in use before: 56.6 MB.
System memory in use after: 56.6 MB.

Unloading 10 unused Assets to reduce memory usage. Loaded Objects now: 1540.
Total: 1.788000 ms (FindLiveObjects: 0.151400 ms CreateObjectMapping: 0.042700 ms MarkObjects: 1.507300 ms  DeleteObjects: 0.085700 ms)

========================================================================
Received Import Request.
  path: Assets
  artifactKey: Guid(00000000000000001000000000000000) Importer(815301076,1909f56bfc062723c751e8b465ee728b)
Start importing Assets using Guid(00000000000000001000000000000000) Importer(815301076,1909f56bfc062723c751e8b465ee728b)  -> (artifact id: '4a6e520b92ccfc61bcfa21a7bcab8468') in 0.007573 seconds
  Import took 0.009428 seconds .

========================================================================
Received Import Request.
  Time since last request: 7.726739 seconds.
  path: Assets/New Material.mat
  artifactKey: Guid(b7f88539c28f5a64fadcbed400f5fd0f) Importer(815301076,1909f56bfc062723c751e8b465ee728b)
Start importing Assets/New Material.mat using Guid(b7f88539c28f5a64fadcbed400f5fd0f) Importer(815301076,1909f56bfc062723c751e8b465ee728b)  -> (artifact id: 'c2168524facbc59b86d85c10b5a6ad86') in 0.151915 seconds
  Import took 0.154586 seconds .

========================================================================
Received Prepare
Registering precompiled user dll's ...
Registered in 0.000584 seconds.
Begin MonoManager ReloadAssembly
Native extension for Lumin target not found
Native extension for LinuxStandalone target not found
Native extension for WindowsStandalone target not found
Native extension for OSXStandalone target not found
Native extension for WebGL target not found
Refreshing native plugins compatible for Editor in 0.23 ms, found 0 plugins.
Preloading 0 native plugins for Editor in 0.00 ms.
Invoked RoslynAnalysisRunner static constructor.
RoslynAnalysisRunner will not be running.
RoslynAnalysisRunner has terminated.
Mono: successfully reloaded assembly
- Completed reload, in  0.859 seconds
Platform modules already initialized, skipping
Refreshing native plugins compatible for Editor in 0.21 ms, found 0 plugins.
Preloading 0 native plugins for Editor in 0.00 ms.
Unloading 1095 Unused Serialized files (Serialized files now loaded: 0)
System memory in use before: 60.0 MB.
System memory in use after: 60.1 MB.

Unloading 5 unused Assets to reduce memory usage. Loaded Objects now: 1583.
Total: 1.618100 ms (FindLiveObjects: 0.144400 ms CreateObjectMapping: 0.037100 ms MarkObjects: 1.346300 ms  DeleteObjects: 0.089100 ms)

========================================================================
Received Import Request.
  Time since last request: 1893.543819 seconds.
  path: Assets/cizg.cs
  artifactKey: Guid(706c9acf325e7b44f922ff285ca186f9) Importer(815301076,1909f56bfc062723c751e8b465ee728b)
Start importing Assets/cizg.cs using Guid(706c9acf325e7b44f922ff285ca186f9) Importer(815301076,1909f56bfc062723c751e8b465ee728b)  -> (artifact id: '49824a7c2fcd12707625166ed4720568') in 0.017460 seconds
  Import took 0.019731 seconds .

========================================================================
Received Import Request.
  Time since last request: 5.706224 seconds.
  path: Assets/cizgi_script.cs
  artifactKey: Guid(706c9acf325e7b44f922ff285ca186f9) Importer(815301076,1909f56bfc062723c751e8b465ee728b)
Start importing Assets/cizgi_script.cs using Guid(706c9acf325e7b44f922ff285ca186f9) Importer(815301076,1909f56bfc062723c751e8b465ee728b)  -> (artifact id: '966e0a4653005d45744b1c45a4c6ea97') in 0.006828 seconds
  Import took 0.009718 seconds .

========================================================================
Received Prepare
Registering precompiled user dll's ...
Registered in 0.000518 seconds.
Begin MonoManager ReloadAssembly
Native extension for Lumin target not found
Native extension for LinuxStandalone target not found
Native extension for WindowsStandalone target not found
Native extension for OSXStandalone target not found
Native extension for WebGL target not found
Refreshing native plugins compatible for Editor in 0.24 ms, found 0 plugins.
Preloading 0 native plugins for Editor in 0.00 ms.
Invoked RoslynAnalysisRunner static constructor.
RoslynAnalysisRunner will not be running.
RoslynAnalysisRunner has terminated.
Mono: successfully reloaded assembly
- Completed reload, in  0.811 seconds
Platform modules already initialized, skipping
Refreshing native plugins compatible for Editor in 0.21 ms, found 0 plugins.
Preloading 0 native plugins for Editor in 0.00 ms.
Unloading 1095 Unused Serialized files (Serialized files now loaded: 0)
System memory in use before: 60.2 MB.
System memory in use after: 60.3 MB.

Unloading 5 unused Assets to reduce memory usage. Loaded Objects now: 1585.
Total: 1.641900 ms (FindLiveObjects: 0.168500 ms CreateObjectMapping: 0.046400 ms MarkObjects: 1.376400 ms  DeleteObjects: 0.049500 ms)

========================================================================
Received Prepare
Registering precompiled user dll's ...
Registered in 0.002379 seconds.
Begin MonoManager ReloadAssembly
Native extension for Lumin target not found
Native extension for LinuxStandalone target not found
Native extension for WindowsStandalone target not found
Native extension for OSXStandalone target not found
Native extension for WebGL target not found
Refreshing native plugins compatible for Editor in 0.23 ms, found 0 plugins.
Preloading 0 native plugins for Editor in 0.00 ms.
Invoked RoslynAnalysisRunner static constructor.
RoslynAnalysisRunner will not be running.
RoslynAnalysisRunner has terminated.
Mono: successfully reloaded assembly
- Completed reload, in  0.888 seconds
Platform modules already initialized, skipping
Refreshing native plugins compatible for Editor in 0.19 ms, found 0 plugins.
Preloading 0 native plugins for Editor in 0.00 ms.
Unloading 1069 Unused Serialized files (Serialized files now loaded: 0)
System memory in use before: 59.8 MB.
System memory in use after: 59.9 MB.

Unloading 4 unused Assets to reduce memory usage. Loaded Objects now: 1587.
Total: 2.210500 ms (FindLiveObjects: 0.413700 ms CreateObjectMapping: 0.082100 ms MarkObjects: 1.653400 ms  DeleteObjects: 0.059800 ms)

========================================================================
Received Prepare
Registering precompiled user dll's ...
Registered in 0.000595 seconds.
Begin MonoManager ReloadAssembly
Native extension for Lumin target not found
Native extension for LinuxStandalone target not found
Native extension for WindowsStandalone target not found
Native extension for OSXStandalone target not found
Native extension for WebGL target not found
Refreshing native plugins compatible for Editor in 0.19 ms, found 0 plugins.
Preloading 0 native plugins for Editor in 0.00 ms.
Invoked RoslynAnalysisRunner static constructor.
RoslynAnalysisRunner will not be running.
RoslynAnalysisRunner has terminated.
Mono: successfully reloaded assembly
- Completed reload, in  0.956 seconds
Platform modules already initialized, skipping
Refreshing native plugins compatible for Editor in 0.19 ms, found 0 plugins.
Preloading 0 native plugins for Editor in 0.00 ms.
Unloading 1069 Unused Serialized files (Serialized files now loaded: 0)
System memory in use before: 59.9 MB.
System memory in use after: 60.0 MB.

Unloading 4 unused Assets to reduce memory usage. Loaded Objects now: 1589.
Total: 1.682800 ms (FindLiveObjects: 0.152800 ms CreateObjectMapping: 0.040500 ms MarkObjects: 1.431100 ms  DeleteObjects: 0.057600 ms)

========================================================================
Received Import Request.
  Time since last request: 1149.239228 seconds.
  path: Assets/cizgi_script.cs
  artifactKey: Guid(706c9acf325e7b44f922ff285ca186f9) Importer(815301076,1909f56bfc062723c751e8b465ee728b)
Start importing Assets/cizgi_script.cs using Guid(706c9acf325e7b44f922ff285ca186f9) Importer(815301076,1909f56bfc062723c751e8b465ee728b)  -> (artifact id: 'bf0dbec0aeafbe1d3ce0296887370186') in 0.010727 seconds
  Import took 0.129029 seconds .

========================================================================
Received Prepare
Registering precompiled user dll's ...
Registered in 0.000540 seconds.
Begin MonoManager ReloadAssembly
Native extension for Lumin target not found
Native extension for LinuxStandalone target not found
Native extension for WindowsStandalone target not found
Native extension for OSXStandalone target not found
Native extension for WebGL target not found
Refreshing native plugins compatible for Editor in 0.24 ms, found 0 plugins.
Preloading 0 native plugins for Editor in 0.00 ms.
Invoked RoslynAnalysisRunner static constructor.
RoslynAnalysisRunner will not be running.
RoslynAnalysisRunner has terminated.
Mono: successfully reloaded assembly
- Completed reload, in  0.831 seconds
Platform modules already initialized, skipping
Refreshing native plugins compatible for Editor in 0.22 ms, found 0 plugins.
Preloading 0 native plugins for Editor in 0.00 ms.
Unloading 1069 Unused Serialized files (Serialized files now loaded: 0)
System memory in use before: 60.0 MB.
System memory in use after: 60.1 MB.

Unloading 4 unused Assets to reduce memory usage. Loaded Objects now: 1591.
Total: 1.718200 ms (FindLiveObjects: 0.165800 ms CreateObjectMapping: 0.063200 ms MarkObjects: 1.436800 ms  DeleteObjects: 0.051500 ms)

========================================================================
Received Prepare
Registering precompiled user dll's ...
Registered in 0.000548 seconds.
Begin MonoManager ReloadAssembly
Native extension for Lumin target not found
Native extension for LinuxStandalone target not found
Native extension for WindowsStandalone target not found
Native extension for OSXStandalone target not found
Native extension for WebGL target not found
Refreshing native plugins compatible for Editor in 0.24 ms, found 0 plugins.
Preloading 0 native plugins for Editor in 0.00 ms.
Invoked RoslynAnalysisRunner static constructor.
RoslynAnalysisRunner will not be running.
RoslynAnalysisRunner has terminated.
Mono: successfully reloaded assembly
- Completed reload, in  0.928 seconds
Platform modules already initialized, skipping
Refreshing native plugins compatible for Editor in 0.20 ms, found 0 plugins.
Preloading 0 native plugins for Editor in 0.00 ms.
Unloading 1069 Unused Serialized files (Serialized files now loaded: 0)
System memory in use before: 60.1 MB.
System memory in use after: 60.2 MB.

Unloading 4 unused Assets to reduce memory usage. Loaded Objects now: 1593.
Total: 1.795800 ms (FindLiveObjects: 0.164300 ms CreateObjectMapping: 0.040900 ms MarkObjects: 1.533100 ms  DeleteObjects: 0.053400 ms)

========================================================================
Received Import Request.
  Time since last request: 145.240140 seconds.
  path: Assets/cizgi_script.cs
  artifactKey: Guid(706c9acf325e7b44f922ff285ca186f9) Importer(815301076,1909f56bfc062723c751e8b465ee728b)
Start importing Assets/cizgi_script.cs using Guid(706c9acf325e7b44f922ff285ca186f9) Importer(815301076,1909f56bfc062723c751e8b465ee728b)  -> (artifact id: 'b2f411a4cb4c3c2e3d5362bdacf90439') in 0.004590 seconds
  Import took 0.098460 seconds .

========================================================================
Received Prepare
Registering precompiled user dll's ...
Registered in 0.000821 seconds.
Begin MonoManager ReloadAssembly
Native extension for Lumin target not found
Native extension for LinuxStandalone target not found
Native extension for WindowsStandalone target not found
Native extension for OSXStandalone target not found
Native extension for WebGL target not found
Refreshing native plugins compatible for Editor in 0.20 ms, found 0 plugins.
Preloading 0 native plugins for Editor in 0.00 ms.
Invoked RoslynAnalysisRunner static constructor.
RoslynAnalysisRunner will not be running.
RoslynAnalysisRunner has terminated.
Mono: successfully reloaded assembly
- Completed reload, in  0.828 seconds
Platform modules already initialized, skipping
Refreshing native plugins compatible for Editor in 0.19 ms, found 0 plugins.
Preloading 0 native plugins for Editor in 0.00 ms.
Unloading 1068 Unused Serialized files (Serialized files now loaded: 0)
System memory in use before: 60.2 MB.
System memory in use after: 60.3 MB.

Unloading 5 unused Assets to reduce memory usage. Loaded Objects now: 1594.
Total: 1.688500 ms (FindLiveObjects: 0.166100 ms CreateObjectMapping: 0.062100 ms MarkObjects: 1.378400 ms  DeleteObjects: 0.081100 ms)

========================================================================
Received Prepare
Registering precompiled user dll's ...
Registered in 0.000745 seconds.
Begin MonoManager ReloadAssembly
Native extension for Lumin target not found
Native extension for LinuxStandalone target not found
Native extension for WindowsStandalone target not found
Native extension for OSXStandalone target not found
Native extension for WebGL target not found
Refreshing native plugins compatible for Editor in 0.21 ms, found 0 plugins.
Preloading 0 native plugins for Editor in 0.00 ms.
Invoked RoslynAnalysisRunner static constructor.
RoslynAnalysisRunner will not be running.
RoslynAnalysisRunner has terminated.
Mono: successfully reloaded assembly
- Completed reload, in  0.909 seconds
Platform modules already initialized, skipping
Refreshing native plugins compatible for Editor in 0.21 ms, found 0 plugins.
Preloading 0 native plugins for Editor in 0.00 ms.
Unloading 1069 Unused Serialized files (Serialized files now loaded: 0)
System memory in use before: 60.4 MB.
System memory in use after: 60.4 MB.

Unloading 4 unused Assets to reduce memory usage. Loaded Objects now: 1597.
Total: 1.874300 ms (FindLiveObjects: 0.218800 ms CreateObjectMapping: 0.048300 ms MarkObjects: 1.546100 ms  DeleteObjects: 0.060000 ms)

========================================================================
Received Import Request.
  Time since last request: 31.298777 seconds.
  path: Assets/cizgi_script.cs
  artifactKey: Guid(706c9acf325e7b44f922ff285ca186f9) Importer(815301076,1909f56bfc062723c751e8b465ee728b)
Start importing Assets/cizgi_script.cs using Guid(706c9acf325e7b44f922ff285ca186f9) Importer(815301076,1909f56bfc062723c751e8b465ee728b)  -> (artifact id: 'e5c1ea47a831c025cbed49dd083cdea7') in 0.007795 seconds
  Import took 0.125032 seconds .

========================================================================
Received Prepare
Registering precompiled user dll's ...
Registered in 0.000813 seconds.
Begin MonoManager ReloadAssembly
Native extension for Lumin target not found
Native extension for LinuxStandalone target not found
Native extension for WindowsStandalone target not found
Native extension for OSXStandalone target not found
Native extension for WebGL target not found
Refreshing native plugins compatible for Editor in 0.21 ms, found 0 plugins.
Preloading 0 native plugins for Editor in 0.00 ms.
Invoked RoslynAnalysisRunner static constructor.
RoslynAnalysisRunner will not be running.
RoslynAnalysisRunner has terminated.
Mono: successfully reloaded assembly
- Completed reload, in  0.813 seconds
Platform modules already initialized, skipping
Refreshing native plugins compatible for Editor in 0.19 ms, found 0 plugins.
Preloading 0 native plugins for Editor in 0.00 ms.
Unloading 1069 Unused Serialized files (Serialized files now loaded: 0)
System memory in use before: 60.4 MB.
System memory in use after: 60.4 MB.

Unloading 4 unused Assets to reduce memory usage. Loaded Objects now: 1599.
Total: 1.669000 ms (FindLiveObjects: 0.144100 ms CreateObjectMapping: 0.038200 ms MarkObjects: 1.434800 ms  DeleteObjects: 0.051100 ms)

========================================================================
Received Import Request.
  Time since last request: 16.922403 seconds.
  path: Assets/cizgi_script.cs
  artifactKey: Guid(706c9acf325e7b44f922ff285ca186f9) Importer(815301076,1909f56bfc062723c751e8b465ee728b)
Start importing Assets/cizgi_script.cs using Guid(706c9acf325e7b44f922ff285ca186f9) Importer(815301076,1909f56bfc062723c751e8b465ee728b)  -> (artifact id: '15116fdcd575cab5922afe79af321c63') in 0.004207 seconds
  Import took 0.127201 seconds .

========================================================================
Received Prepare
Registering precompiled user dll's ...
Registered in 0.000719 seconds.
Begin MonoManager ReloadAssembly
Native extension for Lumin target not found
Native extension for LinuxStandalone target not found
Native extension for WindowsStandalone target not found
Native extension for OSXStandalone target not found
Native extension for WebGL target not found
Refreshing native plugins compatible for Editor in 0.23 ms, found 0 plugins.
Preloading 0 native plugins for Editor in 0.00 ms.
Invoked RoslynAnalysisRunner static constructor.
RoslynAnalysisRunner will not be running.
RoslynAnalysisRunner has terminated.
Mono: successfully reloaded assembly
- Completed reload, in  0.820 seconds
Platform modules already initialized, skipping
Refreshing native plugins compatible for Editor in 0.21 ms, found 0 plugins.
Preloading 0 native plugins for Editor in 0.00 ms.
Unloading 1069 Unused Serialized files (Serialized files now loaded: 0)
System memory in use before: 60.6 MB.
System memory in use after: 60.7 MB.

Unloading 4 unused Assets to reduce memory usage. Loaded Objects now: 1601.
Total: 1.746200 ms (FindLiveObjects: 0.245200 ms CreateObjectMapping: 0.066600 ms MarkObjects: 1.367000 ms  DeleteObjects: 0.065800 ms)

========================================================================
Received Prepare
Registering precompiled user dll's ...
Registered in 0.000799 seconds.
Begin MonoManager ReloadAssembly
Native extension for Lumin target not found
Native extension for LinuxStandalone target not found
Native extension for WindowsStandalone target not found
Native extension for OSXStandalone target not found
Native extension for WebGL target not found
Refreshing native plugins compatible for Editor in 0.35 ms, found 0 plugins.
Preloading 0 native plugins for Editor in 0.00 ms.
Invoked RoslynAnalysisRunner static constructor.
RoslynAnalysisRunner will not be running.
RoslynAnalysisRunner has terminated.
Mono: successfully reloaded assembly
- Completed reload, in  1.253 seconds
Platform modules already initialized, skipping
Refreshing native plugins compatible for Editor in 0.20 ms, found 0 plugins.
Preloading 0 native plugins for Editor in 0.00 ms.
Unloading 1069 Unused Serialized files (Serialized files now loaded: 0)
System memory in use before: 60.7 MB.
System memory in use after: 60.8 MB.

Unloading 4 unused Assets to reduce memory usage. Loaded Objects now: 1603.
Total: 2.330800 ms (FindLiveObjects: 0.173300 ms CreateObjectMapping: 0.043700 ms MarkObjects: 2.049600 ms  DeleteObjects: 0.062700 ms)

========================================================================
Received Import Request.
  Time since last request: 4463.303774 seconds.
  path: Assets/unnamed copy.PNG
  artifactKey: Guid(02b34d10c50c2904db4c77ed0212b8b5) Importer(815301076,1909f56bfc062723c751e8b465ee728b)
Start importing Assets/unnamed copy.PNG using Guid(02b34d10c50c2904db4c77ed0212b8b5) Importer(815301076,1909f56bfc062723c751e8b465ee728b)  -> (artifact id: '61e0c34fb41a0c152ff3ac462e04f265') in 0.111083 seconds
  Import took 0.114371 seconds .

========================================================================
Received Import Request.
  Time since last request: 12.020204 seconds.
  path: Assets/New Material 1.mat
  artifactKey: Guid(2bcd3a9f141ee8c4c9b7d6b1db483b7d) Importer(815301076,1909f56bfc062723c751e8b465ee728b)
Start importing Assets/New Material 1.mat using Guid(2bcd3a9f141ee8c4c9b7d6b1db483b7d) Importer(815301076,1909f56bfc062723c751e8b465ee728b)  -> (artifact id: '4d4cac70ce3ceff021aa0def5478a984') in 0.064930 seconds
  Import took 0.092721 seconds .

========================================================================
Received Prepare
Registering precompiled user dll's ...
Registered in 0.000590 seconds.
Begin MonoManager ReloadAssembly
Native extension for Lumin target not found
Native extension for LinuxStandalone target not found
Native extension for WindowsStandalone target not found
Native extension for OSXStandalone target not found
Native extension for WebGL target not found
Refreshing native plugins compatible for Editor in 0.21 ms, found 0 plugins.
Preloading 0 native plugins for Editor in 0.00 ms.
Invoked RoslynAnalysisRunner static constructor.
RoslynAnalysisRunner will not be running.
RoslynAnalysisRunner has terminated.
Mono: successfully reloaded assembly
- Completed reload, in  0.900 seconds
Platform modules already initialized, skipping
Refreshing native plugins compatible for Editor in 0.28 ms, found 0 plugins.
Preloading 0 native plugins for Editor in 0.00 ms.
Unloading 1069 Unused Serialized files (Serialized files now loaded: 0)
System memory in use before: 60.8 MB.
System memory in use after: 60.9 MB.

Unloading 4 unused Assets to reduce memory usage. Loaded Objects now: 1607.
Total: 1.735200 ms (FindLiveObjects: 0.145200 ms CreateObjectMapping: 0.034800 ms MarkObjects: 1.492000 ms  DeleteObjects: 0.062100 ms)

========================================================================
Received Prepare
Registering precompiled user dll's ...
Registered in 0.000656 seconds.
Begin MonoManager ReloadAssembly
Native extension for Lumin target not found
Native extension for LinuxStandalone target not found
Native extension for WindowsStandalone target not found
Native extension for OSXStandalone target not found
Native extension for WebGL target not found
Refreshing native plugins compatible for Editor in 0.25 ms, found 0 plugins.
Preloading 0 native plugins for Editor in 0.00 ms.
Invoked RoslynAnalysisRunner static constructor.
RoslynAnalysisRunner will not be running.
RoslynAnalysisRunner has terminated.
Mono: successfully reloaded assembly
- Completed reload, in  0.935 seconds
Platform modules already initialized, skipping
Refreshing native plugins compatible for Editor in 0.21 ms, found 0 plugins.
Preloading 0 native plugins for Editor in 0.00 ms.
Unloading 1069 Unused Serialized files (Serialized files now loaded: 0)
System memory in use before: 61.0 MB.
System memory in use after: 61.0 MB.

Unloading 4 unused Assets to reduce memory usage. Loaded Objects now: 1609.
Total: 1.836400 ms (FindLiveObjects: 0.183300 ms CreateObjectMapping: 0.041900 ms MarkObjects: 1.546100 ms  DeleteObjects: 0.064300 ms)

========================================================================
Received Import Request.
  Time since last request: 1234.302402 seconds.
  path: Assets/New Material.mat
  artifactKey: Guid(b7f88539c28f5a64fadcbed400f5fd0f) Importer(815301076,1909f56bfc062723c751e8b465ee728b)
Start importing Assets/New Material.mat using Guid(b7f88539c28f5a64fadcbed400f5fd0f) Importer(815301076,1909f56bfc062723c751e8b465ee728b)  -> (artifact id: '516383d4218a1f5ceee6122073c21294') in 0.087894 seconds
  Import took 0.090873 seconds .

========================================================================
Received Import Request.
  Time since last request: 0.000198 seconds.
  path: Assets/zerre.mat
  artifactKey: Guid(2bcd3a9f141ee8c4c9b7d6b1db483b7d) Importer(815301076,1909f56bfc062723c751e8b465ee728b)
Start importing Assets/zerre.mat using Guid(2bcd3a9f141ee8c4c9b7d6b1db483b7d) Importer(815301076,1909f56bfc062723c751e8b465ee728b)  -> (artifact id: 'b40f9eb82c3638cbb4f4f979824a06cf') in 0.023065 seconds
  Import took 0.025413 seconds .

AssetImportWorkerClient::OnTransportError - code=2 error=End of file
