Using pre-set license
Built from '2020.2/release' branch; Version is '2020.2.2f1 (068178b99f32) revision 426360'; Using compiler version '192528614'; Build Type 'Release'
OS: 'Windows 10 Home Single Language; OS build 18363.1316; Version 1909; 64bit' Language: 'tr' Physical Memory: 16025 MB
BatchMode: 1, IsHumanControllingUs: 0, StartBugReporterOnCrash: 0, Is64bit: 1, IsPro: 0

 COMMAND LINE ARGUMENTS:
C:\Program Files\Unity\Hub\Editor\2020.2.2f1\Editor\Unity.exe
-adb2
-batchMode
-noUpm
-name
AssetImportWorker0
-projectPath
D:/masaüstü/unity/projes/022_Kullanici_Ara_Birimleri_Text_Mesh_Pro - Kopya
-logFile
Logs/AssetImportWorker0.log
-srvPort
50160
Successfully changed project path to: D:/masaüstü/unity/projes/022_Kullanici_Ara_Birimleri_Text_Mesh_Pro - Kopya
D:/masaüstü/unity/projes/022_Kullanici_Ara_Birimleri_Text_Mesh_Pro - Kopya
Using Asset Import Pipeline V2.
Refreshing native plugins compatible for Editor in 28.26 ms, found 0 plugins.
Preloading 0 native plugins for Editor in 0.00 ms.
Initialize engine version: 2020.2.2f1 (068178b99f32)
[Subsystems] Discovering subsystems at path C:/Program Files/Unity/Hub/Editor/2020.2.2f1/Editor/Data/Resources/UnitySubsystems
[Subsystems] Discovering subsystems at path D:/masaüstü/unity/projes/022_Kullanici_Ara_Birimleri_Text_Mesh_Pro - Kopya/Assets
GfxDevice: creating device client; threaded=0
Direct3D:
    Version:  Direct3D 11.0 [level 11.1]
    Renderer: NVIDIA GeForce GTX 1050 (ID=0x1c8d)
    Vendor:   
    VRAM:     4019 MB
    Driver:   25.21.14.1634
Initialize mono
Mono path[0] = 'C:/Program Files/Unity/Hub/Editor/2020.2.2f1/Editor/Data/Managed'
Mono path[1] = 'C:/Program Files/Unity/Hub/Editor/2020.2.2f1/Editor/Data/MonoBleedingEdge/lib/mono/unityjit'
Mono config path = 'C:/Program Files/Unity/Hub/Editor/2020.2.2f1/Editor/Data/MonoBleedingEdge/etc'
Using monoOptions --debugger-agent=transport=dt_socket,embedding=1,server=y,suspend=n,address=127.0.0.1:56292
Begin MonoManager ReloadAssembly
Registering precompiled unity dll's ...
Register platform support module: C:/Program Files/Unity/Hub/Editor/2020.2.2f1/Editor/Data/PlaybackEngines/WebGLSupport/UnityEditor.WebGL.Extensions.dll
Register platform support module: C:/Program Files/Unity/Hub/Editor/2020.2.2f1/Editor/Data/PlaybackEngines/MacStandaloneSupport/UnityEditor.OSXStandalone.Extensions.dll
Register platform support module: C:/Program Files/Unity/Hub/Editor/2020.2.2f1/Editor/Data/PlaybackEngines/WindowsStandaloneSupport/UnityEditor.WindowsStandalone.Extensions.dll
Register platform support module: C:/Program Files/Unity/Hub/Editor/2020.2.2f1/Editor/Data/PlaybackEngines/LinuxStandaloneSupport/UnityEditor.LinuxStandalone.Extensions.dll
Register platform support module: C:/Program Files/Unity/Hub/Editor/2020.2.2f1/Editor/Data/PlaybackEngines/LuminSupport/UnityEditor.Lumin.Extensions.dll
Registered in 0.004070 seconds.
Native extension for Lumin target not found
Native extension for LinuxStandalone target not found
Native extension for WindowsStandalone target not found
Native extension for OSXStandalone target not found
Native extension for WebGL target not found
Refreshing native plugins compatible for Editor in 25.18 ms, found 0 plugins.
Preloading 0 native plugins for Editor in 0.00 ms.
Invoked RoslynAnalysisRunner static constructor.
RoslynAnalysisRunner will not be running.
RoslynAnalysisRunner has terminated.
Mono: successfully reloaded assembly
- Completed reload, in  2.067 seconds
Platform modules already initialized, skipping
Registering precompiled user dll's ...
Registered in 0.000567 seconds.
Begin MonoManager ReloadAssembly
Native extension for Lumin target not found
Native extension for LinuxStandalone target not found
Native extension for WindowsStandalone target not found
Native extension for OSXStandalone target not found
Native extension for WebGL target not found
Refreshing native plugins compatible for Editor in 0.22 ms, found 0 plugins.
Preloading 0 native plugins for Editor in 0.00 ms.
Invoked RoslynAnalysisRunner static constructor.
RoslynAnalysisRunner will not be running.
RoslynAnalysisRunner has terminated.
Mono: successfully reloaded assembly
- Completed reload, in  0.857 seconds
Platform modules already initialized, skipping
========================================================================
Worker process is ready to serve import requests
Launched and connected shader compiler UnityShaderCompiler.exe after 0.04 seconds
Refreshing native plugins compatible for Editor in 0.22 ms, found 0 plugins.
Preloading 0 native plugins for Editor in 0.00 ms.
Unloading 1129 Unused Serialized files (Serialized files now loaded: 0)
System memory in use before: 59.7 MB.
System memory in use after: 59.7 MB.

Unloading 9 unused Assets to reduce memory usage. Loaded Objects now: 1573.
Total: 1.728300 ms (FindLiveObjects: 0.155000 ms CreateObjectMapping: 0.045100 ms MarkObjects: 1.439200 ms  DeleteObjects: 0.088200 ms)

========================================================================
Received Import Request.
  path: Assets/LowPolyGround/Textures/computer-mouse-buttons.png
  artifactKey: Guid(8892741a9ff73004f8e47a4d4c42c0b5) Importer(815301076,1909f56bfc062723c751e8b465ee728b)
Start importing Assets/LowPolyGround/Textures/computer-mouse-buttons.png using Guid(8892741a9ff73004f8e47a4d4c42c0b5) Importer(815301076,1909f56bfc062723c751e8b465ee728b)  -> (artifact id: 'd7e6ea87165b2569f4c6a54d13ecff4a') in 0.149069 seconds
  Import took 0.151074 seconds .

========================================================================
Received Import Request.
  Time since last request: 0.000207 seconds.
  path: Assets/LowPolyGround/TutorialInfo/Resources/Small4.jpg
  artifactKey: Guid(fa9a602c7b15dbf4495f8fbafa2ea6b9) Importer(815301076,1909f56bfc062723c751e8b465ee728b)
Start importing Assets/LowPolyGround/TutorialInfo/Resources/Small4.jpg using Guid(fa9a602c7b15dbf4495f8fbafa2ea6b9) Importer(815301076,1909f56bfc062723c751e8b465ee728b)  -> (artifact id: 'bf85621fe782f8248150d39a45351f7f') in 0.031469 seconds
  Import took 0.033935 seconds .

========================================================================
Received Import Request.
  Time since last request: 0.000185 seconds.
  path: Assets/LowPolyGround/TutorialInfo/Resources/Small1.jpg
  artifactKey: Guid(107e8030e7b339e4a855bad327a91f9e) Importer(815301076,1909f56bfc062723c751e8b465ee728b)
Start importing Assets/LowPolyGround/TutorialInfo/Resources/Small1.jpg using Guid(107e8030e7b339e4a855bad327a91f9e) Importer(815301076,1909f56bfc062723c751e8b465ee728b)  -> (artifact id: 'cde6ab9963d2277e3d871a33c0b14539') in 0.033918 seconds
  Import took 0.037678 seconds .

========================================================================
Received Import Request.
  Time since last request: 0.000726 seconds.
  path: Assets/LowPolyGround/TutorialInfo/Resources/Small.jpg
  artifactKey: Guid(c9aa6b8db6a707d47b3dc9f5d8198753) Importer(815301076,1909f56bfc062723c751e8b465ee728b)
Start importing Assets/LowPolyGround/TutorialInfo/Resources/Small.jpg using Guid(c9aa6b8db6a707d47b3dc9f5d8198753) Importer(815301076,1909f56bfc062723c751e8b465ee728b)  -> (artifact id: 'f1d3c65a9b16df5c7f841e4fbec0145d') in 0.035782 seconds
  Import took 0.038971 seconds .

========================================================================
Received Import Request.
  Time since last request: 0.000194 seconds.
  path: Assets/LowPolyGround/TutorialInfo/Resources/Small2.png
  artifactKey: Guid(2db9add5d14547b449f586201e82c021) Importer(815301076,1909f56bfc062723c751e8b465ee728b)
Start importing Assets/LowPolyGround/TutorialInfo/Resources/Small2.png using Guid(2db9add5d14547b449f586201e82c021) Importer(815301076,1909f56bfc062723c751e8b465ee728b)  -> (artifact id: 'ff69d7d6fa46d721f33ffcb6de613bc6') in 0.032903 seconds
  Import took 0.035927 seconds .

========================================================================
Received Import Request.
  Time since last request: 0.000210 seconds.
  path: Assets/LowPolyGround/TutorialInfo/Resources/Small3.jpg
  artifactKey: Guid(87d480ad2278b8149b7ea7ee17b800a4) Importer(815301076,1909f56bfc062723c751e8b465ee728b)
Start importing Assets/LowPolyGround/TutorialInfo/Resources/Small3.jpg using Guid(87d480ad2278b8149b7ea7ee17b800a4) Importer(815301076,1909f56bfc062723c751e8b465ee728b)  -> (artifact id: 'dcdd6197d093bc53a5b4bbe23b0f3fcc') in 0.034089 seconds
  Import took 0.037645 seconds .

========================================================================
Received Import Request.
  Time since last request: 90.981352 seconds.
  path: Assets/TextMesh Pro/Examples & Extras/Resources/Fonts & Materials/Oswald Bold SDF.asset
  artifactKey: Guid(0161d805a3764c089bef00bfe00793f5) Importer(815301076,1909f56bfc062723c751e8b465ee728b)
Start importing Assets/TextMesh Pro/Examples & Extras/Resources/Fonts & Materials/Oswald Bold SDF.asset using Guid(0161d805a3764c089bef00bfe00793f5) Importer(815301076,1909f56bfc062723c751e8b465ee728b)  -> (artifact id: 'e578781823403d29074082f203b7d1d8') in 0.110758 seconds
  Import took 0.113702 seconds .

========================================================================
Received Import Request.
  Time since last request: 0.000205 seconds.
  path: Assets/TextMesh Pro/Examples & Extras/Resources/Fonts & Materials/Roboto-Bold SDF - Drop Shadow.mat
  artifactKey: Guid(b246c4190f4e46ec9352fe15a7b09ce0) Importer(815301076,1909f56bfc062723c751e8b465ee728b)
Start importing Assets/TextMesh Pro/Examples & Extras/Resources/Fonts & Materials/Roboto-Bold SDF - Drop Shadow.mat using Guid(b246c4190f4e46ec9352fe15a7b09ce0) Importer(815301076,1909f56bfc062723c751e8b465ee728b)  -> (artifact id: 'eb454077055829a691947966af3b4880') in 0.053822 seconds
  Import took 0.057215 seconds .

========================================================================
Received Import Request.
  Time since last request: 0.000239 seconds.
  path: Assets/TextMesh Pro/Examples & Extras/Resources/Fonts & Materials/Roboto-Bold SDF.asset
  artifactKey: Guid(5302535af1044152a457ed104f1f4b91) Importer(815301076,1909f56bfc062723c751e8b465ee728b)
Start importing Assets/TextMesh Pro/Examples & Extras/Resources/Fonts & Materials/Roboto-Bold SDF.asset using Guid(5302535af1044152a457ed104f1f4b91) Importer(815301076,1909f56bfc062723c751e8b465ee728b)  -> (artifact id: '559680a46e9386fca9bc1b86764f9775') in 0.345821 seconds
  Import took 0.349541 seconds .

========================================================================
Received Import Request.
  Time since last request: 0.000244 seconds.
  path: Assets/TextMesh Pro/Examples & Extras/Resources/Fonts & Materials/Roboto-Bold SDF - Drop Shadow.mat
  artifactKey: Guid(b246c4190f4e46ec9352fe15a7b09ce0) Importer(815301076,1909f56bfc062723c751e8b465ee728b)
Start importing Assets/TextMesh Pro/Examples & Extras/Resources/Fonts & Materials/Roboto-Bold SDF - Drop Shadow.mat using Guid(b246c4190f4e46ec9352fe15a7b09ce0) Importer(815301076,1909f56bfc062723c751e8b465ee728b)  -> (artifact id: 'eb454077055829a691947966af3b4880') in 0.024267 seconds
  Import took 0.026913 seconds .

========================================================================
Received Import Request.
  Time since last request: 0.000456 seconds.
  path: Assets/TextMesh Pro/Examples & Extras/Resources/Fonts & Materials/Roboto-Bold SDF - Surface.mat
  artifactKey: Guid(e6b276ec991f467aa14ef1f3cc665993) Importer(815301076,1909f56bfc062723c751e8b465ee728b)
Start importing Assets/TextMesh Pro/Examples & Extras/Resources/Fonts & Materials/Roboto-Bold SDF - Surface.mat using Guid(e6b276ec991f467aa14ef1f3cc665993) Importer(815301076,1909f56bfc062723c751e8b465ee728b)  -> (artifact id: '586bcf870b93fe6407507f55963ca935') in 0.164567 seconds
  Import took 0.166879 seconds .

========================================================================
Received Import Request.
  Time since last request: 2.264426 seconds.
  path: Assets/TextMesh Pro/Examples & Extras/Resources/Fonts & Materials/LiberationSans SDF - Soft Mask.mat
  artifactKey: Guid(42df1c7856584b6b8db9a509b6b10074) Importer(815301076,1909f56bfc062723c751e8b465ee728b)
Start importing Assets/TextMesh Pro/Examples & Extras/Resources/Fonts & Materials/LiberationSans SDF - Soft Mask.mat using Guid(42df1c7856584b6b8db9a509b6b10074) Importer(815301076,1909f56bfc062723c751e8b465ee728b)  -> (artifact id: '48a76a9c7dfc8e93ec8e012ce3bf81cd') in 0.047686 seconds
  Import took 0.051426 seconds .

========================================================================
Received Import Request.
  Time since last request: 0.000252 seconds.
  path: Assets/TextMesh Pro/Resources/Fonts & Materials/LiberationSans SDF - Outline.mat
  artifactKey: Guid(79459efec17a4d00a321bdcc27bbc385) Importer(815301076,1909f56bfc062723c751e8b465ee728b)
Start importing Assets/TextMesh Pro/Resources/Fonts & Materials/LiberationSans SDF - Outline.mat using Guid(79459efec17a4d00a321bdcc27bbc385) Importer(815301076,1909f56bfc062723c751e8b465ee728b)  -> (artifact id: 'fafc943c64d19888e1450ff75b3539da') in 0.096823 seconds
  Import took 0.099393 seconds .

========================================================================
Received Import Request.
  Time since last request: 0.000187 seconds.
  path: Assets/TextMesh Pro/Examples & Extras/Resources/Fonts & Materials/LiberationSans SDF - Overlay.mat
  artifactKey: Guid(9ad269c99dcf42b7aedefd83dd5a7b9d) Importer(815301076,1909f56bfc062723c751e8b465ee728b)
Start importing Assets/TextMesh Pro/Examples & Extras/Resources/Fonts & Materials/LiberationSans SDF - Overlay.mat using Guid(9ad269c99dcf42b7aedefd83dd5a7b9d) Importer(815301076,1909f56bfc062723c751e8b465ee728b)  -> (artifact id: '7b576fc10f05704e5638cb18498cc639') in 0.044706 seconds
  Import took 0.046830 seconds .

========================================================================
Received Import Request.
  Time since last request: 0.000163 seconds.
  path: Assets/TextMesh Pro/Resources/Fonts & Materials/LiberationSans SDF - Fallback.asset
  artifactKey: Guid(2e498d1c8094910479dc3e1b768306a4) Importer(815301076,1909f56bfc062723c751e8b465ee728b)
Start importing Assets/TextMesh Pro/Resources/Fonts & Materials/LiberationSans SDF - Fallback.asset using Guid(2e498d1c8094910479dc3e1b768306a4) Importer(815301076,1909f56bfc062723c751e8b465ee728b)  -> (artifact id: 'ef435a5b8ddca64a5b265e672bc56078') in 0.027578 seconds
  Import took 0.029823 seconds .

========================================================================
Received Import Request.
  Time since last request: 0.000192 seconds.
  path: Assets/TextMesh Pro/Resources/Fonts & Materials/LiberationSans SDF - Drop Shadow.mat
  artifactKey: Guid(e73a58f6e2794ae7b1b7e50b7fb811b0) Importer(815301076,1909f56bfc062723c751e8b465ee728b)
Start importing Assets/TextMesh Pro/Resources/Fonts & Materials/LiberationSans SDF - Drop Shadow.mat using Guid(e73a58f6e2794ae7b1b7e50b7fb811b0) Importer(815301076,1909f56bfc062723c751e8b465ee728b)  -> (artifact id: 'c07b93f041c59bf82658c8a697559aae') in 0.046977 seconds
  Import took 0.049554 seconds .

========================================================================
Received Import Request.
  Time since last request: 0.000177 seconds.
  path: Assets/TextMesh Pro/Examples & Extras/Materials/Ground - Surface Shader Scene.mat
  artifactKey: Guid(aadd5a709a48466c887296bb5b1b8110) Importer(815301076,1909f56bfc062723c751e8b465ee728b)
Start importing Assets/TextMesh Pro/Examples & Extras/Materials/Ground - Surface Shader Scene.mat using Guid(aadd5a709a48466c887296bb5b1b8110) Importer(815301076,1909f56bfc062723c751e8b465ee728b)  -> (artifact id: '44ba17a0ca931588cdf197211821b9ce') in 0.034420 seconds
  Import took 0.036772 seconds .

========================================================================
Received Import Request.
  Time since last request: 0.000224 seconds.
  path: Assets/TextMesh Pro/Examples & Extras/Materials/Ground - Logo Scene.mat
  artifactKey: Guid(c719e38f25a9480abd2480ab621a2949) Importer(815301076,1909f56bfc062723c751e8b465ee728b)
Start importing Assets/TextMesh Pro/Examples & Extras/Materials/Ground - Logo Scene.mat using Guid(c719e38f25a9480abd2480ab621a2949) Importer(815301076,1909f56bfc062723c751e8b465ee728b)  -> (artifact id: '8d9dcb8fde4bd74ec9f9e7bb7e41fe09') in 0.271119 seconds
  Import took 0.273356 seconds .

========================================================================
Received Import Request.
  Time since last request: 0.000162 seconds.
  path: Assets/TextMesh Pro/Examples & Extras/Fonts/Oswald-Bold.ttf
  artifactKey: Guid(c9f6d0e7bc8541498c9a4799ba184ede) Importer(815301076,1909f56bfc062723c751e8b465ee728b)
Start importing Assets/TextMesh Pro/Examples & Extras/Fonts/Oswald-Bold.ttf using Guid(c9f6d0e7bc8541498c9a4799ba184ede) Importer(815301076,1909f56bfc062723c751e8b465ee728b)  -> (artifact id: '2392467fcbd98d2976600e3a52d1626e') in 0.026664 seconds
  Import took 0.029017 seconds .

========================================================================
Received Import Request.
  Time since last request: 0.000189 seconds.
  path: Assets/TextMesh Pro/Examples & Extras/Fonts/Roboto-Bold.ttf
  artifactKey: Guid(4beb055f07aaff244873dec698d0363e) Importer(815301076,1909f56bfc062723c751e8b465ee728b)
Start importing Assets/TextMesh Pro/Examples & Extras/Fonts/Roboto-Bold.ttf using Guid(4beb055f07aaff244873dec698d0363e) Importer(815301076,1909f56bfc062723c751e8b465ee728b)  -> (artifact id: '593d771c4fa207137de464e1751d4197') in 0.015995 seconds
  Import took 0.018391 seconds .

========================================================================
Received Import Request.
  Time since last request: 0.000185 seconds.
  path: Assets/TextMesh Pro/Examples & Extras/Fonts/Electronic Highway Sign.TTF
  artifactKey: Guid(8a2b9e2a607dd2143b58c44bc32410b4) Importer(815301076,1909f56bfc062723c751e8b465ee728b)
Start importing Assets/TextMesh Pro/Examples & Extras/Fonts/Electronic Highway Sign.TTF using Guid(8a2b9e2a607dd2143b58c44bc32410b4) Importer(815301076,1909f56bfc062723c751e8b465ee728b)  -> (artifact id: 'c4c8c300660b1a8888660816e25af228') in 0.024396 seconds
  Import took 0.027158 seconds .

========================================================================
Received Import Request.
  Time since last request: 0.000196 seconds.
  path: Assets/TextMesh Pro/Fonts/LiberationSans.ttf
  artifactKey: Guid(e3265ab4bf004d28a9537516768c1c75) Importer(815301076,1909f56bfc062723c751e8b465ee728b)
Start importing Assets/TextMesh Pro/Fonts/LiberationSans.ttf using Guid(e3265ab4bf004d28a9537516768c1c75) Importer(815301076,1909f56bfc062723c751e8b465ee728b)  -> (artifact id: '9480b29b99d0ba047a2a2c5542b0dea5') in 0.014784 seconds
  Import took 0.017398 seconds .

========================================================================
Received Import Request.
  Time since last request: 0.000216 seconds.
  path: Assets/TextMesh Pro/Examples & Extras/Fonts/Bangers.ttf
  artifactKey: Guid(5dd49b3eacc540408c98eee0de38e0f1) Importer(815301076,1909f56bfc062723c751e8b465ee728b)
Start importing Assets/TextMesh Pro/Examples & Extras/Fonts/Bangers.ttf using Guid(5dd49b3eacc540408c98eee0de38e0f1) Importer(815301076,1909f56bfc062723c751e8b465ee728b)  -> (artifact id: '77ee8c33b058d437be65665af5309598') in 0.015583 seconds
  Import took 0.018322 seconds .

========================================================================
Received Import Request.
  Time since last request: 0.000201 seconds.
  path: Assets/TextMesh Pro/Examples & Extras/Resources/Fonts & Materials/LiberationSans SDF - Metalic Green.mat
  artifactKey: Guid(8b29aaa3eec7468097ff07adfcf29ac9) Importer(815301076,1909f56bfc062723c751e8b465ee728b)
Start importing Assets/TextMesh Pro/Examples & Extras/Resources/Fonts & Materials/LiberationSans SDF - Metalic Green.mat using Guid(8b29aaa3eec7468097ff07adfcf29ac9) Importer(815301076,1909f56bfc062723c751e8b465ee728b)  -> (artifact id: 'cb08e523c69a55a1cbf69dbb685ca01a') in 0.061391 seconds
  Import took 0.064251 seconds .

========================================================================
Received Import Request.
  Time since last request: 0.000174 seconds.
  path: Assets/TextMesh Pro/Examples & Extras/Materials/Crate - Surface Shader Scene.mat
  artifactKey: Guid(e6b9b44320f4448d9d5e0ee634259966) Importer(815301076,1909f56bfc062723c751e8b465ee728b)
Start importing Assets/TextMesh Pro/Examples & Extras/Materials/Crate - Surface Shader Scene.mat using Guid(e6b9b44320f4448d9d5e0ee634259966) Importer(815301076,1909f56bfc062723c751e8b465ee728b)  -> (artifact id: '9b23c6c6dc1239b806f4636d2fa2f620') in 0.213913 seconds
  Import took 0.215975 seconds .

========================================================================
Received Import Request.
  Time since last request: 0.000177 seconds.
  path: Assets/TextMesh Pro/Examples & Extras/Resources/Fonts & Materials/Electronic Highway Sign SDF.asset
  artifactKey: Guid(dc36b3fdc14f47ebb36fd484a67e268a) Importer(815301076,1909f56bfc062723c751e8b465ee728b)
Start importing Assets/TextMesh Pro/Examples & Extras/Resources/Fonts & Materials/Electronic Highway Sign SDF.asset using Guid(dc36b3fdc14f47ebb36fd484a67e268a) Importer(815301076,1909f56bfc062723c751e8b465ee728b)  -> (artifact id: 'c847abb9d0ccfee7451ac95869b87d24') in 0.036416 seconds
  Import took 0.038728 seconds .

========================================================================
Received Import Request.
  Time since last request: 0.000188 seconds.
  path: Assets/TextMesh Pro/Examples & Extras/Resources/Fonts & Materials/Bangers SDF.asset
  artifactKey: Guid(125cb55b44b24c4393181402bc6200e6) Importer(815301076,1909f56bfc062723c751e8b465ee728b)
Start importing Assets/TextMesh Pro/Examples & Extras/Resources/Fonts & Materials/Bangers SDF.asset using Guid(125cb55b44b24c4393181402bc6200e6) Importer(815301076,1909f56bfc062723c751e8b465ee728b)  -> (artifact id: '5cb2f22ddece4da63f44078b16f707c6') in 0.041889 seconds
  Import took 0.044247 seconds .

========================================================================
Received Import Request.
  Time since last request: 0.000181 seconds.
  path: Assets/TextMesh Pro/Examples & Extras/Resources/Fonts & Materials/Bangers SDF Logo.mat
  artifactKey: Guid(f4e195ac1e204eff960149d1cb34e18c) Importer(815301076,1909f56bfc062723c751e8b465ee728b)
Start importing Assets/TextMesh Pro/Examples & Extras/Resources/Fonts & Materials/Bangers SDF Logo.mat using Guid(f4e195ac1e204eff960149d1cb34e18c) Importer(815301076,1909f56bfc062723c751e8b465ee728b)  -> (artifact id: '5bc5453e0c60762e3b7d5475c9b6aa8d') in 0.357936 seconds
  Import took 0.360600 seconds .

========================================================================
Received Import Request.
  Time since last request: 0.000214 seconds.
  path: Assets/TextMesh Pro/Examples & Extras/Fonts/Anton.ttf
  artifactKey: Guid(997a43b767814dd0a7642ec9b78cba41) Importer(815301076,1909f56bfc062723c751e8b465ee728b)
Start importing Assets/TextMesh Pro/Examples & Extras/Fonts/Anton.ttf using Guid(997a43b767814dd0a7642ec9b78cba41) Importer(815301076,1909f56bfc062723c751e8b465ee728b)  -> (artifact id: 'cb9a35c75e69cedb23cf86d9d824d83d') in 0.019042 seconds
  Import took 0.021622 seconds .

========================================================================
Received Import Request.
  Time since last request: 0.509494 seconds.
  path: Assets/TextMesh Pro/Examples & Extras/Resources/Fonts & Materials/Bangers SDF - Outline.mat
  artifactKey: Guid(f629c6e43dba4bf38cb74d8860150664) Importer(815301076,1909f56bfc062723c751e8b465ee728b)
Start importing Assets/TextMesh Pro/Examples & Extras/Resources/Fonts & Materials/Bangers SDF - Outline.mat using Guid(f629c6e43dba4bf38cb74d8860150664) Importer(815301076,1909f56bfc062723c751e8b465ee728b)  -> (artifact id: '70048a741149461ff8b1dc47e42374a3') in 0.039446 seconds
  Import took 0.042339 seconds .

========================================================================
Received Import Request.
  Time since last request: 0.000205 seconds.
  path: Assets/TextMesh Pro/Examples & Extras/Resources/Fonts & Materials/Bangers SDF Glow.mat
  artifactKey: Guid(d75b8f41e959450c84ac6e967084d3e1) Importer(815301076,1909f56bfc062723c751e8b465ee728b)
Start importing Assets/TextMesh Pro/Examples & Extras/Resources/Fonts & Materials/Bangers SDF Glow.mat using Guid(d75b8f41e959450c84ac6e967084d3e1) Importer(815301076,1909f56bfc062723c751e8b465ee728b)  -> (artifact id: 'd62ec08f4f1c576b51c1a950d9ebd959') in 0.129927 seconds
  Import took 0.132008 seconds .

========================================================================
Received Import Request.
  Time since last request: 0.000179 seconds.
  path: Assets/TextMesh Pro/Examples & Extras/Resources/Fonts & Materials/Anton SDF.asset
  artifactKey: Guid(8a89fa14b10d46a99122fd4f73fca9a2) Importer(815301076,1909f56bfc062723c751e8b465ee728b)
Start importing Assets/TextMesh Pro/Examples & Extras/Resources/Fonts & Materials/Anton SDF.asset using Guid(8a89fa14b10d46a99122fd4f73fca9a2) Importer(815301076,1909f56bfc062723c751e8b465ee728b)  -> (artifact id: '8339b14f725d969202843f695d9fd76e') in 0.039350 seconds
  Import took 0.042904 seconds .

========================================================================
Received Import Request.
  Time since last request: 0.000463 seconds.
  path: Assets/TextMesh Pro/Examples & Extras/Resources/Fonts & Materials/Bangers SDF - Drop Shadow.mat
  artifactKey: Guid(f2dcf029949142e28b974630369c8b4e) Importer(815301076,1909f56bfc062723c751e8b465ee728b)
Start importing Assets/TextMesh Pro/Examples & Extras/Resources/Fonts & Materials/Bangers SDF - Drop Shadow.mat using Guid(f2dcf029949142e28b974630369c8b4e) Importer(815301076,1909f56bfc062723c751e8b465ee728b)  -> (artifact id: '0400669787c3fb92cec360b005a54a6e') in 0.042142 seconds
  Import took 0.044817 seconds .

========================================================================
Received Import Request.
  Time since last request: 0.000172 seconds.
  path: Assets/TextMesh Pro/Examples & Extras/Resources/Fonts & Materials/Anton SDF.asset
  artifactKey: Guid(8a89fa14b10d46a99122fd4f73fca9a2) Importer(815301076,1909f56bfc062723c751e8b465ee728b)
Start importing Assets/TextMesh Pro/Examples & Extras/Resources/Fonts & Materials/Anton SDF.asset using Guid(8a89fa14b10d46a99122fd4f73fca9a2) Importer(815301076,1909f56bfc062723c751e8b465ee728b)  -> (artifact id: '8339b14f725d969202843f695d9fd76e') in 0.029512 seconds
  Import took 0.031651 seconds .

========================================================================
Received Import Request.
  Time since last request: 6.494472 seconds.
  path: Assets/TextMesh Pro/Examples & Extras/Resources/Fonts & Materials/Anton SDF - Outline.mat
  artifactKey: Guid(a00013af81304728b2be1f4309ee2433) Importer(815301076,1909f56bfc062723c751e8b465ee728b)
Start importing Assets/TextMesh Pro/Examples & Extras/Resources/Fonts & Materials/Anton SDF - Outline.mat using Guid(a00013af81304728b2be1f4309ee2433) Importer(815301076,1909f56bfc062723c751e8b465ee728b)  -> (artifact id: 'cad87c512c98e00423a5c6cb0e37b713') in 0.041610 seconds
  Import took 0.044023 seconds .

========================================================================
Received Import Request.
  Time since last request: 0.000168 seconds.
  path: Assets/TextMesh Pro/Examples & Extras/Resources/Fonts & Materials/Anton SDF - Sunny Days.mat
  artifactKey: Guid(6522f30e342599e4e9dd4cc2cc03c830) Importer(815301076,1909f56bfc062723c751e8b465ee728b)
Start importing Assets/TextMesh Pro/Examples & Extras/Resources/Fonts & Materials/Anton SDF - Sunny Days.mat using Guid(6522f30e342599e4e9dd4cc2cc03c830) Importer(815301076,1909f56bfc062723c751e8b465ee728b)  -> (artifact id: '2158a03297f4922ab53c00a15683d030') in 0.148996 seconds
  Import took 0.150989 seconds .

========================================================================
Received Import Request.
  Time since last request: 0.106409 seconds.
  path: Assets/TextMesh Pro/Examples & Extras/Resources/Fonts & Materials/Anton SDF - Drop Shadow.mat
  artifactKey: Guid(749b9069dc4742c5bfa5c74644049926) Importer(815301076,1909f56bfc062723c751e8b465ee728b)
Start importing Assets/TextMesh Pro/Examples & Extras/Resources/Fonts & Materials/Anton SDF - Drop Shadow.mat using Guid(749b9069dc4742c5bfa5c74644049926) Importer(815301076,1909f56bfc062723c751e8b465ee728b)  -> (artifact id: '92626d14812e7912cee09aeefcb05d2f') in 0.038631 seconds
  Import took 0.041210 seconds .

========================================================================
Received Prepare
Registering precompiled user dll's ...
Registered in 0.000626 seconds.
Begin MonoManager ReloadAssembly
Native extension for Lumin target not found
Native extension for LinuxStandalone target not found
Native extension for WindowsStandalone target not found
Native extension for OSXStandalone target not found
Native extension for WebGL target not found
Refreshing native plugins compatible for Editor in 0.21 ms, found 0 plugins.
Preloading 0 native plugins for Editor in 0.00 ms.
Invoked RoslynAnalysisRunner static constructor.
RoslynAnalysisRunner will not be running.
RoslynAnalysisRunner has terminated.
Mono: successfully reloaded assembly
- Completed reload, in  0.796 seconds
Platform modules already initialized, skipping
Refreshing native plugins compatible for Editor in 0.22 ms, found 0 plugins.
Preloading 0 native plugins for Editor in 0.00 ms.
Unloading 1111 Unused Serialized files (Serialized files now loaded: 0)
System memory in use before: 63.4 MB.
System memory in use after: 63.5 MB.

Unloading 4 unused Assets to reduce memory usage. Loaded Objects now: 1625.
Total: 1.601400 ms (FindLiveObjects: 0.143300 ms CreateObjectMapping: 0.036500 ms MarkObjects: 1.366500 ms  DeleteObjects: 0.053900 ms)

========================================================================
Received Import Request.
  Time since last request: 1386.410355 seconds.
  path: Assets/png-clipart-black-heart-illustration-heart-computer-icons-heart-shaped-silhouette-love-heart.png
  artifactKey: Guid(cdb65df7bb3743449bfd133ff8605e5a) Importer(815301076,1909f56bfc062723c751e8b465ee728b)
Start importing Assets/png-clipart-black-heart-illustration-heart-computer-icons-heart-shaped-silhouette-love-heart.png using Guid(cdb65df7bb3743449bfd133ff8605e5a) Importer(815301076,1909f56bfc062723c751e8b465ee728b)  -> (artifact id: 'd27ed530536fff77e0b0c993d7a4ea8c') in 0.050984 seconds
  Import took 0.054562 seconds .

========================================================================
Received Import Request.
  Time since last request: 36.312299 seconds.
  path: Assets/png-clipart-black-heart-illustration-heart-computer-icons-heart-shaped-silhouette-love-heart.png
  artifactKey: Guid(cdb65df7bb3743449bfd133ff8605e5a) Importer(815301076,1909f56bfc062723c751e8b465ee728b)
Start importing Assets/png-clipart-black-heart-illustration-heart-computer-icons-heart-shaped-silhouette-love-heart.png using Guid(cdb65df7bb3743449bfd133ff8605e5a) Importer(815301076,1909f56bfc062723c751e8b465ee728b)  -> (artifact id: '9bc4e8870c6dc06fbaf39bf6fe5f6a22') in 0.058996 seconds
  Import took 0.061527 seconds .

========================================================================
Received Import Request.
  Time since last request: 133.910253 seconds.
  path: Assets/kalp.png
  artifactKey: Guid(1f2aa6cd4184f8d4d8462b179d17b057) Importer(815301076,1909f56bfc062723c751e8b465ee728b)
Start importing Assets/kalp.png using Guid(1f2aa6cd4184f8d4d8462b179d17b057) Importer(815301076,1909f56bfc062723c751e8b465ee728b)  -> (artifact id: '0f4370000b8fbe44a603712f832ac911') in 0.020361 seconds
  Import took 0.023117 seconds .

========================================================================
Received Import Request.
  Time since last request: 11.274250 seconds.
  path: Assets/kalp.png
  artifactKey: Guid(1f2aa6cd4184f8d4d8462b179d17b057) Importer(815301076,1909f56bfc062723c751e8b465ee728b)
Start importing Assets/kalp.png using Guid(1f2aa6cd4184f8d4d8462b179d17b057) Importer(815301076,1909f56bfc062723c751e8b465ee728b)  -> (artifact id: '91c40397e21e495a82146be9be59817b') in 0.031496 seconds
  Import took 0.034106 seconds .

========================================================================
Received Import Request.
  Time since last request: 186.824463 seconds.
  path: Assets/kalp 1.png
  artifactKey: Guid(8be3e4260a40d9347b2886e65ce0236c) Importer(815301076,1909f56bfc062723c751e8b465ee728b)
Start importing Assets/kalp 1.png using Guid(8be3e4260a40d9347b2886e65ce0236c) Importer(815301076,1909f56bfc062723c751e8b465ee728b)  -> (artifact id: '9c79cd11c8c4a0398336a40f40b4cdb1') in 0.033022 seconds
  Import took 0.035798 seconds .

========================================================================
Received Import Request.
  Time since last request: 0.001532 seconds.
  path: Assets/kalp 1.png
  artifactKey: Guid(8be3e4260a40d9347b2886e65ce0236c) Importer(815301076,1909f56bfc062723c751e8b465ee728b)
Start importing Assets/kalp 1.png using Guid(8be3e4260a40d9347b2886e65ce0236c) Importer(815301076,1909f56bfc062723c751e8b465ee728b)  -> (artifact id: '9c79cd11c8c4a0398336a40f40b4cdb1') in 0.013292 seconds
  Import took 0.015942 seconds .

========================================================================
Received Import Request.
  Time since last request: 24.389518 seconds.
  path: Assets/kalp 1.png
  artifactKey: Guid(8be3e4260a40d9347b2886e65ce0236c) Importer(815301076,1909f56bfc062723c751e8b465ee728b)
Start importing Assets/kalp 1.png using Guid(8be3e4260a40d9347b2886e65ce0236c) Importer(815301076,1909f56bfc062723c751e8b465ee728b)  -> (artifact id: '583761f6890e2296f778692d6bc74517') in 0.026380 seconds
  Import took 0.028660 seconds .

========================================================================
Received Import Request.
  Time since last request: 739.036435 seconds.
  path: Assets/zemin_script.cs
  artifactKey: Guid(97278e1961811dc489a29dfd897a9dac) Importer(815301076,1909f56bfc062723c751e8b465ee728b)
Start importing Assets/zemin_script.cs using Guid(97278e1961811dc489a29dfd897a9dac) Importer(815301076,1909f56bfc062723c751e8b465ee728b)  -> (artifact id: '5d53b58eedbd71eb8633bc588a188c6d') in 0.012207 seconds
  Import took 0.015702 seconds .

========================================================================
Received Prepare
Registering precompiled user dll's ...
Registered in 0.000668 seconds.
Begin MonoManager ReloadAssembly
Native extension for Lumin target not found
Native extension for LinuxStandalone target not found
Native extension for WindowsStandalone target not found
Native extension for OSXStandalone target not found
Native extension for WebGL target not found
Refreshing native plugins compatible for Editor in 0.23 ms, found 0 plugins.
Preloading 0 native plugins for Editor in 0.00 ms.
Invoked RoslynAnalysisRunner static constructor.
RoslynAnalysisRunner will not be running.
RoslynAnalysisRunner has terminated.
Mono: successfully reloaded assembly
- Completed reload, in  0.839 seconds
Platform modules already initialized, skipping
Refreshing native plugins compatible for Editor in 0.30 ms, found 0 plugins.
Preloading 0 native plugins for Editor in 0.00 ms.
Unloading 1111 Unused Serialized files (Serialized files now loaded: 0)
System memory in use before: 63.7 MB.
System memory in use after: 63.7 MB.

Unloading 4 unused Assets to reduce memory usage. Loaded Objects now: 1634.
Total: 1.689500 ms (FindLiveObjects: 0.149500 ms CreateObjectMapping: 0.042900 ms MarkObjects: 1.428800 ms  DeleteObjects: 0.066700 ms)

========================================================================
Received Import Request.
  Time since last request: 733.008680 seconds.
  path: Assets/zemin_script.cs
  artifactKey: Guid(97278e1961811dc489a29dfd897a9dac) Importer(815301076,1909f56bfc062723c751e8b465ee728b)
Start importing Assets/zemin_script.cs using Guid(97278e1961811dc489a29dfd897a9dac) Importer(815301076,1909f56bfc062723c751e8b465ee728b)  -> (artifact id: 'ed829504554adcf52cb8b98d5b4668f8') in 0.004089 seconds
  Import took 0.006393 seconds .

========================================================================
Received Prepare
Registering precompiled user dll's ...
Registered in 0.000575 seconds.
Begin MonoManager ReloadAssembly
Native extension for Lumin target not found
Native extension for LinuxStandalone target not found
Native extension for WindowsStandalone target not found
Native extension for OSXStandalone target not found
Native extension for WebGL target not found
Refreshing native plugins compatible for Editor in 0.25 ms, found 0 plugins.
Preloading 0 native plugins for Editor in 0.00 ms.
Invoked RoslynAnalysisRunner static constructor.
RoslynAnalysisRunner will not be running.
RoslynAnalysisRunner has terminated.
Mono: successfully reloaded assembly
- Completed reload, in  0.787 seconds
Platform modules already initialized, skipping
Refreshing native plugins compatible for Editor in 0.23 ms, found 0 plugins.
Preloading 0 native plugins for Editor in 0.00 ms.
Unloading 1111 Unused Serialized files (Serialized files now loaded: 0)
System memory in use before: 64.3 MB.
System memory in use after: 64.4 MB.

Unloading 4 unused Assets to reduce memory usage. Loaded Objects now: 1636.
Total: 2.652900 ms (FindLiveObjects: 0.244900 ms CreateObjectMapping: 0.073100 ms MarkObjects: 2.223500 ms  DeleteObjects: 0.109500 ms)

========================================================================
Received Prepare
Registering precompiled user dll's ...
Registered in 0.000588 seconds.
Begin MonoManager ReloadAssembly
Native extension for Lumin target not found
Native extension for LinuxStandalone target not found
Native extension for WindowsStandalone target not found
Native extension for OSXStandalone target not found
Native extension for WebGL target not found
Refreshing native plugins compatible for Editor in 0.22 ms, found 0 plugins.
Preloading 0 native plugins for Editor in 0.00 ms.
Invoked RoslynAnalysisRunner static constructor.
RoslynAnalysisRunner will not be running.
RoslynAnalysisRunner has terminated.
Mono: successfully reloaded assembly
- Completed reload, in  0.800 seconds
Platform modules already initialized, skipping
Refreshing native plugins compatible for Editor in 0.28 ms, found 0 plugins.
Preloading 0 native plugins for Editor in 0.00 ms.
Unloading 1111 Unused Serialized files (Serialized files now loaded: 0)
System memory in use before: 64.7 MB.
System memory in use after: 64.8 MB.

Unloading 4 unused Assets to reduce memory usage. Loaded Objects now: 1638.
Total: 1.558200 ms (FindLiveObjects: 0.153800 ms CreateObjectMapping: 0.037800 ms MarkObjects: 1.310500 ms  DeleteObjects: 0.055100 ms)

========================================================================
Received Prepare
Registering precompiled user dll's ...
Registered in 0.000577 seconds.
Begin MonoManager ReloadAssembly
Native extension for Lumin target not found
Native extension for LinuxStandalone target not found
Native extension for WindowsStandalone target not found
Native extension for OSXStandalone target not found
Native extension for WebGL target not found
Refreshing native plugins compatible for Editor in 1.10 ms, found 0 plugins.
Preloading 0 native plugins for Editor in 0.00 ms.
Invoked RoslynAnalysisRunner static constructor.
RoslynAnalysisRunner will not be running.
RoslynAnalysisRunner has terminated.
Mono: successfully reloaded assembly
- Completed reload, in  0.910 seconds
Platform modules already initialized, skipping
Refreshing native plugins compatible for Editor in 0.22 ms, found 0 plugins.
Preloading 0 native plugins for Editor in 0.00 ms.
Unloading 1111 Unused Serialized files (Serialized files now loaded: 0)
System memory in use before: 64.1 MB.
System memory in use after: 64.2 MB.

Unloading 4 unused Assets to reduce memory usage. Loaded Objects now: 1640.
Total: 1.834200 ms (FindLiveObjects: 0.150000 ms CreateObjectMapping: 0.038900 ms MarkObjects: 1.590100 ms  DeleteObjects: 0.054000 ms)

========================================================================
Received Prepare
Registering precompiled user dll's ...
Registered in 0.000561 seconds.
Begin MonoManager ReloadAssembly
Native extension for Lumin target not found
Native extension for LinuxStandalone target not found
Native extension for WindowsStandalone target not found
Native extension for OSXStandalone target not found
Native extension for WebGL target not found
Refreshing native plugins compatible for Editor in 0.22 ms, found 0 plugins.
Preloading 0 native plugins for Editor in 0.00 ms.
Invoked RoslynAnalysisRunner static constructor.
RoslynAnalysisRunner will not be running.
RoslynAnalysisRunner has terminated.
Mono: successfully reloaded assembly
- Completed reload, in  0.845 seconds
Platform modules already initialized, skipping
Refreshing native plugins compatible for Editor in 0.23 ms, found 0 plugins.
Preloading 0 native plugins for Editor in 0.00 ms.
Unloading 1111 Unused Serialized files (Serialized files now loaded: 0)
System memory in use before: 64.5 MB.
System memory in use after: 64.6 MB.

Unloading 4 unused Assets to reduce memory usage. Loaded Objects now: 1642.
Total: 1.574800 ms (FindLiveObjects: 0.155300 ms CreateObjectMapping: 0.040900 ms MarkObjects: 1.322100 ms  DeleteObjects: 0.055600 ms)

========================================================================
Received Prepare
Registering precompiled user dll's ...
Registered in 0.000760 seconds.
Begin MonoManager ReloadAssembly
Native extension for Lumin target not found
Native extension for LinuxStandalone target not found
Native extension for WindowsStandalone target not found
Native extension for OSXStandalone target not found
Native extension for WebGL target not found
Refreshing native plugins compatible for Editor in 0.39 ms, found 0 plugins.
Preloading 0 native plugins for Editor in 0.00 ms.
Invoked RoslynAnalysisRunner static constructor.
RoslynAnalysisRunner will not be running.
RoslynAnalysisRunner has terminated.
Mono: successfully reloaded assembly
- Completed reload, in  0.906 seconds
Platform modules already initialized, skipping
Refreshing native plugins compatible for Editor in 0.23 ms, found 0 plugins.
Preloading 0 native plugins for Editor in 0.00 ms.
Unloading 1111 Unused Serialized files (Serialized files now loaded: 0)
System memory in use before: 64.7 MB.
System memory in use after: 64.8 MB.

Unloading 4 unused Assets to reduce memory usage. Loaded Objects now: 1644.
Total: 2.039600 ms (FindLiveObjects: 0.308000 ms CreateObjectMapping: 0.087600 ms MarkObjects: 1.558400 ms  DeleteObjects: 0.083300 ms)

AssetImportWorkerClient::OnTransportError - code=2 error=End of file
