Using pre-set license
Built from '2020.2/release' branch; Version is '2020.2.2f1 (068178b99f32) revision 426360'; Using compiler version '192528614'; Build Type 'Release'
OS: 'Windows 10 Home Single Language; OS build 18363.1316; Version 1909; 64bit' Language: 'tr' Physical Memory: 16025 MB
BatchMode: 1, IsHumanControllingUs: 0, StartBugReporterOnCrash: 0, Is64bit: 1, IsPro: 0

 COMMAND LINE ARGUMENTS:
C:\Program Files\Unity\Hub\Editor\2020.2.2f1\Editor\Unity.exe
-adb2
-batchMode
-noUpm
-name
AssetImportWorker0
-projectPath
D:/masaüstü/unity/projes/023_Kulanici_Ara_Birimi_Image - Kopya
-logFile
Logs/AssetImportWorker0.log
-srvPort
55426
Successfully changed project path to: D:/masaüstü/unity/projes/023_Kulanici_Ara_Birimi_Image - Kopya
D:/masaüstü/unity/projes/023_Kulanici_Ara_Birimi_Image - Kopya
Using Asset Import Pipeline V2.
Refreshing native plugins compatible for Editor in 24.94 ms, found 0 plugins.
Preloading 0 native plugins for Editor in 0.00 ms.
Initialize engine version: 2020.2.2f1 (068178b99f32)
[Subsystems] Discovering subsystems at path C:/Program Files/Unity/Hub/Editor/2020.2.2f1/Editor/Data/Resources/UnitySubsystems
[Subsystems] Discovering subsystems at path D:/masaüstü/unity/projes/023_Kulanici_Ara_Birimi_Image - Kopya/Assets
GfxDevice: creating device client; threaded=0
Direct3D:
    Version:  Direct3D 11.0 [level 11.1]
    Renderer: NVIDIA GeForce GTX 1050 (ID=0x1c8d)
    Vendor:   
    VRAM:     4019 MB
    Driver:   25.21.14.1634
Initialize mono
Mono path[0] = 'C:/Program Files/Unity/Hub/Editor/2020.2.2f1/Editor/Data/Managed'
Mono path[1] = 'C:/Program Files/Unity/Hub/Editor/2020.2.2f1/Editor/Data/MonoBleedingEdge/lib/mono/unityjit'
Mono config path = 'C:/Program Files/Unity/Hub/Editor/2020.2.2f1/Editor/Data/MonoBleedingEdge/etc'
Using monoOptions --debugger-agent=transport=dt_socket,embedding=1,server=y,suspend=n,address=127.0.0.1:56940
Begin MonoManager ReloadAssembly
Registering precompiled unity dll's ...
Register platform support module: C:/Program Files/Unity/Hub/Editor/2020.2.2f1/Editor/Data/PlaybackEngines/WebGLSupport/UnityEditor.WebGL.Extensions.dll
Register platform support module: C:/Program Files/Unity/Hub/Editor/2020.2.2f1/Editor/Data/PlaybackEngines/MacStandaloneSupport/UnityEditor.OSXStandalone.Extensions.dll
Register platform support module: C:/Program Files/Unity/Hub/Editor/2020.2.2f1/Editor/Data/PlaybackEngines/WindowsStandaloneSupport/UnityEditor.WindowsStandalone.Extensions.dll
Register platform support module: C:/Program Files/Unity/Hub/Editor/2020.2.2f1/Editor/Data/PlaybackEngines/LinuxStandaloneSupport/UnityEditor.LinuxStandalone.Extensions.dll
Register platform support module: C:/Program Files/Unity/Hub/Editor/2020.2.2f1/Editor/Data/PlaybackEngines/LuminSupport/UnityEditor.Lumin.Extensions.dll
Registered in 0.004049 seconds.
Native extension for Lumin target not found
Native extension for LinuxStandalone target not found
Native extension for WindowsStandalone target not found
Native extension for OSXStandalone target not found
Native extension for WebGL target not found
Refreshing native plugins compatible for Editor in 25.53 ms, found 0 plugins.
Preloading 0 native plugins for Editor in 0.00 ms.
Invoked RoslynAnalysisRunner static constructor.
RoslynAnalysisRunner will not be running.
RoslynAnalysisRunner has terminated.
Mono: successfully reloaded assembly
- Completed reload, in  2.241 seconds
Platform modules already initialized, skipping
Registering precompiled user dll's ...
Registered in 0.000569 seconds.
Begin MonoManager ReloadAssembly
Native extension for Lumin target not found
Native extension for LinuxStandalone target not found
Native extension for WindowsStandalone target not found
Native extension for OSXStandalone target not found
Native extension for WebGL target not found
Refreshing native plugins compatible for Editor in 0.25 ms, found 0 plugins.
Preloading 0 native plugins for Editor in 0.00 ms.
Invoked RoslynAnalysisRunner static constructor.
RoslynAnalysisRunner will not be running.
RoslynAnalysisRunner has terminated.
Mono: successfully reloaded assembly
- Completed reload, in  1.009 seconds
Platform modules already initialized, skipping
========================================================================
Worker process is ready to serve import requests
Launched and connected shader compiler UnityShaderCompiler.exe after 0.10 seconds
Refreshing native plugins compatible for Editor in 0.23 ms, found 0 plugins.
Preloading 0 native plugins for Editor in 0.00 ms.
Unloading 1129 Unused Serialized files (Serialized files now loaded: 0)
System memory in use before: 59.5 MB.
System memory in use after: 59.5 MB.

Unloading 9 unused Assets to reduce memory usage. Loaded Objects now: 1573.
Total: 1.703800 ms (FindLiveObjects: 0.153600 ms CreateObjectMapping: 0.045600 ms MarkObjects: 1.357700 ms  DeleteObjects: 0.145700 ms)

========================================================================
Received Import Request.
  path: Assets/pause.jpg
  artifactKey: Guid(0508917bfdb9be3488da7d459fc207ad) Importer(815301076,1909f56bfc062723c751e8b465ee728b)
Start importing Assets/pause.jpg using Guid(0508917bfdb9be3488da7d459fc207ad) Importer(815301076,1909f56bfc062723c751e8b465ee728b)  -> (artifact id: 'ad063528c48981a2ca4e2dff9dcaafcb') in 0.123816 seconds
  Import took 0.126952 seconds .

========================================================================
Received Import Request.
  Time since last request: 164.910169 seconds.
  path: Assets/pause.jpg
  artifactKey: Guid(0508917bfdb9be3488da7d459fc207ad) Importer(815301076,1909f56bfc062723c751e8b465ee728b)
Start importing Assets/pause.jpg using Guid(0508917bfdb9be3488da7d459fc207ad) Importer(815301076,1909f56bfc062723c751e8b465ee728b)  -> (artifact id: '4d3766d5478395536d8c186a7dbe00c5') in 0.025637 seconds
  Import took 0.028677 seconds .

========================================================================
Received Import Request.
  Time since last request: 0.006253 seconds.
  path: Assets/pause.jpg
  artifactKey: Guid(0508917bfdb9be3488da7d459fc207ad) Importer(815301076,1909f56bfc062723c751e8b465ee728b)
Start importing Assets/pause.jpg using Guid(0508917bfdb9be3488da7d459fc207ad) Importer(815301076,1909f56bfc062723c751e8b465ee728b)  -> (artifact id: '4d3766d5478395536d8c186a7dbe00c5') in 0.014238 seconds
  Import took 0.017440 seconds .

========================================================================
Received Import Request.
  Time since last request: 24.456813 seconds.
  path: Assets/pause.png
  artifactKey: Guid(7f36942873ec558499256a4dccd04f66) Importer(815301076,1909f56bfc062723c751e8b465ee728b)
Start importing Assets/pause.png using Guid(7f36942873ec558499256a4dccd04f66) Importer(815301076,1909f56bfc062723c751e8b465ee728b)  -> (artifact id: 'b24e3680e1a35932b9f74958c5eb3162') in 0.026762 seconds
  Import took 0.029173 seconds .

========================================================================
Received Import Request.
  Time since last request: 0.001074 seconds.
  path: Assets/pause.png
  artifactKey: Guid(7f36942873ec558499256a4dccd04f66) Importer(815301076,1909f56bfc062723c751e8b465ee728b)
Start importing Assets/pause.png using Guid(7f36942873ec558499256a4dccd04f66) Importer(815301076,1909f56bfc062723c751e8b465ee728b)  -> (artifact id: 'b24e3680e1a35932b9f74958c5eb3162') in 0.016989 seconds
  Import took 0.020429 seconds .

========================================================================
Received Import Request.
  Time since last request: 40.928416 seconds.
  path: Assets/pause.png
  artifactKey: Guid(7f36942873ec558499256a4dccd04f66) Importer(815301076,1909f56bfc062723c751e8b465ee728b)
Start importing Assets/pause.png using Guid(7f36942873ec558499256a4dccd04f66) Importer(815301076,1909f56bfc062723c751e8b465ee728b)  -> (artifact id: '8385201c400ddf1a5ab3190581d3ea0d') in 0.057935 seconds
  Import took 0.060405 seconds .

========================================================================
Received Import Request.
  Time since last request: 19.428690 seconds.
  path: Assets/TextMesh Pro/Examples & Extras/Resources/Fonts & Materials/Anton SDF.asset
  artifactKey: Guid(8a89fa14b10d46a99122fd4f73fca9a2) Importer(815301076,1909f56bfc062723c751e8b465ee728b)
Start importing Assets/TextMesh Pro/Examples & Extras/Resources/Fonts & Materials/Anton SDF.asset using Guid(8a89fa14b10d46a99122fd4f73fca9a2) Importer(815301076,1909f56bfc062723c751e8b465ee728b)  -> (artifact id: 'd051b5347d66176e5cb5d907996c04be') in 0.110491 seconds
  Import took 0.113604 seconds .

========================================================================
Received Import Request.
  Time since last request: 0.008754 seconds.
  path: Assets/TextMesh Pro/Examples & Extras/Resources/Fonts & Materials/Anton SDF.asset
  artifactKey: Guid(8a89fa14b10d46a99122fd4f73fca9a2) Importer(815301076,1909f56bfc062723c751e8b465ee728b)
Start importing Assets/TextMesh Pro/Examples & Extras/Resources/Fonts & Materials/Anton SDF.asset using Guid(8a89fa14b10d46a99122fd4f73fca9a2) Importer(815301076,1909f56bfc062723c751e8b465ee728b)  -> (artifact id: 'd051b5347d66176e5cb5d907996c04be') in 0.095560 seconds
  Import took 0.098875 seconds .

========================================================================
Received Import Request.
  Time since last request: 1.439598 seconds.
  path: Assets/TextMesh Pro/Examples & Extras/Resources/Fonts & Materials/Bangers SDF.asset
  artifactKey: Guid(125cb55b44b24c4393181402bc6200e6) Importer(815301076,1909f56bfc062723c751e8b465ee728b)
Start importing Assets/TextMesh Pro/Examples & Extras/Resources/Fonts & Materials/Bangers SDF.asset using Guid(125cb55b44b24c4393181402bc6200e6) Importer(815301076,1909f56bfc062723c751e8b465ee728b)  -> (artifact id: 'e718559bccf3860e4021d522b7be91cb') in 0.035753 seconds
  Import took 0.038996 seconds .

========================================================================
Received Import Request.
  Time since last request: 0.407988 seconds.
  path: Assets/TextMesh Pro/Examples & Extras/Resources/Fonts & Materials/Electronic Highway Sign SDF.asset
  artifactKey: Guid(dc36b3fdc14f47ebb36fd484a67e268a) Importer(815301076,1909f56bfc062723c751e8b465ee728b)
Start importing Assets/TextMesh Pro/Examples & Extras/Resources/Fonts & Materials/Electronic Highway Sign SDF.asset using Guid(dc36b3fdc14f47ebb36fd484a67e268a) Importer(815301076,1909f56bfc062723c751e8b465ee728b)  -> (artifact id: '9fae5e781a3955bef796ffd1e0d45257') in 0.032432 seconds
  Import took 0.035015 seconds .

========================================================================
Received Import Request.
  Time since last request: 1.905657 seconds.
  path: Assets/TextMesh Pro/Resources/Fonts & Materials/LiberationSans SDF - Fallback.asset
  artifactKey: Guid(2e498d1c8094910479dc3e1b768306a4) Importer(815301076,1909f56bfc062723c751e8b465ee728b)
Start importing Assets/TextMesh Pro/Resources/Fonts & Materials/LiberationSans SDF - Fallback.asset using Guid(2e498d1c8094910479dc3e1b768306a4) Importer(815301076,1909f56bfc062723c751e8b465ee728b)  -> (artifact id: '660e4faf2e6537db760aaa51b72bd2ae') in 0.027710 seconds
  Import took 0.030076 seconds .

========================================================================
Received Import Request.
  Time since last request: 1.482676 seconds.
  path: Assets/TextMesh Pro/Examples & Extras/Resources/Fonts & Materials/Oswald Bold SDF.asset
  artifactKey: Guid(0161d805a3764c089bef00bfe00793f5) Importer(815301076,1909f56bfc062723c751e8b465ee728b)
Start importing Assets/TextMesh Pro/Examples & Extras/Resources/Fonts & Materials/Oswald Bold SDF.asset using Guid(0161d805a3764c089bef00bfe00793f5) Importer(815301076,1909f56bfc062723c751e8b465ee728b)  -> (artifact id: 'f1fe59309a3a511fd3ba0e5619ae9c81') in 0.099056 seconds
  Import took 0.102697 seconds .

========================================================================
Received Import Request.
  Time since last request: 0.000460 seconds.
  path: Assets/TextMesh Pro/Examples & Extras/Resources/Fonts & Materials/Roboto-Bold SDF.asset
  artifactKey: Guid(5302535af1044152a457ed104f1f4b91) Importer(815301076,1909f56bfc062723c751e8b465ee728b)
Start importing Assets/TextMesh Pro/Examples & Extras/Resources/Fonts & Materials/Roboto-Bold SDF.asset using Guid(5302535af1044152a457ed104f1f4b91) Importer(815301076,1909f56bfc062723c751e8b465ee728b)  -> (artifact id: '0b78735be3a04b218f73c961a7c1cb0e') in 0.045577 seconds
  Import took 0.049960 seconds .

========================================================================
Received Import Request.
  Time since last request: 0.176950 seconds.
  path: Assets/TextMesh Pro/Examples & Extras/Materials/Small Crate_diffuse.mat
  artifactKey: Guid(22262639920f43d6be32430e4e58350d) Importer(815301076,1909f56bfc062723c751e8b465ee728b)
Start importing Assets/TextMesh Pro/Examples & Extras/Materials/Small Crate_diffuse.mat using Guid(22262639920f43d6be32430e4e58350d) Importer(815301076,1909f56bfc062723c751e8b465ee728b)  -> (artifact id: '6b878387d5ebb1d773f5f0358ce32604') in 0.170109 seconds
  Import took 0.172804 seconds .

========================================================================
Received Import Request.
  Time since last request: 55.745145 seconds.
  path: Assets/New Material.mat
  artifactKey: Guid(1f5aff6234076fc428d9206c02587d9f) Importer(815301076,1909f56bfc062723c751e8b465ee728b)
Start importing Assets/New Material.mat using Guid(1f5aff6234076fc428d9206c02587d9f) Importer(815301076,1909f56bfc062723c751e8b465ee728b)  -> (artifact id: '2ee46126a1a26cd6933858102ec21756') in 0.023404 seconds
  Import took 0.026988 seconds .

========================================================================
Received Import Request.
  Time since last request: 805.963398 seconds.
  path: Assets/Scenes
  artifactKey: Guid(43f1d9d32dd325a4a94142f0ee794e3a) Importer(815301076,1909f56bfc062723c751e8b465ee728b)
Start importing Assets/Scenes using Guid(43f1d9d32dd325a4a94142f0ee794e3a) Importer(815301076,1909f56bfc062723c751e8b465ee728b)  -> (artifact id: '83dceb81ff9a9386eeeac4a03777f65b') in 0.012115 seconds
  Import took 0.016436 seconds .

========================================================================
Received Prepare
Registering precompiled user dll's ...
Registered in 0.000538 seconds.
Begin MonoManager ReloadAssembly
Native extension for Lumin target not found
Native extension for LinuxStandalone target not found
Native extension for WindowsStandalone target not found
Native extension for OSXStandalone target not found
Native extension for WebGL target not found
Refreshing native plugins compatible for Editor in 0.22 ms, found 0 plugins.
Preloading 0 native plugins for Editor in 0.00 ms.
Invoked RoslynAnalysisRunner static constructor.
RoslynAnalysisRunner will not be running.
RoslynAnalysisRunner has terminated.
Mono: successfully reloaded assembly
- Completed reload, in  0.920 seconds
Platform modules already initialized, skipping
Refreshing native plugins compatible for Editor in 0.21 ms, found 0 plugins.
Preloading 0 native plugins for Editor in 0.00 ms.
Unloading 1111 Unused Serialized files (Serialized files now loaded: 0)
System memory in use before: 62.9 MB.
System memory in use after: 63.0 MB.

Unloading 4 unused Assets to reduce memory usage. Loaded Objects now: 1620.
Total: 1.623900 ms (FindLiveObjects: 0.149300 ms CreateObjectMapping: 0.041000 ms MarkObjects: 1.370900 ms  DeleteObjects: 0.061700 ms)

========================================================================
Received Prepare
Registering precompiled user dll's ...
Registered in 0.001005 seconds.
Begin MonoManager ReloadAssembly
Native extension for Lumin target not found
Native extension for LinuxStandalone target not found
Native extension for WindowsStandalone target not found
Native extension for OSXStandalone target not found
Native extension for WebGL target not found
Refreshing native plugins compatible for Editor in 0.30 ms, found 0 plugins.
Preloading 0 native plugins for Editor in 0.00 ms.
Invoked RoslynAnalysisRunner static constructor.
RoslynAnalysisRunner will not be running.
RoslynAnalysisRunner has terminated.
Mono: successfully reloaded assembly
- Completed reload, in  0.857 seconds
Platform modules already initialized, skipping
Refreshing native plugins compatible for Editor in 0.23 ms, found 0 plugins.
Preloading 0 native plugins for Editor in 0.00 ms.
Unloading 1111 Unused Serialized files (Serialized files now loaded: 0)
System memory in use before: 63.1 MB.
System memory in use after: 63.2 MB.

Unloading 4 unused Assets to reduce memory usage. Loaded Objects now: 1622.
Total: 1.746400 ms (FindLiveObjects: 0.180100 ms CreateObjectMapping: 0.046000 ms MarkObjects: 1.460800 ms  DeleteObjects: 0.058300 ms)

========================================================================
Received Import Request.
  Time since last request: 924.146681 seconds.
  path: Assets/Scenes/SampleScene.unity
  artifactKey: Guid(9fc0d4010bbf28b4594072e72b8655ab) Importer(815301076,1909f56bfc062723c751e8b465ee728b)
Start importing Assets/Scenes/SampleScene.unity using Guid(9fc0d4010bbf28b4594072e72b8655ab) Importer(815301076,1909f56bfc062723c751e8b465ee728b)  -> (artifact id: 'c49b52870ac9c6d83aa9f62038182cde') in 0.022608 seconds
  Import took 0.025697 seconds .

========================================================================
Received Prepare
Registering precompiled user dll's ...
Registered in 0.000614 seconds.
Begin MonoManager ReloadAssembly
Native extension for Lumin target not found
Native extension for LinuxStandalone target not found
Native extension for WindowsStandalone target not found
Native extension for OSXStandalone target not found
Native extension for WebGL target not found
Refreshing native plugins compatible for Editor in 0.22 ms, found 0 plugins.
Preloading 0 native plugins for Editor in 0.00 ms.
Invoked RoslynAnalysisRunner static constructor.
RoslynAnalysisRunner will not be running.
RoslynAnalysisRunner has terminated.
Mono: successfully reloaded assembly
- Completed reload, in  0.880 seconds
Platform modules already initialized, skipping
Refreshing native plugins compatible for Editor in 0.31 ms, found 0 plugins.
Preloading 0 native plugins for Editor in 0.00 ms.
Unloading 1111 Unused Serialized files (Serialized files now loaded: 0)
System memory in use before: 63.8 MB.
System memory in use after: 63.8 MB.

Unloading 4 unused Assets to reduce memory usage. Loaded Objects now: 1624.
Total: 1.677700 ms (FindLiveObjects: 0.164800 ms CreateObjectMapping: 0.043400 ms MarkObjects: 1.405600 ms  DeleteObjects: 0.062600 ms)

========================================================================
Received Prepare
Registering precompiled user dll's ...
Registered in 0.000593 seconds.
Begin MonoManager ReloadAssembly
Native extension for Lumin target not found
Native extension for LinuxStandalone target not found
Native extension for WindowsStandalone target not found
Native extension for OSXStandalone target not found
Native extension for WebGL target not found
Refreshing native plugins compatible for Editor in 0.23 ms, found 0 plugins.
Preloading 0 native plugins for Editor in 0.00 ms.
Invoked RoslynAnalysisRunner static constructor.
RoslynAnalysisRunner will not be running.
RoslynAnalysisRunner has terminated.
Mono: successfully reloaded assembly
- Completed reload, in  0.821 seconds
Platform modules already initialized, skipping
Refreshing native plugins compatible for Editor in 0.21 ms, found 0 plugins.
Preloading 0 native plugins for Editor in 0.00 ms.
Unloading 1111 Unused Serialized files (Serialized files now loaded: 0)
System memory in use before: 64.2 MB.
System memory in use after: 64.2 MB.

Unloading 4 unused Assets to reduce memory usage. Loaded Objects now: 1626.
Total: 1.730100 ms (FindLiveObjects: 0.158100 ms CreateObjectMapping: 0.044300 ms MarkObjects: 1.472800 ms  DeleteObjects: 0.053900 ms)

AssetImportWorkerClient::OnTransportError - code=2 error=End of file
