Using pre-set license
Built from '2020.2/release' branch; Version is '2020.2.2f1 (068178b99f32) revision 426360'; Using compiler version '192528614'; Build Type 'Release'
OS: 'Windows 10 Home Single Language; OS build 18363.1379; Version 1909; 64bit' Language: 'tr' Physical Memory: 16025 MB
BatchMode: 1, IsHumanControllingUs: 0, StartBugReporterOnCrash: 0, Is64bit: 1, IsPro: 0

 COMMAND LINE ARGUMENTS:
C:\Program Files\Unity\Hub\Editor\2020.2.2f1\Editor\Unity.exe
-adb2
-batchMode
-noUpm
-name
AssetImportWorker0
-projectPath
D:/masaüstü/unity/projes/044_Parent,_Quit_Game,_Lerp,_MoveTowards - Kopya
-logFile
Logs/AssetImportWorker0.log
-srvPort
49854
Successfully changed project path to: D:/masaüstü/unity/projes/044_Parent,_Quit_Game,_Lerp,_MoveTowards - Kopya
D:/masaüstü/unity/projes/044_Parent,_Quit_Game,_Lerp,_MoveTowards - Kopya
Using Asset Import Pipeline V2.
Refreshing native plugins compatible for Editor in 23.40 ms, found 0 plugins.
Preloading 0 native plugins for Editor in 0.00 ms.
Initialize engine version: 2020.2.2f1 (068178b99f32)
[Subsystems] Discovering subsystems at path C:/Program Files/Unity/Hub/Editor/2020.2.2f1/Editor/Data/Resources/UnitySubsystems
[Subsystems] Discovering subsystems at path D:/masaüstü/unity/projes/044_Parent,_Quit_Game,_Lerp,_MoveTowards - Kopya/Assets
GfxDevice: creating device client; threaded=0
Direct3D:
    Version:  Direct3D 11.0 [level 11.1]
    Renderer: NVIDIA GeForce GTX 1050 (ID=0x1c8d)
    Vendor:   
    VRAM:     4019 MB
    Driver:   25.21.14.1634
Initialize mono
Mono path[0] = 'C:/Program Files/Unity/Hub/Editor/2020.2.2f1/Editor/Data/Managed'
Mono path[1] = 'C:/Program Files/Unity/Hub/Editor/2020.2.2f1/Editor/Data/MonoBleedingEdge/lib/mono/unityjit'
Mono config path = 'C:/Program Files/Unity/Hub/Editor/2020.2.2f1/Editor/Data/MonoBleedingEdge/etc'
Using monoOptions --debugger-agent=transport=dt_socket,embedding=1,server=y,suspend=n,address=127.0.0.1:56408
Begin MonoManager ReloadAssembly
Registering precompiled unity dll's ...
Register platform support module: C:/Program Files/Unity/Hub/Editor/2020.2.2f1/Editor/Data/PlaybackEngines/WebGLSupport/UnityEditor.WebGL.Extensions.dll
Register platform support module: C:/Program Files/Unity/Hub/Editor/2020.2.2f1/Editor/Data/PlaybackEngines/MacStandaloneSupport/UnityEditor.OSXStandalone.Extensions.dll
Register platform support module: C:/Program Files/Unity/Hub/Editor/2020.2.2f1/Editor/Data/PlaybackEngines/WindowsStandaloneSupport/UnityEditor.WindowsStandalone.Extensions.dll
Register platform support module: C:/Program Files/Unity/Hub/Editor/2020.2.2f1/Editor/Data/PlaybackEngines/LinuxStandaloneSupport/UnityEditor.LinuxStandalone.Extensions.dll
Register platform support module: C:/Program Files/Unity/Hub/Editor/2020.2.2f1/Editor/Data/PlaybackEngines/LuminSupport/UnityEditor.Lumin.Extensions.dll
Registered in 0.004084 seconds.
Native extension for Lumin target not found
Native extension for LinuxStandalone target not found
Native extension for WindowsStandalone target not found
Native extension for OSXStandalone target not found
Native extension for WebGL target not found
Refreshing native plugins compatible for Editor in 37.16 ms, found 0 plugins.
Preloading 0 native plugins for Editor in 0.00 ms.
Invoked RoslynAnalysisRunner static constructor.
RoslynAnalysisRunner will not be running.
RoslynAnalysisRunner has terminated.
Mono: successfully reloaded assembly
- Completed reload, in  2.259 seconds
Platform modules already initialized, skipping
Registering precompiled user dll's ...
Registered in 0.000837 seconds.
Begin MonoManager ReloadAssembly
Native extension for Lumin target not found
Native extension for LinuxStandalone target not found
Native extension for WindowsStandalone target not found
Native extension for OSXStandalone target not found
Native extension for WebGL target not found
Refreshing native plugins compatible for Editor in 0.34 ms, found 0 plugins.
Preloading 0 native plugins for Editor in 0.00 ms.
Invoked RoslynAnalysisRunner static constructor.
RoslynAnalysisRunner will not be running.
RoslynAnalysisRunner has terminated.
Mono: successfully reloaded assembly
- Completed reload, in  1.169 seconds
Platform modules already initialized, skipping
========================================================================
Worker process is ready to serve import requests
Launched and connected shader compiler UnityShaderCompiler.exe after 0.05 seconds
Refreshing native plugins compatible for Editor in 0.21 ms, found 0 plugins.
Preloading 0 native plugins for Editor in 0.00 ms.
Unloading 1074 Unused Serialized files (Serialized files now loaded: 0)
System memory in use before: 56.5 MB.
System memory in use after: 56.5 MB.

Unloading 9 unused Assets to reduce memory usage. Loaded Objects now: 1517.
Total: 2.657400 ms (FindLiveObjects: 0.160500 ms CreateObjectMapping: 0.047200 ms MarkObjects: 2.330600 ms  DeleteObjects: 0.117500 ms)

========================================================================
Received Import Request.
  path: Assets/Dusman.cs
  artifactKey: Guid(8a9955c23271e3c4f9ca59acddb7abcf) Importer(815301076,1909f56bfc062723c751e8b465ee728b)
Start importing Assets/Dusman.cs using Guid(8a9955c23271e3c4f9ca59acddb7abcf) Importer(815301076,1909f56bfc062723c751e8b465ee728b)  -> (artifact id: '225f0e3e81cb5878f1f6ad4f1838b1b0') in 0.042322 seconds
  Import took 0.045321 seconds .

========================================================================
Received Import Request.
  Time since last request: 145.010207 seconds.
  path: Assets/Dusman.cs
  artifactKey: Guid(8a9955c23271e3c4f9ca59acddb7abcf) Importer(815301076,1909f56bfc062723c751e8b465ee728b)
Start importing Assets/Dusman.cs using Guid(8a9955c23271e3c4f9ca59acddb7abcf) Importer(815301076,1909f56bfc062723c751e8b465ee728b)  -> (artifact id: 'f72ce25739dea865e976c6086e58b7cf') in 0.002772 seconds
  Import took 0.047983 seconds .

========================================================================
Received Import Request.
  Time since last request: 0.034728 seconds.
  path: Assets/Dusman.cs
  artifactKey: Guid(8a9955c23271e3c4f9ca59acddb7abcf) Importer(815301076,1909f56bfc062723c751e8b465ee728b)
Start importing Assets/Dusman.cs using Guid(8a9955c23271e3c4f9ca59acddb7abcf) Importer(815301076,1909f56bfc062723c751e8b465ee728b)  -> (artifact id: 'f72ce25739dea865e976c6086e58b7cf') in 0.003629 seconds
  Import took 0.006874 seconds .

========================================================================
Received Prepare
Registering precompiled user dll's ...
Registered in 0.000627 seconds.
Begin MonoManager ReloadAssembly
Native extension for Lumin target not found
Native extension for LinuxStandalone target not found
Native extension for WindowsStandalone target not found
Native extension for OSXStandalone target not found
Native extension for WebGL target not found
Refreshing native plugins compatible for Editor in 0.20 ms, found 0 plugins.
Preloading 0 native plugins for Editor in 0.00 ms.
Invoked RoslynAnalysisRunner static constructor.
RoslynAnalysisRunner will not be running.
RoslynAnalysisRunner has terminated.
Mono: successfully reloaded assembly
- Completed reload, in  0.970 seconds
Platform modules already initialized, skipping
Refreshing native plugins compatible for Editor in 0.22 ms, found 0 plugins.
Preloading 0 native plugins for Editor in 0.00 ms.
Unloading 1069 Unused Serialized files (Serialized files now loaded: 0)
System memory in use before: 56.5 MB.
System memory in use after: 56.6 MB.

Unloading 4 unused Assets to reduce memory usage. Loaded Objects now: 1519.
Total: 1.763300 ms (FindLiveObjects: 0.208900 ms CreateObjectMapping: 0.067600 ms MarkObjects: 1.430800 ms  DeleteObjects: 0.054900 ms)

========================================================================
Received Prepare
Registering precompiled user dll's ...
Registered in 0.001155 seconds.
Begin MonoManager ReloadAssembly
Native extension for Lumin target not found
Native extension for LinuxStandalone target not found
Native extension for WindowsStandalone target not found
Native extension for OSXStandalone target not found
Native extension for WebGL target not found
Refreshing native plugins compatible for Editor in 0.25 ms, found 0 plugins.
Preloading 0 native plugins for Editor in 0.00 ms.
Invoked RoslynAnalysisRunner static constructor.
RoslynAnalysisRunner will not be running.
RoslynAnalysisRunner has terminated.
Mono: successfully reloaded assembly
- Completed reload, in  1.165 seconds
Platform modules already initialized, skipping
Refreshing native plugins compatible for Editor in 0.22 ms, found 0 plugins.
Preloading 0 native plugins for Editor in 0.00 ms.
Unloading 1069 Unused Serialized files (Serialized files now loaded: 0)
System memory in use before: 56.7 MB.
System memory in use after: 56.8 MB.

Unloading 4 unused Assets to reduce memory usage. Loaded Objects now: 1521.
Total: 3.990900 ms (FindLiveObjects: 0.244100 ms CreateObjectMapping: 0.058800 ms MarkObjects: 3.574200 ms  DeleteObjects: 0.111600 ms)

========================================================================
Received Prepare
Registering precompiled user dll's ...
Registered in 0.000539 seconds.
Begin MonoManager ReloadAssembly
Native extension for Lumin target not found
Native extension for LinuxStandalone target not found
Native extension for WindowsStandalone target not found
Native extension for OSXStandalone target not found
Native extension for WebGL target not found
Refreshing native plugins compatible for Editor in 0.21 ms, found 0 plugins.
Preloading 0 native plugins for Editor in 0.00 ms.
Invoked RoslynAnalysisRunner static constructor.
RoslynAnalysisRunner will not be running.
RoslynAnalysisRunner has terminated.
Mono: successfully reloaded assembly
- Completed reload, in  0.886 seconds
Platform modules already initialized, skipping
Refreshing native plugins compatible for Editor in 0.20 ms, found 0 plugins.
Preloading 0 native plugins for Editor in 0.00 ms.
Unloading 1069 Unused Serialized files (Serialized files now loaded: 0)
System memory in use before: 56.9 MB.
System memory in use after: 57.0 MB.

Unloading 4 unused Assets to reduce memory usage. Loaded Objects now: 1523.
Total: 1.644300 ms (FindLiveObjects: 0.146400 ms CreateObjectMapping: 0.038800 ms MarkObjects: 1.409600 ms  DeleteObjects: 0.048400 ms)

========================================================================
Received Import Request.
  Time since last request: 58.051923 seconds.
  path: Assets/Dusman.cs
  artifactKey: Guid(8a9955c23271e3c4f9ca59acddb7abcf) Importer(815301076,1909f56bfc062723c751e8b465ee728b)
Start importing Assets/Dusman.cs using Guid(8a9955c23271e3c4f9ca59acddb7abcf) Importer(815301076,1909f56bfc062723c751e8b465ee728b)  -> (artifact id: '0ad978d7c1139b86138f46ff2a89265e') in 0.004383 seconds
  Import took 0.061732 seconds .

========================================================================
Received Import Request.
  Time since last request: 1.363970 seconds.
  path: Assets/Dusman.cs
  artifactKey: Guid(8a9955c23271e3c4f9ca59acddb7abcf) Importer(815301076,1909f56bfc062723c751e8b465ee728b)
Start importing Assets/Dusman.cs using Guid(8a9955c23271e3c4f9ca59acddb7abcf) Importer(815301076,1909f56bfc062723c751e8b465ee728b)  -> (artifact id: '0ad978d7c1139b86138f46ff2a89265e') in 0.002307 seconds
  Import took 0.004323 seconds .

========================================================================
Received Prepare
Registering precompiled user dll's ...
Registered in 0.001019 seconds.
Begin MonoManager ReloadAssembly
Native extension for Lumin target not found
Native extension for LinuxStandalone target not found
Native extension for WindowsStandalone target not found
Native extension for OSXStandalone target not found
Native extension for WebGL target not found
Refreshing native plugins compatible for Editor in 0.42 ms, found 0 plugins.
Preloading 0 native plugins for Editor in 0.00 ms.
Invoked RoslynAnalysisRunner static constructor.
RoslynAnalysisRunner will not be running.
RoslynAnalysisRunner has terminated.
Mono: successfully reloaded assembly
- Completed reload, in  1.122 seconds
Platform modules already initialized, skipping
Refreshing native plugins compatible for Editor in 0.24 ms, found 0 plugins.
Preloading 0 native plugins for Editor in 0.00 ms.
Unloading 1069 Unused Serialized files (Serialized files now loaded: 0)
System memory in use before: 57.1 MB.
System memory in use after: 57.2 MB.

Unloading 4 unused Assets to reduce memory usage. Loaded Objects now: 1525.
Total: 3.566100 ms (FindLiveObjects: 0.163400 ms CreateObjectMapping: 0.081600 ms MarkObjects: 3.262400 ms  DeleteObjects: 0.057000 ms)

AssetImportWorkerClient::OnTransportError - code=2 error=End of file
